This file contains any messages produced by compilers while
running configure, to aid debugging if configure makes a mistake.

It was created by b3270 configure 4.0, which was
generated by GNU Autoconf 2.68.  Invocation command line was

  $ ./configure --disable-option-checking --prefix=/usr/local --cache-file=/dev/null --srcdir=.

## --------- ##
## Platform. ##
## --------- ##

hostname = ubuntu
uname -m = x86_64
uname -r = 5.8.0-53-generic
uname -s = Linux
uname -v = #60~20.04.1-Ubuntu SMP Thu May 6 09:52:46 UTC 2021

/usr/bin/uname -p = x86_64
/bin/uname -X     = unknown

/bin/arch              = x86_64
/usr/bin/arch -k       = unknown
/usr/convex/getsysinfo = unknown
/usr/bin/hostinfo      = unknown
/bin/machine           = unknown
/usr/bin/oslevel       = unknown
/bin/universe          = unknown

PATH: /home/mainframe/.local/bin
PATH: /usr/local/sbin
PATH: /usr/local/bin
PATH: /usr/sbin
PATH: /usr/bin
PATH: /sbin
PATH: /bin
PATH: /usr/games
PATH: /usr/local/games
PATH: /snap/bin
PATH: /opt/mqm/bin/


## ----------- ##
## Core tests. ##
## ----------- ##

configure:2130: checking for a BSD-compatible install
configure:2198: result: /usr/bin/install -c
configure:2257: checking for gcc
configure:2273: found /usr/bin/gcc
configure:2284: result: gcc
configure:2513: checking for C compiler version
configure:2522: gcc --version >&5
gcc (Ubuntu 9.3.0-17ubuntu1~20.04) 9.3.0
Copyright (C) 2019 Free Software Foundation, Inc.
This is free software; see the source for copying conditions.  There is NO
warranty; not even for MERCHANTABILITY or FITNESS FOR A PARTICULAR PURPOSE.

configure:2533: $? = 0
configure:2522: gcc -v >&5
Using built-in specs.
COLLECT_GCC=gcc
COLLECT_LTO_WRAPPER=/usr/lib/gcc/x86_64-linux-gnu/9/lto-wrapper
OFFLOAD_TARGET_NAMES=nvptx-none:hsa
OFFLOAD_TARGET_DEFAULT=1
Target: x86_64-linux-gnu
Configured with: ../src/configure -v --with-pkgversion='Ubuntu 9.3.0-17ubuntu1~20.04' --with-bugurl=file:///usr/share/doc/gcc-9/README.Bugs --enable-languages=c,ada,c++,go,brig,d,fortran,objc,obj-c++,gm2 --prefix=/usr --with-gcc-major-version-only --program-suffix=-9 --program-prefix=x86_64-linux-gnu- --enable-shared --enable-linker-build-id --libexecdir=/usr/lib --without-included-gettext --enable-threads=posix --libdir=/usr/lib --enable-nls --enable-clocale=gnu --enable-libstdcxx-debug --enable-libstdcxx-time=yes --with-default-libstdcxx-abi=new --enable-gnu-unique-object --disable-vtable-verify --enable-plugin --enable-default-pie --with-system-zlib --with-target-system-zlib=auto --enable-objc-gc=auto --enable-multiarch --disable-werror --with-arch-32=i686 --with-abi=m64 --with-multilib-list=m32,m64,mx32 --enable-multilib --with-tune=generic --enable-offload-targets=nvptx-none=/build/gcc-9-HskZEa/gcc-9-9.3.0/debian/tmp-nvptx/usr,hsa --without-cuda-driver --enable-checking=release --build=x86_64-linux-gnu --host=x86_64-linux-gnu --target=x86_64-linux-gnu
Thread model: posix
gcc version 9.3.0 (Ubuntu 9.3.0-17ubuntu1~20.04) 
configure:2533: $? = 0
configure:2522: gcc -V >&5
gcc: error: unrecognized command line option '-V'
gcc: fatal error: no input files
compilation terminated.
configure:2533: $? = 1
configure:2522: gcc -qversion >&5
gcc: error: unrecognized command line option '-qversion'; did you mean '--version'?
gcc: fatal error: no input files
compilation terminated.
configure:2533: $? = 1
configure:2553: checking whether the C compiler works
configure:2575: gcc    conftest.c  >&5
configure:2579: $? = 0
configure:2627: result: yes
configure:2630: checking for C compiler default output file name
configure:2632: result: a.out
configure:2638: checking for suffix of executables
configure:2645: gcc -o conftest    conftest.c  >&5
configure:2649: $? = 0
configure:2671: result: 
configure:2693: checking whether we are cross compiling
configure:2701: gcc -o conftest    conftest.c  >&5
configure:2705: $? = 0
configure:2712: ./conftest
configure:2716: $? = 0
configure:2704: result: no
configure:2709: checking for suffix of object files
configure:2731: gcc -c   conftest.c >&5
configure:2735: $? = 0
configure:2756: result: o
configure:2760: checking whether we are using the GNU C compiler
configure:2779: gcc -c   conftest.c >&5
configure:2779: $? = 0
configure:2788: result: yes
configure:2797: checking whether gcc accepts -g
configure:2817: gcc -c -g  conftest.c >&5
configure:2817: $? = 0
configure:2858: result: yes
configure:2875: checking for gcc option to accept ISO C89
configure:2939: gcc  -c -g -O2  conftest.c >&5
configure:2939: $? = 0
configure:2952: result: none needed
configure:2978: checking build system type
configure:2992: result: x86_64-unknown-linux-gnu
configure:3012: checking host system type
configure:3025: result: x86_64-unknown-linux-gnu
configure:3064: checking for library containing forkpty
configure:3095: gcc -o conftest -g -O2  -D_POSIX_SOURCE  conftest.c  >&5
/usr/bin/ld: /tmp/ccSP7ixB.o: in function `main':
/home/mainframe/UTIL/patched_3270/b3270/conftest.c:20: undefined reference to `forkpty'
collect2: error: ld returned 1 exit status
configure:3095: $? = 1
configure: failed program was:
| /* confdefs.h */
| #define PACKAGE_NAME "b3270"
| #define PACKAGE_TARNAME "b3270"
| #define PACKAGE_VERSION "4.0"
| #define PACKAGE_STRING "b3270 4.0"
| #define PACKAGE_BUGREPORT ""
| #define PACKAGE_URL ""
| /* end confdefs.h.  */
| 
| /* Override any GCC internal prototype to avoid an error.
|    Use char because int might match the return type of a GCC
|    builtin and then its argument prototype would still apply.  */
| #ifdef __cplusplus
| extern "C"
| #endif
| char forkpty ();
| int
| main ()
| {
| return forkpty ();
|   ;
|   return 0;
| }
configure:3095: gcc -o conftest -g -O2  -D_POSIX_SOURCE  conftest.c -lutil   >&5
configure:3095: $? = 0
configure:3112: result: -lutil
configure:3122: checking for forkpty
configure:3122: gcc -o conftest -g -O2  -D_POSIX_SOURCE  conftest.c -lutil  >&5
configure:3122: $? = 0
configure:3122: result: yes
configure:3131: checking for library containing gethostbyname
configure:3162: gcc -o conftest -g -O2  -D_POSIX_SOURCE  conftest.c -lutil  >&5
configure:3162: $? = 0
configure:3179: result: none required
configure:3187: checking for library containing socket
configure:3218: gcc -o conftest -g -O2  -D_POSIX_SOURCE  conftest.c -lutil  >&5
configure:3218: $? = 0
configure:3235: result: none required
configure:3243: checking for library containing XML_ParserCreate
configure:3274: gcc -o conftest -g -O2  -D_POSIX_SOURCE  conftest.c -lutil  >&5
/usr/bin/ld: /tmp/ccolLvjX.o: in function `main':
/home/mainframe/UTIL/patched_3270/b3270/conftest.c:21: undefined reference to `XML_ParserCreate'
collect2: error: ld returned 1 exit status
configure:3274: $? = 1
configure: failed program was:
| /* confdefs.h */
| #define PACKAGE_NAME "b3270"
| #define PACKAGE_TARNAME "b3270"
| #define PACKAGE_VERSION "4.0"
| #define PACKAGE_STRING "b3270 4.0"
| #define PACKAGE_BUGREPORT ""
| #define PACKAGE_URL ""
| #define HAVE_FORKPTY 1
| /* end confdefs.h.  */
| 
| /* Override any GCC internal prototype to avoid an error.
|    Use char because int might match the return type of a GCC
|    builtin and then its argument prototype would still apply.  */
| #ifdef __cplusplus
| extern "C"
| #endif
| char XML_ParserCreate ();
| int
| main ()
| {
| return XML_ParserCreate ();
|   ;
|   return 0;
| }
configure:3274: gcc -o conftest -g -O2  -D_POSIX_SOURCE  conftest.c -lexpat  -lutil  >&5
configure:3274: $? = 0
configure:3291: result: -lexpat
configure:3307: checking how to run the C preprocessor
configure:3338: gcc -E  -D_POSIX_SOURCE conftest.c
configure:3338: $? = 0
configure:3352: gcc -E  -D_POSIX_SOURCE conftest.c
conftest.c:10:10: fatal error: ac_nonexistent.h: No such file or directory
   10 | #include <ac_nonexistent.h>
      |          ^~~~~~~~~~~~~~~~~~
compilation terminated.
configure:3352: $? = 1
configure: failed program was:
| /* confdefs.h */
| #define PACKAGE_NAME "b3270"
| #define PACKAGE_TARNAME "b3270"
| #define PACKAGE_VERSION "4.0"
| #define PACKAGE_STRING "b3270 4.0"
| #define PACKAGE_BUGREPORT ""
| #define PACKAGE_URL ""
| #define HAVE_FORKPTY 1
| /* end confdefs.h.  */
| #include <ac_nonexistent.h>
configure:3377: result: gcc -E
configure:3397: gcc -E  -D_POSIX_SOURCE conftest.c
configure:3397: $? = 0
configure:3411: gcc -E  -D_POSIX_SOURCE conftest.c
conftest.c:10:10: fatal error: ac_nonexistent.h: No such file or directory
   10 | #include <ac_nonexistent.h>
      |          ^~~~~~~~~~~~~~~~~~
compilation terminated.
configure:3411: $? = 1
configure: failed program was:
| /* confdefs.h */
| #define PACKAGE_NAME "b3270"
| #define PACKAGE_TARNAME "b3270"
| #define PACKAGE_VERSION "4.0"
| #define PACKAGE_STRING "b3270 4.0"
| #define PACKAGE_BUGREPORT ""
| #define PACKAGE_URL ""
| #define HAVE_FORKPTY 1
| /* end confdefs.h.  */
| #include <ac_nonexistent.h>
configure:3440: checking for grep that handles long lines and -e
configure:3498: result: /usr/bin/grep
configure:3503: checking for egrep
configure:3565: result: /usr/bin/grep -E
configure:3570: checking for ANSI C header files
configure:3590: gcc -c -g -O2  -D_POSIX_SOURCE conftest.c >&5
configure:3590: $? = 0
configure:3663: gcc -o conftest -g -O2  -D_POSIX_SOURCE  conftest.c -lexpat -lutil  >&5
configure:3663: $? = 0
configure:3663: ./conftest
configure:3663: $? = 0
configure:3674: result: yes
configure:3687: checking for sys/types.h
configure:3687: gcc -c -g -O2  -D_POSIX_SOURCE conftest.c >&5
configure:3687: $? = 0
configure:3687: result: yes
configure:3687: checking for sys/stat.h
configure:3687: gcc -c -g -O2  -D_POSIX_SOURCE conftest.c >&5
configure:3687: $? = 0
configure:3687: result: yes
configure:3687: checking for stdlib.h
configure:3687: gcc -c -g -O2  -D_POSIX_SOURCE conftest.c >&5
configure:3687: $? = 0
configure:3687: result: yes
configure:3687: checking for string.h
configure:3687: gcc -c -g -O2  -D_POSIX_SOURCE conftest.c >&5
configure:3687: $? = 0
configure:3687: result: yes
configure:3687: checking for memory.h
configure:3687: gcc -c -g -O2  -D_POSIX_SOURCE conftest.c >&5
configure:3687: $? = 0
configure:3687: result: yes
configure:3687: checking for strings.h
configure:3687: gcc -c -g -O2  -D_POSIX_SOURCE conftest.c >&5
configure:3687: $? = 0
configure:3687: result: yes
configure:3687: checking for inttypes.h
configure:3687: gcc -c -g -O2  -D_POSIX_SOURCE conftest.c >&5
configure:3687: $? = 0
configure:3687: result: yes
configure:3687: checking for stdint.h
configure:3687: gcc -c -g -O2  -D_POSIX_SOURCE conftest.c >&5
configure:3687: $? = 0
configure:3687: result: yes
configure:3687: checking for unistd.h
configure:3687: gcc -c -g -O2  -D_POSIX_SOURCE conftest.c >&5
configure:3687: $? = 0
configure:3687: result: yes
configure:3701: checking sys/select.h usability
configure:3701: gcc -c -g -O2  -D_POSIX_SOURCE conftest.c >&5
configure:3701: $? = 0
configure:3701: result: yes
configure:3701: checking sys/select.h presence
configure:3701: gcc -E  -D_POSIX_SOURCE conftest.c
configure:3701: $? = 0
configure:3701: result: yes
configure:3701: checking for sys/select.h
configure:3701: result: yes
configure:3713: checking pty.h usability
configure:3713: gcc -c -g -O2  -D_POSIX_SOURCE conftest.c >&5
configure:3713: $? = 0
configure:3713: result: yes
configure:3713: checking pty.h presence
configure:3713: gcc -E  -D_POSIX_SOURCE conftest.c
configure:3713: $? = 0
configure:3713: result: yes
configure:3713: checking for pty.h
configure:3713: result: yes
configure:3725: checking libutil.h usability
configure:3725: gcc -c -g -O2  -D_POSIX_SOURCE conftest.c >&5
conftest.c:55:10: fatal error: libutil.h: No such file or directory
   55 | #include <libutil.h>
      |          ^~~~~~~~~~~
compilation terminated.
configure:3725: $? = 1
configure: failed program was:
| /* confdefs.h */
| #define PACKAGE_NAME "b3270"
| #define PACKAGE_TARNAME "b3270"
| #define PACKAGE_VERSION "4.0"
| #define PACKAGE_STRING "b3270 4.0"
| #define PACKAGE_BUGREPORT ""
| #define PACKAGE_URL ""
| #define HAVE_FORKPTY 1
| #define STDC_HEADERS 1
| #define HAVE_SYS_TYPES_H 1
| #define HAVE_SYS_STAT_H 1
| #define HAVE_STDLIB_H 1
| #define HAVE_STRING_H 1
| #define HAVE_MEMORY_H 1
| #define HAVE_STRINGS_H 1
| #define HAVE_INTTYPES_H 1
| #define HAVE_STDINT_H 1
| #define HAVE_UNISTD_H 1
| #define HAVE_SYS_SELECT_H 1
| #define HAVE_PTY_H 1
| /* end confdefs.h.  */
| #include <stdio.h>
| #ifdef HAVE_SYS_TYPES_H
| # include <sys/types.h>
| #endif
| #ifdef HAVE_SYS_STAT_H
| # include <sys/stat.h>
| #endif
| #ifdef STDC_HEADERS
| # include <stdlib.h>
| # include <stddef.h>
| #else
| # ifdef HAVE_STDLIB_H
| #  include <stdlib.h>
| # endif
| #endif
| #ifdef HAVE_STRING_H
| # if !defined STDC_HEADERS && defined HAVE_MEMORY_H
| #  include <memory.h>
| # endif
| # include <string.h>
| #endif
| #ifdef HAVE_STRINGS_H
| # include <strings.h>
| #endif
| #ifdef HAVE_INTTYPES_H
| # include <inttypes.h>
| #endif
| #ifdef HAVE_STDINT_H
| # include <stdint.h>
| #endif
| #ifdef HAVE_UNISTD_H
| # include <unistd.h>
| #endif
| #include <libutil.h>
configure:3725: result: no
configure:3725: checking libutil.h presence
configure:3725: gcc -E  -D_POSIX_SOURCE conftest.c
conftest.c:22:10: fatal error: libutil.h: No such file or directory
   22 | #include <libutil.h>
      |          ^~~~~~~~~~~
compilation terminated.
configure:3725: $? = 1
configure: failed program was:
| /* confdefs.h */
| #define PACKAGE_NAME "b3270"
| #define PACKAGE_TARNAME "b3270"
| #define PACKAGE_VERSION "4.0"
| #define PACKAGE_STRING "b3270 4.0"
| #define PACKAGE_BUGREPORT ""
| #define PACKAGE_URL ""
| #define HAVE_FORKPTY 1
| #define STDC_HEADERS 1
| #define HAVE_SYS_TYPES_H 1
| #define HAVE_SYS_STAT_H 1
| #define HAVE_STDLIB_H 1
| #define HAVE_STRING_H 1
| #define HAVE_MEMORY_H 1
| #define HAVE_STRINGS_H 1
| #define HAVE_INTTYPES_H 1
| #define HAVE_STDINT_H 1
| #define HAVE_UNISTD_H 1
| #define HAVE_SYS_SELECT_H 1
| #define HAVE_PTY_H 1
| /* end confdefs.h.  */
| #include <libutil.h>
configure:3725: result: no
configure:3725: checking for libutil.h
configure:3725: result: no
configure:3737: checking util.h usability
configure:3737: gcc -c -g -O2  -D_POSIX_SOURCE conftest.c >&5
conftest.c:55:10: fatal error: util.h: No such file or directory
   55 | #include <util.h>
      |          ^~~~~~~~
compilation terminated.
configure:3737: $? = 1
configure: failed program was:
| /* confdefs.h */
| #define PACKAGE_NAME "b3270"
| #define PACKAGE_TARNAME "b3270"
| #define PACKAGE_VERSION "4.0"
| #define PACKAGE_STRING "b3270 4.0"
| #define PACKAGE_BUGREPORT ""
| #define PACKAGE_URL ""
| #define HAVE_FORKPTY 1
| #define STDC_HEADERS 1
| #define HAVE_SYS_TYPES_H 1
| #define HAVE_SYS_STAT_H 1
| #define HAVE_STDLIB_H 1
| #define HAVE_STRING_H 1
| #define HAVE_MEMORY_H 1
| #define HAVE_STRINGS_H 1
| #define HAVE_INTTYPES_H 1
| #define HAVE_STDINT_H 1
| #define HAVE_UNISTD_H 1
| #define HAVE_SYS_SELECT_H 1
| #define HAVE_PTY_H 1
| /* end confdefs.h.  */
| #include <stdio.h>
| #ifdef HAVE_SYS_TYPES_H
| # include <sys/types.h>
| #endif
| #ifdef HAVE_SYS_STAT_H
| # include <sys/stat.h>
| #endif
| #ifdef STDC_HEADERS
| # include <stdlib.h>
| # include <stddef.h>
| #else
| # ifdef HAVE_STDLIB_H
| #  include <stdlib.h>
| # endif
| #endif
| #ifdef HAVE_STRING_H
| # if !defined STDC_HEADERS && defined HAVE_MEMORY_H
| #  include <memory.h>
| # endif
| # include <string.h>
| #endif
| #ifdef HAVE_STRINGS_H
| # include <strings.h>
| #endif
| #ifdef HAVE_INTTYPES_H
| # include <inttypes.h>
| #endif
| #ifdef HAVE_STDINT_H
| # include <stdint.h>
| #endif
| #ifdef HAVE_UNISTD_H
| # include <unistd.h>
| #endif
| #include <util.h>
configure:3737: result: no
configure:3737: checking util.h presence
configure:3737: gcc -E  -D_POSIX_SOURCE conftest.c
conftest.c:22:10: fatal error: util.h: No such file or directory
   22 | #include <util.h>
      |          ^~~~~~~~
compilation terminated.
configure:3737: $? = 1
configure: failed program was:
| /* confdefs.h */
| #define PACKAGE_NAME "b3270"
| #define PACKAGE_TARNAME "b3270"
| #define PACKAGE_VERSION "4.0"
| #define PACKAGE_STRING "b3270 4.0"
| #define PACKAGE_BUGREPORT ""
| #define PACKAGE_URL ""
| #define HAVE_FORKPTY 1
| #define STDC_HEADERS 1
| #define HAVE_SYS_TYPES_H 1
| #define HAVE_SYS_STAT_H 1
| #define HAVE_STDLIB_H 1
| #define HAVE_STRING_H 1
| #define HAVE_MEMORY_H 1
| #define HAVE_STRINGS_H 1
| #define HAVE_INTTYPES_H 1
| #define HAVE_STDINT_H 1
| #define HAVE_UNISTD_H 1
| #define HAVE_SYS_SELECT_H 1
| #define HAVE_PTY_H 1
| /* end confdefs.h.  */
| #include <util.h>
configure:3737: result: no
configure:3737: checking for util.h
configure:3737: result: no
configure:3749: checking getopt.h usability
configure:3749: gcc -c -g -O2  -D_POSIX_SOURCE conftest.c >&5
configure:3749: $? = 0
configure:3749: result: yes
configure:3749: checking getopt.h presence
configure:3749: gcc -E  -D_POSIX_SOURCE conftest.c
configure:3749: $? = 0
configure:3749: result: yes
configure:3749: checking for getopt.h
configure:3749: result: yes
configure:3761: checking expat.h usability
configure:3761: gcc -c -g -O2  -D_POSIX_SOURCE conftest.c >&5
configure:3761: $? = 0
configure:3761: result: yes
configure:3761: checking expat.h presence
configure:3761: gcc -E  -D_POSIX_SOURCE conftest.c
configure:3761: $? = 0
configure:3761: result: yes
configure:3761: checking for expat.h
configure:3761: result: yes
configure:3776: checking for vasprintf
configure:3776: gcc -o conftest -g -O2  -D_POSIX_SOURCE  conftest.c -lexpat -lutil  >&5
configure:3776: $? = 0
configure:3776: result: yes
configure:3785: checking for _LARGEFILE_SOURCE value needed for large files
configure:3804: gcc -o conftest -g -O2  -D_POSIX_SOURCE  conftest.c -lexpat -lutil  >&5
conftest.c: In function 'main':
conftest.c:30:34: error: 'fseeko' undeclared (first use in this function); did you mean 'fseek'?
   30 | int (*fp) (FILE *, off_t, int) = fseeko;
      |                                  ^~~~~~
      |                                  fseek
conftest.c:30:34: note: each undeclared identifier is reported only once for each function it appears in
conftest.c:31:13: warning: implicit declaration of function 'fseeko'; did you mean 'fseek'? [-Wimplicit-function-declaration]
   31 |      return fseeko (stdin, 0, 0) && fp (stdin, 0, 0);
      |             ^~~~~~
      |             fseek
configure:3804: $? = 1
configure: failed program was:
| /* confdefs.h */
| #define PACKAGE_NAME "b3270"
| #define PACKAGE_TARNAME "b3270"
| #define PACKAGE_VERSION "4.0"
| #define PACKAGE_STRING "b3270 4.0"
| #define PACKAGE_BUGREPORT ""
| #define PACKAGE_URL ""
| #define HAVE_FORKPTY 1
| #define STDC_HEADERS 1
| #define HAVE_SYS_TYPES_H 1
| #define HAVE_SYS_STAT_H 1
| #define HAVE_STDLIB_H 1
| #define HAVE_STRING_H 1
| #define HAVE_MEMORY_H 1
| #define HAVE_STRINGS_H 1
| #define HAVE_INTTYPES_H 1
| #define HAVE_STDINT_H 1
| #define HAVE_UNISTD_H 1
| #define HAVE_SYS_SELECT_H 1
| #define HAVE_PTY_H 1
| #define HAVE_GETOPT_H 1
| #define HAVE_EXPAT_H 1
| #define HAVE_VASPRINTF 1
| /* end confdefs.h.  */
| #include <sys/types.h> /* for off_t */
|      #include <stdio.h>
| int
| main ()
| {
| int (*fp) (FILE *, off_t, int) = fseeko;
|      return fseeko (stdin, 0, 0) && fp (stdin, 0, 0);
|   ;
|   return 0;
| }
configure:3823: gcc -o conftest -g -O2  -D_POSIX_SOURCE  conftest.c -lexpat -lutil  >&5
configure:3823: $? = 0
configure:3832: result: 1
configure:3997: creating ./config.status

## ---------------------- ##
## Running config.status. ##
## ---------------------- ##

This file was extended by b3270 config.status 4.0, which was
generated by GNU Autoconf 2.68.  Invocation command line was

  CONFIG_FILES    = 
  CONFIG_HEADERS  = 
  CONFIG_LINKS    = 
  CONFIG_COMMANDS = 
  $ ./config.status 

on ubuntu

config.status:832: creating Makefile
config.status:832: creating Makefile.obj
config.status:832: creating conf.h
config.status:1007: conf.h is unchanged

## ---------------- ##
## Cache variables. ##
## ---------------- ##

ac_cv_build=x86_64-unknown-linux-gnu
ac_cv_c_compiler_gnu=yes
ac_cv_env_CC_set=
ac_cv_env_CC_value=
ac_cv_env_CFLAGS_set=
ac_cv_env_CFLAGS_value=
ac_cv_env_CPPFLAGS_set=
ac_cv_env_CPPFLAGS_value=
ac_cv_env_CPP_set=
ac_cv_env_CPP_value=
ac_cv_env_LDFLAGS_set=
ac_cv_env_LDFLAGS_value=
ac_cv_env_LIBS_set=
ac_cv_env_LIBS_value=
ac_cv_env_build_alias_set=
ac_cv_env_build_alias_value=
ac_cv_env_host_alias_set=
ac_cv_env_host_alias_value=
ac_cv_env_target_alias_set=
ac_cv_env_target_alias_value=
ac_cv_func_forkpty=yes
ac_cv_func_vasprintf=yes
ac_cv_header_expat_h=yes
ac_cv_header_getopt_h=yes
ac_cv_header_inttypes_h=yes
ac_cv_header_libutil_h=no
ac_cv_header_memory_h=yes
ac_cv_header_pty_h=yes
ac_cv_header_stdc=yes
ac_cv_header_stdint_h=yes
ac_cv_header_stdlib_h=yes
ac_cv_header_string_h=yes
ac_cv_header_strings_h=yes
ac_cv_header_sys_select_h=yes
ac_cv_header_sys_stat_h=yes
ac_cv_header_sys_types_h=yes
ac_cv_header_unistd_h=yes
ac_cv_header_util_h=no
ac_cv_host=x86_64-unknown-linux-gnu
ac_cv_objext=o
ac_cv_path_EGREP='/usr/bin/grep -E'
ac_cv_path_GREP=/usr/bin/grep
ac_cv_path_install='/usr/bin/install -c'
ac_cv_prog_CPP='gcc -E'
ac_cv_prog_ac_ct_CC=gcc
ac_cv_prog_cc_c89=
ac_cv_prog_cc_g=yes
ac_cv_search_XML_ParserCreate=-lexpat
ac_cv_search_forkpty=-lutil
ac_cv_search_gethostbyname='none required'
ac_cv_search_socket='none required'
ac_cv_sys_largefile_source=1

## ----------------- ##
## Output variables. ##
## ----------------- ##

CC='gcc'
CCOPTIONS=' -Wall -Wsign-compare -std=c99 -pedantic -Wno-variadic-macros -MMD -MP'
CFLAGS='-g -O2'
CPP='gcc -E'
CPPFLAGS=' -D_POSIX_SOURCE'
DEFS='-DHAVE_CONFIG_H'
ECHO_C=''
ECHO_N='-n'
ECHO_T=''
EGREP='/usr/bin/grep -E'
EXEEXT=''
GREP='/usr/bin/grep'
HSOPTS=''
INSTALL_DATA='${INSTALL} -m 644'
INSTALL_PROGRAM='${INSTALL}'
INSTALL_SCRIPT='${INSTALL}'
LDFLAGS=''
LIBOBJS=''
LIBS='-lexpat -lutil '
LIBX3270DIR='${sysconfdir}/x3270'
LTLIBOBJS=''
OBJEXT='o'
PACKAGE_BUGREPORT=''
PACKAGE_NAME='b3270'
PACKAGE_STRING='b3270 4.0'
PACKAGE_TARNAME='b3270'
PACKAGE_URL=''
PACKAGE_VERSION='4.0'
PATH_SEPARATOR=':'
SHELL='/bin/bash'
ac_ct_CC='gcc'
bindir='${exec_prefix}/bin'
build='x86_64-unknown-linux-gnu'
build_alias=''
build_cpu='x86_64'
build_os='linux-gnu'
build_vendor='unknown'
datadir='${datarootdir}'
datarootdir='${prefix}/share'
docdir='${datarootdir}/doc/${PACKAGE_TARNAME}'
dvidir='${docdir}'
exec_prefix='${prefix}'
host='x86_64-unknown-linux-gnu'
host_alias=''
host_cpu='x86_64'
host_os='linux-gnu'
host_vendor='unknown'
htmldir='${docdir}'
includedir='${prefix}/include'
infodir='${datarootdir}/info'
libdir='${exec_prefix}/lib'
libexecdir='${exec_prefix}/libexec'
localedir='${datarootdir}/locale'
localstatedir='${prefix}/var'
mandir='${datarootdir}/man'
oldincludedir='/usr/include'
pdfdir='${docdir}'
prefix='/usr/local'
program_transform_name='s,x,x,'
psdir='${docdir}'
sbindir='${exec_prefix}/sbin'
sharedstatedir='${prefix}/com'
sysconfdir='${prefix}/etc'
target_alias=''

## ----------- ##
## confdefs.h. ##
## ----------- ##

/* confdefs.h */
#define PACKAGE_NAME "b3270"
#define PACKAGE_TARNAME "b3270"
#define PACKAGE_VERSION "4.0"
#define PACKAGE_STRING "b3270 4.0"
#define PACKAGE_BUGREPORT ""
#define PACKAGE_URL ""
#define HAVE_FORKPTY 1
#define STDC_HEADERS 1
#define HAVE_SYS_TYPES_H 1
#define HAVE_SYS_STAT_H 1
#define HAVE_STDLIB_H 1
#define HAVE_STRING_H 1
#define HAVE_MEMORY_H 1
#define HAVE_STRINGS_H 1
#define HAVE_INTTYPES_H 1
#define HAVE_STDINT_H 1
#define HAVE_UNISTD_H 1
#define HAVE_SYS_SELECT_H 1
#define HAVE_PTY_H 1
#define HAVE_GETOPT_H 1
#define HAVE_EXPAT_H 1
#define HAVE_VASPRINTF 1
#define _LARGEFILE_SOURCE 1
#define HAVE_FSEEKO 1
#define X3270_DBCS 1
#define X3270_LOCAL_PROCESS 1
#define X3270_IPV6 1

configure: exit 0
