This file contains any messages produced by compilers while
running configure, to aid debugging if configure makes a mistake.

It was created by pr3287 configure 4.0, which was
generated by GNU Autoconf 2.68.  Invocation command line was

  $ ./configure --disable-option-checking --prefix=/usr/local --cache-file=/dev/null --srcdir=.

## --------- ##
## Platform. ##
## --------- ##

hostname = ubuntu
uname -m = x86_64
uname -r = 5.8.0-18-generic
uname -s = Linux
uname -v = #19-Ubuntu SMP Wed Aug 26 15:26:32 UTC 2020

/usr/bin/uname -p = x86_64
/bin/uname -X     = unknown

/bin/arch              = x86_64
/usr/bin/arch -k       = unknown
/usr/convex/getsysinfo = unknown
/usr/bin/hostinfo      = unknown
/bin/machine           = unknown
/usr/bin/oslevel       = unknown
/bin/universe          = unknown

PATH: /usr/local/sbin
PATH: /usr/local/bin
PATH: /usr/sbin
PATH: /usr/bin
PATH: /sbin
PATH: /bin
PATH: /usr/games
PATH: /usr/local/games
PATH: /snap/bin
PATH: /opt/mqm/bin
PATH: /opt/mqm/samp/bin
PATH: /opt/ibm/db2/V11.5/bin
PATH: /opt/mqm/bin
PATH: /opt/mqm/samp/bin
PATH: /opt/ibm/db2/V11.5/bin


## ----------- ##
## Core tests. ##
## ----------- ##

configure:2133: checking for a BSD-compatible install
configure:2201: result: /usr/bin/install -c
configure:2260: checking for gcc
configure:2276: found /usr/bin/gcc
configure:2287: result: gcc
configure:2516: checking for C compiler version
configure:2525: gcc --version >&5
gcc (Ubuntu 10.2.0-6ubuntu1) 10.2.0
Copyright (C) 2020 Free Software Foundation, Inc.
This is free software; see the source for copying conditions.  There is NO
warranty; not even for MERCHANTABILITY or FITNESS FOR A PARTICULAR PURPOSE.

configure:2536: $? = 0
configure:2525: gcc -v >&5
Using built-in specs.
COLLECT_GCC=gcc
COLLECT_LTO_WRAPPER=/usr/lib/gcc/x86_64-linux-gnu/10/lto-wrapper
OFFLOAD_TARGET_NAMES=nvptx-none:amdgcn-amdhsa:hsa
OFFLOAD_TARGET_DEFAULT=1
Target: x86_64-linux-gnu
Configured with: ../src/configure -v --with-pkgversion='Ubuntu 10.2.0-6ubuntu1' --with-bugurl=file:///usr/share/doc/gcc-10/README.Bugs --enable-languages=c,ada,c++,go,brig,d,fortran,objc,obj-c++,m2 --prefix=/usr --with-gcc-major-version-only --program-suffix=-10 --program-prefix=x86_64-linux-gnu- --enable-shared --enable-linker-build-id --libexecdir=/usr/lib --without-included-gettext --enable-threads=posix --libdir=/usr/lib --enable-nls --enable-clocale=gnu --enable-libstdcxx-debug --enable-libstdcxx-time=yes --with-default-libstdcxx-abi=new --enable-gnu-unique-object --disable-vtable-verify --enable-plugin --enable-default-pie --with-system-zlib --enable-libphobos-checking=release --with-target-system-zlib=auto --enable-objc-gc=auto --enable-multiarch --disable-werror --with-arch-32=i686 --with-abi=m64 --with-multilib-list=m32,m64,mx32 --enable-multilib --with-tune=generic --enable-offload-targets=nvptx-none=/build/gcc-10-qSk1lX/gcc-10-10.2.0/debian/tmp-nvptx/usr,amdgcn-amdhsa=/build/gcc-10-qSk1lX/gcc-10-10.2.0/debian/tmp-gcn/usr,hsa --without-cuda-driver --enable-checking=release --build=x86_64-linux-gnu --host=x86_64-linux-gnu --target=x86_64-linux-gnu
Thread model: posix
Supported LTO compression algorithms: zlib zstd
gcc version 10.2.0 (Ubuntu 10.2.0-6ubuntu1) 
... rest of stderr output deleted ...
configure:2536: $? = 0
configure:2525: gcc -V >&5
gcc: error: unrecognized command-line option '-V'
gcc: fatal error: no input files
compilation terminated.
configure:2536: $? = 1
configure:2525: gcc -qversion >&5
gcc: error: unrecognized command-line option '-qversion'; did you mean '--version'?
gcc: fatal error: no input files
compilation terminated.
configure:2536: $? = 1
configure:2556: checking whether the C compiler works
configure:2578: gcc    conftest.c  >&5
configure:2582: $? = 0
configure:2630: result: yes
configure:2633: checking for C compiler default output file name
configure:2635: result: a.out
configure:2641: checking for suffix of executables
configure:2648: gcc -o conftest    conftest.c  >&5
configure:2652: $? = 0
configure:2674: result: 
configure:2696: checking whether we are cross compiling
configure:2704: gcc -o conftest    conftest.c  >&5
configure:2708: $? = 0
configure:2715: ./conftest
configure:2719: $? = 0
configure:2707: result: no
configure:2712: checking for suffix of object files
configure:2734: gcc -c   conftest.c >&5
configure:2738: $? = 0
configure:2759: result: o
configure:2763: checking whether we are using the GNU C compiler
configure:2782: gcc -c   conftest.c >&5
configure:2782: $? = 0
configure:2791: result: yes
configure:2800: checking whether gcc accepts -g
configure:2820: gcc -c -g  conftest.c >&5
configure:2820: $? = 0
configure:2861: result: yes
configure:2878: checking for gcc option to accept ISO C89
configure:2942: gcc  -c -g -O2  conftest.c >&5
configure:2942: $? = 0
configure:2955: result: none needed
configure:2980: checking build system type
configure:2994: result: x86_64-unknown-linux-gnu
configure:3014: checking host system type
configure:3027: result: x86_64-unknown-linux-gnu
configure:3066: checking for library containing gethostbyname
configure:3097: gcc -o conftest -g -O2 -D_BSD_SOURCE -D_DEFAULT_SOURCE -D_POSIX_SOURCE -D_XOPEN_SOURCE  conftest.c  >&5
configure:3097: $? = 0
configure:3114: result: none required
configure:3122: checking for library containing socket
configure:3153: gcc -o conftest -g -O2 -D_BSD_SOURCE -D_DEFAULT_SOURCE -D_POSIX_SOURCE -D_XOPEN_SOURCE  conftest.c  >&5
configure:3153: $? = 0
configure:3170: result: none required
configure:3184: checking how to run the C preprocessor
configure:3215: gcc -E -D_BSD_SOURCE -D_DEFAULT_SOURCE -D_POSIX_SOURCE -D_XOPEN_SOURCE conftest.c
configure:3215: $? = 0
configure:3229: gcc -E -D_BSD_SOURCE -D_DEFAULT_SOURCE -D_POSIX_SOURCE -D_XOPEN_SOURCE conftest.c
conftest.c:9:10: fatal error: ac_nonexistent.h: No such file or directory
    9 | #include <ac_nonexistent.h>
      |          ^~~~~~~~~~~~~~~~~~
compilation terminated.
configure:3229: $? = 1
configure: failed program was:
| /* confdefs.h */
| #define PACKAGE_NAME "pr3287"
| #define PACKAGE_TARNAME "pr3287"
| #define PACKAGE_VERSION "4.0"
| #define PACKAGE_STRING "pr3287 4.0"
| #define PACKAGE_BUGREPORT ""
| #define PACKAGE_URL ""
| /* end confdefs.h.  */
| #include <ac_nonexistent.h>
configure:3254: result: gcc -E
configure:3274: gcc -E -D_BSD_SOURCE -D_DEFAULT_SOURCE -D_POSIX_SOURCE -D_XOPEN_SOURCE conftest.c
configure:3274: $? = 0
configure:3288: gcc -E -D_BSD_SOURCE -D_DEFAULT_SOURCE -D_POSIX_SOURCE -D_XOPEN_SOURCE conftest.c
conftest.c:9:10: fatal error: ac_nonexistent.h: No such file or directory
    9 | #include <ac_nonexistent.h>
      |          ^~~~~~~~~~~~~~~~~~
compilation terminated.
configure:3288: $? = 1
configure: failed program was:
| /* confdefs.h */
| #define PACKAGE_NAME "pr3287"
| #define PACKAGE_TARNAME "pr3287"
| #define PACKAGE_VERSION "4.0"
| #define PACKAGE_STRING "pr3287 4.0"
| #define PACKAGE_BUGREPORT ""
| #define PACKAGE_URL ""
| /* end confdefs.h.  */
| #include <ac_nonexistent.h>
configure:3317: checking for grep that handles long lines and -e
configure:3375: result: /usr/bin/grep
configure:3380: checking for egrep
configure:3442: result: /usr/bin/grep -E
configure:3447: checking for ANSI C header files
configure:3467: gcc -c -g -O2 -D_BSD_SOURCE -D_DEFAULT_SOURCE -D_POSIX_SOURCE -D_XOPEN_SOURCE conftest.c >&5
configure:3467: $? = 0
configure:3540: gcc -o conftest -g -O2 -D_BSD_SOURCE -D_DEFAULT_SOURCE -D_POSIX_SOURCE -D_XOPEN_SOURCE  conftest.c  >&5
configure:3540: $? = 0
configure:3540: ./conftest
configure:3540: $? = 0
configure:3551: result: yes
configure:3564: checking for sys/types.h
configure:3564: gcc -c -g -O2 -D_BSD_SOURCE -D_DEFAULT_SOURCE -D_POSIX_SOURCE -D_XOPEN_SOURCE conftest.c >&5
configure:3564: $? = 0
configure:3564: result: yes
configure:3564: checking for sys/stat.h
configure:3564: gcc -c -g -O2 -D_BSD_SOURCE -D_DEFAULT_SOURCE -D_POSIX_SOURCE -D_XOPEN_SOURCE conftest.c >&5
configure:3564: $? = 0
configure:3564: result: yes
configure:3564: checking for stdlib.h
configure:3564: gcc -c -g -O2 -D_BSD_SOURCE -D_DEFAULT_SOURCE -D_POSIX_SOURCE -D_XOPEN_SOURCE conftest.c >&5
configure:3564: $? = 0
configure:3564: result: yes
configure:3564: checking for string.h
configure:3564: gcc -c -g -O2 -D_BSD_SOURCE -D_DEFAULT_SOURCE -D_POSIX_SOURCE -D_XOPEN_SOURCE conftest.c >&5
configure:3564: $? = 0
configure:3564: result: yes
configure:3564: checking for memory.h
configure:3564: gcc -c -g -O2 -D_BSD_SOURCE -D_DEFAULT_SOURCE -D_POSIX_SOURCE -D_XOPEN_SOURCE conftest.c >&5
configure:3564: $? = 0
configure:3564: result: yes
configure:3564: checking for strings.h
configure:3564: gcc -c -g -O2 -D_BSD_SOURCE -D_DEFAULT_SOURCE -D_POSIX_SOURCE -D_XOPEN_SOURCE conftest.c >&5
configure:3564: $? = 0
configure:3564: result: yes
configure:3564: checking for inttypes.h
configure:3564: gcc -c -g -O2 -D_BSD_SOURCE -D_DEFAULT_SOURCE -D_POSIX_SOURCE -D_XOPEN_SOURCE conftest.c >&5
configure:3564: $? = 0
configure:3564: result: yes
configure:3564: checking for stdint.h
configure:3564: gcc -c -g -O2 -D_BSD_SOURCE -D_DEFAULT_SOURCE -D_POSIX_SOURCE -D_XOPEN_SOURCE conftest.c >&5
configure:3564: $? = 0
configure:3564: result: yes
configure:3564: checking for unistd.h
configure:3564: gcc -c -g -O2 -D_BSD_SOURCE -D_DEFAULT_SOURCE -D_POSIX_SOURCE -D_XOPEN_SOURCE conftest.c >&5
configure:3564: $? = 0
configure:3564: result: yes
configure:3578: checking iconv.h usability
configure:3578: gcc -c -g -O2 -D_BSD_SOURCE -D_DEFAULT_SOURCE -D_POSIX_SOURCE -D_XOPEN_SOURCE conftest.c >&5
configure:3578: $? = 0
configure:3578: result: yes
configure:3578: checking iconv.h presence
configure:3578: gcc -E -D_BSD_SOURCE -D_DEFAULT_SOURCE -D_POSIX_SOURCE -D_XOPEN_SOURCE conftest.c
configure:3578: $? = 0
configure:3578: result: yes
configure:3578: checking for iconv.h
configure:3578: result: yes
configure:3613: checking openssl/ssl.h usability
configure:3613: gcc -c -g -O2 -D_BSD_SOURCE -D_DEFAULT_SOURCE -D_POSIX_SOURCE -D_XOPEN_SOURCE conftest.c >&5
configure:3613: $? = 0
configure:3613: result: yes
configure:3613: checking openssl/ssl.h presence
configure:3613: gcc -E -D_BSD_SOURCE -D_DEFAULT_SOURCE -D_POSIX_SOURCE -D_XOPEN_SOURCE conftest.c
configure:3613: $? = 0
configure:3613: result: yes
configure:3613: checking for openssl/ssl.h
configure:3613: result: yes
configure:3642: checking for vasprintf
configure:3642: gcc -o conftest -g -O2 -D_BSD_SOURCE -D_DEFAULT_SOURCE -D_POSIX_SOURCE -D_XOPEN_SOURCE  conftest.c  >&5
configure:3642: $? = 0
configure:3642: result: yes
configure:3788: creating ./config.status

## ---------------------- ##
## Running config.status. ##
## ---------------------- ##

This file was extended by pr3287 config.status 4.0, which was
generated by GNU Autoconf 2.68.  Invocation command line was

  CONFIG_FILES    = 
  CONFIG_HEADERS  = 
  CONFIG_LINKS    = 
  CONFIG_COMMANDS = 
  $ ./config.status 

on ubuntu

config.status:825: creating Makefile
config.status:825: creating Makefile.obj
config.status:825: creating conf.h
config.status:1000: conf.h is unchanged

## ---------------- ##
## Cache variables. ##
## ---------------- ##

ac_cv_build=x86_64-unknown-linux-gnu
ac_cv_c_compiler_gnu=yes
ac_cv_env_CC_set=
ac_cv_env_CC_value=
ac_cv_env_CFLAGS_set=
ac_cv_env_CFLAGS_value=
ac_cv_env_CPPFLAGS_set=
ac_cv_env_CPPFLAGS_value=
ac_cv_env_CPP_set=
ac_cv_env_CPP_value=
ac_cv_env_LDFLAGS_set=
ac_cv_env_LDFLAGS_value=
ac_cv_env_LIBS_set=
ac_cv_env_LIBS_value=
ac_cv_env_build_alias_set=
ac_cv_env_build_alias_value=
ac_cv_env_host_alias_set=
ac_cv_env_host_alias_value=
ac_cv_env_target_alias_set=
ac_cv_env_target_alias_value=
ac_cv_func_vasprintf=yes
ac_cv_header_iconv_h=yes
ac_cv_header_inttypes_h=yes
ac_cv_header_memory_h=yes
ac_cv_header_openssl_ssl_h=yes
ac_cv_header_stdc=yes
ac_cv_header_stdint_h=yes
ac_cv_header_stdlib_h=yes
ac_cv_header_string_h=yes
ac_cv_header_strings_h=yes
ac_cv_header_sys_stat_h=yes
ac_cv_header_sys_types_h=yes
ac_cv_header_unistd_h=yes
ac_cv_host=x86_64-unknown-linux-gnu
ac_cv_objext=o
ac_cv_path_EGREP='/usr/bin/grep -E'
ac_cv_path_GREP=/usr/bin/grep
ac_cv_path_install='/usr/bin/install -c'
ac_cv_prog_CPP='gcc -E'
ac_cv_prog_ac_ct_CC=gcc
ac_cv_prog_cc_c89=
ac_cv_prog_cc_g=yes
ac_cv_search_gethostbyname='none required'
ac_cv_search_socket='none required'

## ----------------- ##
## Output variables. ##
## ----------------- ##

CC='gcc'
CCOPTIONS=' -Wall -Wsign-compare -std=c99 -pedantic -Wno-variadic-macros -MMD -MP'
CFLAGS='-g -O2'
CPP='gcc -E'
CPPFLAGS='-D_BSD_SOURCE -D_DEFAULT_SOURCE -D_POSIX_SOURCE -D_XOPEN_SOURCE'
DEFS='-DHAVE_CONFIG_H'
ECHO_C=''
ECHO_N='-n'
ECHO_T=''
EGREP='/usr/bin/grep -E'
EXEEXT=''
GREP='/usr/bin/grep'
INSTALL_DATA='${INSTALL} -m 644'
INSTALL_PROGRAM='${INSTALL}'
INSTALL_SCRIPT='${INSTALL}'
LDFLAGS=''
LIBOBJS=''
LIBS=''
LIBX3270DIR='${sysconfdir}/x3270'
LTLIBOBJS=''
OBJEXT='o'
PACKAGE_BUGREPORT=''
PACKAGE_NAME='pr3287'
PACKAGE_STRING='pr3287 4.0'
PACKAGE_TARNAME='pr3287'
PACKAGE_URL=''
PACKAGE_VERSION='4.0'
PATH_SEPARATOR=':'
SHELL='/bin/bash'
ac_ct_CC='gcc'
bindir='${exec_prefix}/bin'
build='x86_64-unknown-linux-gnu'
build_alias=''
build_cpu='x86_64'
build_os='linux-gnu'
build_vendor='unknown'
datadir='${datarootdir}'
datarootdir='${prefix}/share'
docdir='${datarootdir}/doc/${PACKAGE_TARNAME}'
dvidir='${docdir}'
exec_prefix='${prefix}'
host='x86_64-unknown-linux-gnu'
host_alias=''
host_cpu='x86_64'
host_os='linux-gnu'
host_vendor='unknown'
htmldir='${docdir}'
includedir='${prefix}/include'
infodir='${datarootdir}/info'
libdir='${exec_prefix}/lib'
libexecdir='${exec_prefix}/libexec'
localedir='${datarootdir}/locale'
localstatedir='${prefix}/var'
mandir='${datarootdir}/man'
oldincludedir='/usr/include'
pdfdir='${docdir}'
prefix='/usr/local'
program_transform_name='s,x,x,'
psdir='${docdir}'
sbindir='${exec_prefix}/sbin'
sharedstatedir='${prefix}/com'
sysconfdir='${prefix}/etc'
target_alias=''

## ----------- ##
## confdefs.h. ##
## ----------- ##

/* confdefs.h */
#define PACKAGE_NAME "pr3287"
#define PACKAGE_TARNAME "pr3287"
#define PACKAGE_VERSION "4.0"
#define PACKAGE_STRING "pr3287 4.0"
#define PACKAGE_BUGREPORT ""
#define PACKAGE_URL ""
#define STDC_HEADERS 1
#define HAVE_SYS_TYPES_H 1
#define HAVE_SYS_STAT_H 1
#define HAVE_STDLIB_H 1
#define HAVE_STRING_H 1
#define HAVE_MEMORY_H 1
#define HAVE_STRINGS_H 1
#define HAVE_INTTYPES_H 1
#define HAVE_STDINT_H 1
#define HAVE_UNISTD_H 1
#define HAVE_ICONV_H 1
#define HAVE_OPENSSL_SSL_H 1
#define HAVE_VASPRINTF 1
#define X3270_DBCS 1
#define X3270_IPV6 1

configure: exit 0
