This file contains any messages produced by compilers while
running configure, to aid debugging if configure makes a mistake.

It was created by tcl3270 configure 4.0, which was
generated by GNU Autoconf 2.68.  Invocation command line was

  $ ./configure --disable-option-checking --prefix=/usr/local --cache-file=/dev/null --srcdir=.

## --------- ##
## Platform. ##
## --------- ##

hostname = ubuntu
uname -m = x86_64
uname -r = 5.8.0-18-generic
uname -s = Linux
uname -v = #19-Ubuntu SMP Wed Aug 26 15:26:32 UTC 2020

/usr/bin/uname -p = x86_64
/bin/uname -X     = unknown

/bin/arch              = x86_64
/usr/bin/arch -k       = unknown
/usr/convex/getsysinfo = unknown
/usr/bin/hostinfo      = unknown
/bin/machine           = unknown
/usr/bin/oslevel       = unknown
/bin/universe          = unknown

PATH: /usr/local/sbin
PATH: /usr/local/bin
PATH: /usr/sbin
PATH: /usr/bin
PATH: /sbin
PATH: /bin
PATH: /usr/games
PATH: /usr/local/games
PATH: /snap/bin
PATH: /opt/mqm/bin
PATH: /opt/mqm/samp/bin
PATH: /opt/ibm/db2/V11.5/bin
PATH: /opt/mqm/bin
PATH: /opt/mqm/samp/bin
PATH: /opt/ibm/db2/V11.5/bin


## ----------- ##
## Core tests. ##
## ----------- ##

configure:2130: checking for a BSD-compatible install
configure:2198: result: /usr/bin/install -c
configure:2257: checking for gcc
configure:2273: found /usr/bin/gcc
configure:2284: result: gcc
configure:2513: checking for C compiler version
configure:2522: gcc --version >&5
gcc (Ubuntu 10.2.0-6ubuntu1) 10.2.0
Copyright (C) 2020 Free Software Foundation, Inc.
This is free software; see the source for copying conditions.  There is NO
warranty; not even for MERCHANTABILITY or FITNESS FOR A PARTICULAR PURPOSE.

configure:2533: $? = 0
configure:2522: gcc -v >&5
Using built-in specs.
COLLECT_GCC=gcc
COLLECT_LTO_WRAPPER=/usr/lib/gcc/x86_64-linux-gnu/10/lto-wrapper
OFFLOAD_TARGET_NAMES=nvptx-none:amdgcn-amdhsa:hsa
OFFLOAD_TARGET_DEFAULT=1
Target: x86_64-linux-gnu
Configured with: ../src/configure -v --with-pkgversion='Ubuntu 10.2.0-6ubuntu1' --with-bugurl=file:///usr/share/doc/gcc-10/README.Bugs --enable-languages=c,ada,c++,go,brig,d,fortran,objc,obj-c++,m2 --prefix=/usr --with-gcc-major-version-only --program-suffix=-10 --program-prefix=x86_64-linux-gnu- --enable-shared --enable-linker-build-id --libexecdir=/usr/lib --without-included-gettext --enable-threads=posix --libdir=/usr/lib --enable-nls --enable-clocale=gnu --enable-libstdcxx-debug --enable-libstdcxx-time=yes --with-default-libstdcxx-abi=new --enable-gnu-unique-object --disable-vtable-verify --enable-plugin --enable-default-pie --with-system-zlib --enable-libphobos-checking=release --with-target-system-zlib=auto --enable-objc-gc=auto --enable-multiarch --disable-werror --with-arch-32=i686 --with-abi=m64 --with-multilib-list=m32,m64,mx32 --enable-multilib --with-tune=generic --enable-offload-targets=nvptx-none=/build/gcc-10-qSk1lX/gcc-10-10.2.0/debian/tmp-nvptx/usr,amdgcn-amdhsa=/build/gcc-10-qSk1lX/gcc-10-10.2.0/debian/tmp-gcn/usr,hsa --without-cuda-driver --enable-checking=release --build=x86_64-linux-gnu --host=x86_64-linux-gnu --target=x86_64-linux-gnu
Thread model: posix
Supported LTO compression algorithms: zlib zstd
gcc version 10.2.0 (Ubuntu 10.2.0-6ubuntu1) 
... rest of stderr output deleted ...
configure:2533: $? = 0
configure:2522: gcc -V >&5
gcc: error: unrecognized command-line option '-V'
gcc: fatal error: no input files
compilation terminated.
configure:2533: $? = 1
configure:2522: gcc -qversion >&5
gcc: error: unrecognized command-line option '-qversion'; did you mean '--version'?
gcc: fatal error: no input files
compilation terminated.
configure:2533: $? = 1
configure:2553: checking whether the C compiler works
configure:2575: gcc    conftest.c  >&5
configure:2579: $? = 0
configure:2627: result: yes
configure:2630: checking for C compiler default output file name
configure:2632: result: a.out
configure:2638: checking for suffix of executables
configure:2645: gcc -o conftest    conftest.c  >&5
configure:2649: $? = 0
configure:2671: result: 
configure:2693: checking whether we are cross compiling
configure:2701: gcc -o conftest    conftest.c  >&5
configure:2705: $? = 0
configure:2712: ./conftest
configure:2716: $? = 0
configure:2704: result: no
configure:2709: checking for suffix of object files
configure:2731: gcc -c   conftest.c >&5
configure:2735: $? = 0
configure:2756: result: o
configure:2760: checking whether we are using the GNU C compiler
configure:2779: gcc -c   conftest.c >&5
configure:2779: $? = 0
configure:2788: result: yes
configure:2797: checking whether gcc accepts -g
configure:2817: gcc -c -g  conftest.c >&5
configure:2817: $? = 0
configure:2858: result: yes
configure:2875: checking for gcc option to accept ISO C89
configure:2939: gcc  -c -g -O2  conftest.c >&5
configure:2939: $? = 0
configure:2952: result: none needed
configure:2977: checking build system type
configure:2991: result: x86_64-unknown-linux-gnu
configure:3011: checking host system type
configure:3024: result: x86_64-unknown-linux-gnu
configure:3065: checking for tclsh
configure:3081: found /usr/bin/tclsh
configure:3093: result: yes
configure:3104: checking Tcl version
configure:3110: result: 8.6
configure:3125: checking how to run the C preprocessor
configure:3156: gcc -E -D_XOPEN_SOURCE -D_BSD_SOURCE -D_DEFAULT_SOURCE conftest.c
configure:3156: $? = 0
configure:3170: gcc -E -D_XOPEN_SOURCE -D_BSD_SOURCE -D_DEFAULT_SOURCE conftest.c
conftest.c:9:10: fatal error: ac_nonexistent.h: No such file or directory
    9 | #include <ac_nonexistent.h>
      |          ^~~~~~~~~~~~~~~~~~
compilation terminated.
configure:3170: $? = 1
configure: failed program was:
| /* confdefs.h */
| #define PACKAGE_NAME "tcl3270"
| #define PACKAGE_TARNAME "tcl3270"
| #define PACKAGE_VERSION "4.0"
| #define PACKAGE_STRING "tcl3270 4.0"
| #define PACKAGE_BUGREPORT ""
| #define PACKAGE_URL ""
| /* end confdefs.h.  */
| #include <ac_nonexistent.h>
configure:3195: result: gcc -E
configure:3215: gcc -E -D_XOPEN_SOURCE -D_BSD_SOURCE -D_DEFAULT_SOURCE conftest.c
configure:3215: $? = 0
configure:3229: gcc -E -D_XOPEN_SOURCE -D_BSD_SOURCE -D_DEFAULT_SOURCE conftest.c
conftest.c:9:10: fatal error: ac_nonexistent.h: No such file or directory
    9 | #include <ac_nonexistent.h>
      |          ^~~~~~~~~~~~~~~~~~
compilation terminated.
configure:3229: $? = 1
configure: failed program was:
| /* confdefs.h */
| #define PACKAGE_NAME "tcl3270"
| #define PACKAGE_TARNAME "tcl3270"
| #define PACKAGE_VERSION "4.0"
| #define PACKAGE_STRING "tcl3270 4.0"
| #define PACKAGE_BUGREPORT ""
| #define PACKAGE_URL ""
| /* end confdefs.h.  */
| #include <ac_nonexistent.h>
configure:3258: checking for grep that handles long lines and -e
configure:3316: result: /usr/bin/grep
configure:3321: checking for egrep
configure:3383: result: /usr/bin/grep -E
configure:3388: checking for ANSI C header files
configure:3408: gcc -c -g -O2 -D_XOPEN_SOURCE -D_BSD_SOURCE -D_DEFAULT_SOURCE conftest.c >&5
configure:3408: $? = 0
configure:3481: gcc -o conftest -g -O2 -D_XOPEN_SOURCE -D_BSD_SOURCE -D_DEFAULT_SOURCE  conftest.c  >&5
configure:3481: $? = 0
configure:3481: ./conftest
configure:3481: $? = 0
configure:3492: result: yes
configure:3505: checking for sys/types.h
configure:3505: gcc -c -g -O2 -D_XOPEN_SOURCE -D_BSD_SOURCE -D_DEFAULT_SOURCE conftest.c >&5
configure:3505: $? = 0
configure:3505: result: yes
configure:3505: checking for sys/stat.h
configure:3505: gcc -c -g -O2 -D_XOPEN_SOURCE -D_BSD_SOURCE -D_DEFAULT_SOURCE conftest.c >&5
configure:3505: $? = 0
configure:3505: result: yes
configure:3505: checking for stdlib.h
configure:3505: gcc -c -g -O2 -D_XOPEN_SOURCE -D_BSD_SOURCE -D_DEFAULT_SOURCE conftest.c >&5
configure:3505: $? = 0
configure:3505: result: yes
configure:3505: checking for string.h
configure:3505: gcc -c -g -O2 -D_XOPEN_SOURCE -D_BSD_SOURCE -D_DEFAULT_SOURCE conftest.c >&5
configure:3505: $? = 0
configure:3505: result: yes
configure:3505: checking for memory.h
configure:3505: gcc -c -g -O2 -D_XOPEN_SOURCE -D_BSD_SOURCE -D_DEFAULT_SOURCE conftest.c >&5
configure:3505: $? = 0
configure:3505: result: yes
configure:3505: checking for strings.h
configure:3505: gcc -c -g -O2 -D_XOPEN_SOURCE -D_BSD_SOURCE -D_DEFAULT_SOURCE conftest.c >&5
configure:3505: $? = 0
configure:3505: result: yes
configure:3505: checking for inttypes.h
configure:3505: gcc -c -g -O2 -D_XOPEN_SOURCE -D_BSD_SOURCE -D_DEFAULT_SOURCE conftest.c >&5
configure:3505: $? = 0
configure:3505: result: yes
configure:3505: checking for stdint.h
configure:3505: gcc -c -g -O2 -D_XOPEN_SOURCE -D_BSD_SOURCE -D_DEFAULT_SOURCE conftest.c >&5
configure:3505: $? = 0
configure:3505: result: yes
configure:3505: checking for unistd.h
configure:3505: gcc -c -g -O2 -D_XOPEN_SOURCE -D_BSD_SOURCE -D_DEFAULT_SOURCE conftest.c >&5
configure:3505: $? = 0
configure:3505: result: yes
configure:3519: checking util.h usability
configure:3519: gcc -c -g -O2 -D_XOPEN_SOURCE -D_BSD_SOURCE -D_DEFAULT_SOURCE conftest.c >&5
conftest.c:52:10: fatal error: util.h: No such file or directory
   52 | #include <util.h>
      |          ^~~~~~~~
compilation terminated.
configure:3519: $? = 1
configure: failed program was:
| /* confdefs.h */
| #define PACKAGE_NAME "tcl3270"
| #define PACKAGE_TARNAME "tcl3270"
| #define PACKAGE_VERSION "4.0"
| #define PACKAGE_STRING "tcl3270 4.0"
| #define PACKAGE_BUGREPORT ""
| #define PACKAGE_URL ""
| #define STDC_HEADERS 1
| #define HAVE_SYS_TYPES_H 1
| #define HAVE_SYS_STAT_H 1
| #define HAVE_STDLIB_H 1
| #define HAVE_STRING_H 1
| #define HAVE_MEMORY_H 1
| #define HAVE_STRINGS_H 1
| #define HAVE_INTTYPES_H 1
| #define HAVE_STDINT_H 1
| #define HAVE_UNISTD_H 1
| /* end confdefs.h.  */
| #include <stdio.h>
| #ifdef HAVE_SYS_TYPES_H
| # include <sys/types.h>
| #endif
| #ifdef HAVE_SYS_STAT_H
| # include <sys/stat.h>
| #endif
| #ifdef STDC_HEADERS
| # include <stdlib.h>
| # include <stddef.h>
| #else
| # ifdef HAVE_STDLIB_H
| #  include <stdlib.h>
| # endif
| #endif
| #ifdef HAVE_STRING_H
| # if !defined STDC_HEADERS && defined HAVE_MEMORY_H
| #  include <memory.h>
| # endif
| # include <string.h>
| #endif
| #ifdef HAVE_STRINGS_H
| # include <strings.h>
| #endif
| #ifdef HAVE_INTTYPES_H
| # include <inttypes.h>
| #endif
| #ifdef HAVE_STDINT_H
| # include <stdint.h>
| #endif
| #ifdef HAVE_UNISTD_H
| # include <unistd.h>
| #endif
| #include <util.h>
configure:3519: result: no
configure:3519: checking util.h presence
configure:3519: gcc -E -D_XOPEN_SOURCE -D_BSD_SOURCE -D_DEFAULT_SOURCE conftest.c
conftest.c:19:10: fatal error: util.h: No such file or directory
   19 | #include <util.h>
      |          ^~~~~~~~
compilation terminated.
configure:3519: $? = 1
configure: failed program was:
| /* confdefs.h */
| #define PACKAGE_NAME "tcl3270"
| #define PACKAGE_TARNAME "tcl3270"
| #define PACKAGE_VERSION "4.0"
| #define PACKAGE_STRING "tcl3270 4.0"
| #define PACKAGE_BUGREPORT ""
| #define PACKAGE_URL ""
| #define STDC_HEADERS 1
| #define HAVE_SYS_TYPES_H 1
| #define HAVE_SYS_STAT_H 1
| #define HAVE_STDLIB_H 1
| #define HAVE_STRING_H 1
| #define HAVE_MEMORY_H 1
| #define HAVE_STRINGS_H 1
| #define HAVE_INTTYPES_H 1
| #define HAVE_STDINT_H 1
| #define HAVE_UNISTD_H 1
| /* end confdefs.h.  */
| #include <util.h>
configure:3519: result: no
configure:3519: checking for util.h
configure:3519: result: no
configure:3531: checking for library containing pthread_create
configure:3562: gcc -o conftest -g -O2 -D_XOPEN_SOURCE -D_BSD_SOURCE -D_DEFAULT_SOURCE  conftest.c  >&5
/usr/bin/ld: /tmp/cckTmW8Q.o: in function `main':
/home/mainframe/suite3270-4.0ga11-src/suite3270-4.0/tcl3270/conftest.c:30: undefined reference to `pthread_create'
collect2: error: ld returned 1 exit status
configure:3562: $? = 1
configure: failed program was:
| /* confdefs.h */
| #define PACKAGE_NAME "tcl3270"
| #define PACKAGE_TARNAME "tcl3270"
| #define PACKAGE_VERSION "4.0"
| #define PACKAGE_STRING "tcl3270 4.0"
| #define PACKAGE_BUGREPORT ""
| #define PACKAGE_URL ""
| #define STDC_HEADERS 1
| #define HAVE_SYS_TYPES_H 1
| #define HAVE_SYS_STAT_H 1
| #define HAVE_STDLIB_H 1
| #define HAVE_STRING_H 1
| #define HAVE_MEMORY_H 1
| #define HAVE_STRINGS_H 1
| #define HAVE_INTTYPES_H 1
| #define HAVE_STDINT_H 1
| #define HAVE_UNISTD_H 1
| /* end confdefs.h.  */
| 
| /* Override any GCC internal prototype to avoid an error.
|    Use char because int might match the return type of a GCC
|    builtin and then its argument prototype would still apply.  */
| #ifdef __cplusplus
| extern "C"
| #endif
| char pthread_create ();
| int
| main ()
| {
| return pthread_create ();
|   ;
|   return 0;
| }
configure:3562: gcc -o conftest -g -O2 -D_XOPEN_SOURCE -D_BSD_SOURCE -D_DEFAULT_SOURCE  conftest.c -lpthread   >&5
configure:3562: $? = 0
configure:3579: result: -lpthread
configure:3596: checking tcl.h usability
configure:3596: gcc -c -g -O2 -D_XOPEN_SOURCE -D_BSD_SOURCE -D_DEFAULT_SOURCE -I/usr/include/tcl8.6 -I/usr/local/include conftest.c >&5
configure:3596: $? = 0
configure:3596: result: yes
configure:3596: checking tcl.h presence
configure:3596: gcc -E -D_XOPEN_SOURCE -D_BSD_SOURCE -D_DEFAULT_SOURCE -I/usr/include/tcl8.6 -I/usr/local/include conftest.c
configure:3596: $? = 0
configure:3596: result: yes
configure:3596: checking for tcl.h
configure:3596: result: yes
configure:3611: checking for vasprintf
configure:3611: gcc -o conftest -g -O2 -D_XOPEN_SOURCE -D_BSD_SOURCE -D_DEFAULT_SOURCE -I/usr/include/tcl8.6 -I/usr/local/include  conftest.c -lpthread  >&5
configure:3611: $? = 0
configure:3611: result: yes
configure:3620: checking for _LARGEFILE_SOURCE value needed for large files
configure:3639: gcc -o conftest -g -O2 -D_XOPEN_SOURCE -D_BSD_SOURCE -D_DEFAULT_SOURCE -I/usr/include/tcl8.6 -I/usr/local/include  conftest.c -lpthread  >&5
configure:3639: $? = 0
configure:3667: result: no
configure:3690: checking for library containing gethostbyname
configure:3721: gcc -o conftest -g -O2 -D_XOPEN_SOURCE -D_BSD_SOURCE -D_DEFAULT_SOURCE -I/usr/include/tcl8.6 -I/usr/local/include  -lm conftest.c -lpthread  >&5
configure:3721: $? = 0
configure:3738: result: none required
configure:3746: checking for library containing socket
configure:3777: gcc -o conftest -g -O2 -D_XOPEN_SOURCE -D_BSD_SOURCE -D_DEFAULT_SOURCE -I/usr/include/tcl8.6 -I/usr/local/include  -lm conftest.c -lpthread  >&5
configure:3777: $? = 0
configure:3794: result: none required
configure:3808: checking for Tcl_Init in -ltcl8.6
configure:3833: gcc -o conftest -g -O2 -D_XOPEN_SOURCE -D_BSD_SOURCE -D_DEFAULT_SOURCE -I/usr/include/tcl8.6 -I/usr/local/include  -lm -L/usr/local/lib conftest.c -ltcl8.6  -lpthread  >&5
configure:3833: $? = 0
configure:3843: result: yes
configure:4051: creating ./config.status

## ---------------------- ##
## Running config.status. ##
## ---------------------- ##

This file was extended by tcl3270 config.status 4.0, which was
generated by GNU Autoconf 2.68.  Invocation command line was

  CONFIG_FILES    = 
  CONFIG_HEADERS  = 
  CONFIG_LINKS    = 
  CONFIG_COMMANDS = 
  $ ./config.status 

on ubuntu

config.status:828: creating Makefile
config.status:828: creating Makefile.obj
config.status:828: creating conf.h
config.status:1003: conf.h is unchanged

## ---------------- ##
## Cache variables. ##
## ---------------- ##

ac_cv_build=x86_64-unknown-linux-gnu
ac_cv_c_compiler_gnu=yes
ac_cv_env_CC_set=
ac_cv_env_CC_value=
ac_cv_env_CFLAGS_set=
ac_cv_env_CFLAGS_value=
ac_cv_env_CPPFLAGS_set=
ac_cv_env_CPPFLAGS_value=
ac_cv_env_CPP_set=
ac_cv_env_CPP_value=
ac_cv_env_LDFLAGS_set=
ac_cv_env_LDFLAGS_value=
ac_cv_env_LIBS_set=
ac_cv_env_LIBS_value=
ac_cv_env_build_alias_set=
ac_cv_env_build_alias_value=
ac_cv_env_host_alias_set=
ac_cv_env_host_alias_value=
ac_cv_env_target_alias_set=
ac_cv_env_target_alias_value=
ac_cv_func_vasprintf=yes
ac_cv_header_inttypes_h=yes
ac_cv_header_memory_h=yes
ac_cv_header_stdc=yes
ac_cv_header_stdint_h=yes
ac_cv_header_stdlib_h=yes
ac_cv_header_string_h=yes
ac_cv_header_strings_h=yes
ac_cv_header_sys_stat_h=yes
ac_cv_header_sys_types_h=yes
ac_cv_header_tcl_h=yes
ac_cv_header_unistd_h=yes
ac_cv_header_util_h=no
ac_cv_host=x86_64-unknown-linux-gnu
ac_cv_lib_tcl8_6___Tcl_Init=yes
ac_cv_objext=o
ac_cv_path_EGREP='/usr/bin/grep -E'
ac_cv_path_GREP=/usr/bin/grep
ac_cv_path_install='/usr/bin/install -c'
ac_cv_prog_CPP='gcc -E'
ac_cv_prog_ac_ct_CC=gcc
ac_cv_prog_cc_c89=
ac_cv_prog_cc_g=yes
ac_cv_prog_tclsh=yes
ac_cv_search_gethostbyname='none required'
ac_cv_search_pthread_create=-lpthread
ac_cv_search_socket='none required'
ac_cv_sys_largefile_source=no

## ----------------- ##
## Output variables. ##
## ----------------- ##

CC='gcc'
CCOPTIONS=' -Wall -Wsign-compare -std=c99 -pedantic -Wno-variadic-macros -Wno-long-long -MMD -MP'
CFLAGS='-g -O2'
CPP='gcc -E'
CPPFLAGS='-D_XOPEN_SOURCE -D_BSD_SOURCE -D_DEFAULT_SOURCE -I/usr/include/tcl8.6 -I/usr/local/include'
DEFS='-DHAVE_CONFIG_H'
ECHO_C=''
ECHO_N='-n'
ECHO_T=''
EGREP='/usr/bin/grep -E'
EXEEXT=''
GREP='/usr/bin/grep'
INSTALL_DATA='${INSTALL} -m 644'
INSTALL_PROGRAM='${INSTALL}'
INSTALL_SCRIPT='${INSTALL}'
LDFLAGS=' -lm -L/usr/local/lib'
LIBOBJS=''
LIBS='-ltcl8.6 -lpthread '
LIBX3270DIR='${sysconfdir}/x3270'
LTLIBOBJS=''
OBJEXT='o'
PACKAGE_BUGREPORT=''
PACKAGE_NAME='tcl3270'
PACKAGE_STRING='tcl3270 4.0'
PACKAGE_TARNAME='tcl3270'
PACKAGE_URL=''
PACKAGE_VERSION='4.0'
PATH_SEPARATOR=':'
SHELL='/bin/bash'
ac_ct_CC='gcc'
bindir='${exec_prefix}/bin'
build='x86_64-unknown-linux-gnu'
build_alias=''
build_cpu='x86_64'
build_os='linux-gnu'
build_vendor='unknown'
datadir='${datarootdir}'
datarootdir='${prefix}/share'
docdir='${datarootdir}/doc/${PACKAGE_TARNAME}'
dvidir='${docdir}'
exec_prefix='${prefix}'
host='x86_64-unknown-linux-gnu'
host_alias=''
host_cpu='x86_64'
host_os='linux-gnu'
host_vendor='unknown'
htmldir='${docdir}'
includedir='${prefix}/include'
infodir='${datarootdir}/info'
libdir='${exec_prefix}/lib'
libexecdir='${exec_prefix}/libexec'
localedir='${datarootdir}/locale'
localstatedir='${prefix}/var'
mandir='${datarootdir}/man'
oldincludedir='/usr/include'
pdfdir='${docdir}'
prefix='/usr/local'
program_transform_name='s,x,x,'
psdir='${docdir}'
sbindir='${exec_prefix}/sbin'
sharedstatedir='${prefix}/com'
sysconfdir='${prefix}/etc'
target_alias=''
tclsh='yes'

## ----------- ##
## confdefs.h. ##
## ----------- ##

/* confdefs.h */
#define PACKAGE_NAME "tcl3270"
#define PACKAGE_TARNAME "tcl3270"
#define PACKAGE_VERSION "4.0"
#define PACKAGE_STRING "tcl3270 4.0"
#define PACKAGE_BUGREPORT ""
#define PACKAGE_URL ""
#define STDC_HEADERS 1
#define HAVE_SYS_TYPES_H 1
#define HAVE_SYS_STAT_H 1
#define HAVE_STDLIB_H 1
#define HAVE_STRING_H 1
#define HAVE_MEMORY_H 1
#define HAVE_STRINGS_H 1
#define HAVE_INTTYPES_H 1
#define HAVE_STDINT_H 1
#define HAVE_UNISTD_H 1
#define HAVE_TCL_H 1
#define HAVE_VASPRINTF 1
#define HAVE_FSEEKO 1
#define HAVE_LIBTCL8_6 1
#define X3270_DBCS 1
#define X3270_LOCAL_PROCESS 1
#define X3270_IPV6 1

configure: exit 0
