This file contains any messages produced by compilers while
running configure, to aid debugging if configure makes a mistake.

It was created by c3270 configure 4.0, which was
generated by GNU Autoconf 2.68.  Invocation command line was

  $ ./configure --disable-option-checking --prefix=/usr/local --cache-file=/dev/null --srcdir=.

## --------- ##
## Platform. ##
## --------- ##

hostname = ubuntu
uname -m = x86_64
uname -r = 5.8.0-53-generic
uname -s = Linux
uname -v = #60~20.04.1-Ubuntu SMP Thu May 6 09:52:46 UTC 2021

/usr/bin/uname -p = x86_64
/bin/uname -X     = unknown

/bin/arch              = x86_64
/usr/bin/arch -k       = unknown
/usr/convex/getsysinfo = unknown
/usr/bin/hostinfo      = unknown
/bin/machine           = unknown
/usr/bin/oslevel       = unknown
/bin/universe          = unknown

PATH: /home/mainframe/.local/bin
PATH: /usr/local/sbin
PATH: /usr/local/bin
PATH: /usr/sbin
PATH: /usr/bin
PATH: /sbin
PATH: /bin
PATH: /usr/games
PATH: /usr/local/games
PATH: /snap/bin
PATH: /opt/mqm/bin/


## ----------- ##
## Core tests. ##
## ----------- ##

configure:2142: checking for a BSD-compatible install
configure:2210: result: /usr/bin/install -c
configure:2269: checking for gcc
configure:2285: found /usr/bin/gcc
configure:2296: result: gcc
configure:2525: checking for C compiler version
configure:2534: gcc --version >&5
gcc (Ubuntu 9.3.0-17ubuntu1~20.04) 9.3.0
Copyright (C) 2019 Free Software Foundation, Inc.
This is free software; see the source for copying conditions.  There is NO
warranty; not even for MERCHANTABILITY or FITNESS FOR A PARTICULAR PURPOSE.

configure:2545: $? = 0
configure:2534: gcc -v >&5
Using built-in specs.
COLLECT_GCC=gcc
COLLECT_LTO_WRAPPER=/usr/lib/gcc/x86_64-linux-gnu/9/lto-wrapper
OFFLOAD_TARGET_NAMES=nvptx-none:hsa
OFFLOAD_TARGET_DEFAULT=1
Target: x86_64-linux-gnu
Configured with: ../src/configure -v --with-pkgversion='Ubuntu 9.3.0-17ubuntu1~20.04' --with-bugurl=file:///usr/share/doc/gcc-9/README.Bugs --enable-languages=c,ada,c++,go,brig,d,fortran,objc,obj-c++,gm2 --prefix=/usr --with-gcc-major-version-only --program-suffix=-9 --program-prefix=x86_64-linux-gnu- --enable-shared --enable-linker-build-id --libexecdir=/usr/lib --without-included-gettext --enable-threads=posix --libdir=/usr/lib --enable-nls --enable-clocale=gnu --enable-libstdcxx-debug --enable-libstdcxx-time=yes --with-default-libstdcxx-abi=new --enable-gnu-unique-object --disable-vtable-verify --enable-plugin --enable-default-pie --with-system-zlib --with-target-system-zlib=auto --enable-objc-gc=auto --enable-multiarch --disable-werror --with-arch-32=i686 --with-abi=m64 --with-multilib-list=m32,m64,mx32 --enable-multilib --with-tune=generic --enable-offload-targets=nvptx-none=/build/gcc-9-HskZEa/gcc-9-9.3.0/debian/tmp-nvptx/usr,hsa --without-cuda-driver --enable-checking=release --build=x86_64-linux-gnu --host=x86_64-linux-gnu --target=x86_64-linux-gnu
Thread model: posix
gcc version 9.3.0 (Ubuntu 9.3.0-17ubuntu1~20.04) 
configure:2545: $? = 0
configure:2534: gcc -V >&5
gcc: error: unrecognized command line option '-V'
gcc: fatal error: no input files
compilation terminated.
configure:2545: $? = 1
configure:2534: gcc -qversion >&5
gcc: error: unrecognized command line option '-qversion'; did you mean '--version'?
gcc: fatal error: no input files
compilation terminated.
configure:2545: $? = 1
configure:2565: checking whether the C compiler works
configure:2587: gcc    conftest.c  >&5
configure:2591: $? = 0
configure:2639: result: yes
configure:2642: checking for C compiler default output file name
configure:2644: result: a.out
configure:2650: checking for suffix of executables
configure:2657: gcc -o conftest    conftest.c  >&5
configure:2661: $? = 0
configure:2683: result: 
configure:2705: checking whether we are cross compiling
configure:2713: gcc -o conftest    conftest.c  >&5
configure:2717: $? = 0
configure:2724: ./conftest
configure:2728: $? = 0
configure:2716: result: no
configure:2721: checking for suffix of object files
configure:2743: gcc -c   conftest.c >&5
configure:2747: $? = 0
configure:2768: result: o
configure:2772: checking whether we are using the GNU C compiler
configure:2791: gcc -c   conftest.c >&5
configure:2791: $? = 0
configure:2800: result: yes
configure:2809: checking whether gcc accepts -g
configure:2829: gcc -c -g  conftest.c >&5
configure:2829: $? = 0
configure:2870: result: yes
configure:2887: checking for gcc option to accept ISO C89
configure:2951: gcc  -c -g -O2  conftest.c >&5
configure:2951: $? = 0
configure:2964: result: none needed
configure:2990: checking build system type
configure:3004: result: x86_64-unknown-linux-gnu
configure:3024: checking host system type
configure:3037: result: x86_64-unknown-linux-gnu
configure:3089: checking how to run the C preprocessor
configure:3120: gcc -E  -D_POSIX_SOURCE -D_BSD_SOURCE -D_DEFAULT_SOURCE -D_XOPEN_SOURCE conftest.c
configure:3120: $? = 0
configure:3134: gcc -E  -D_POSIX_SOURCE -D_BSD_SOURCE -D_DEFAULT_SOURCE -D_XOPEN_SOURCE conftest.c
conftest.c:9:10: fatal error: ac_nonexistent.h: No such file or directory
    9 | #include <ac_nonexistent.h>
      |          ^~~~~~~~~~~~~~~~~~
compilation terminated.
configure:3134: $? = 1
configure: failed program was:
| /* confdefs.h */
| #define PACKAGE_NAME "c3270"
| #define PACKAGE_TARNAME "c3270"
| #define PACKAGE_VERSION "4.0"
| #define PACKAGE_STRING "c3270 4.0"
| #define PACKAGE_BUGREPORT ""
| #define PACKAGE_URL ""
| /* end confdefs.h.  */
| #include <ac_nonexistent.h>
configure:3159: result: gcc -E
configure:3179: gcc -E  -D_POSIX_SOURCE -D_BSD_SOURCE -D_DEFAULT_SOURCE -D_XOPEN_SOURCE conftest.c
configure:3179: $? = 0
configure:3193: gcc -E  -D_POSIX_SOURCE -D_BSD_SOURCE -D_DEFAULT_SOURCE -D_XOPEN_SOURCE conftest.c
conftest.c:9:10: fatal error: ac_nonexistent.h: No such file or directory
    9 | #include <ac_nonexistent.h>
      |          ^~~~~~~~~~~~~~~~~~
compilation terminated.
configure:3193: $? = 1
configure: failed program was:
| /* confdefs.h */
| #define PACKAGE_NAME "c3270"
| #define PACKAGE_TARNAME "c3270"
| #define PACKAGE_VERSION "4.0"
| #define PACKAGE_STRING "c3270 4.0"
| #define PACKAGE_BUGREPORT ""
| #define PACKAGE_URL ""
| /* end confdefs.h.  */
| #include <ac_nonexistent.h>
configure:3222: checking for grep that handles long lines and -e
configure:3280: result: /usr/bin/grep
configure:3285: checking for egrep
configure:3347: result: /usr/bin/grep -E
configure:3352: checking for ANSI C header files
configure:3372: gcc -c -g -O2  -D_POSIX_SOURCE -D_BSD_SOURCE -D_DEFAULT_SOURCE -D_XOPEN_SOURCE conftest.c >&5
configure:3372: $? = 0
configure:3445: gcc -o conftest -g -O2  -D_POSIX_SOURCE -D_BSD_SOURCE -D_DEFAULT_SOURCE -D_XOPEN_SOURCE  conftest.c  >&5
configure:3445: $? = 0
configure:3445: ./conftest
configure:3445: $? = 0
configure:3456: result: yes
configure:3469: checking for sys/types.h
configure:3469: gcc -c -g -O2  -D_POSIX_SOURCE -D_BSD_SOURCE -D_DEFAULT_SOURCE -D_XOPEN_SOURCE conftest.c >&5
configure:3469: $? = 0
configure:3469: result: yes
configure:3469: checking for sys/stat.h
configure:3469: gcc -c -g -O2  -D_POSIX_SOURCE -D_BSD_SOURCE -D_DEFAULT_SOURCE -D_XOPEN_SOURCE conftest.c >&5
configure:3469: $? = 0
configure:3469: result: yes
configure:3469: checking for stdlib.h
configure:3469: gcc -c -g -O2  -D_POSIX_SOURCE -D_BSD_SOURCE -D_DEFAULT_SOURCE -D_XOPEN_SOURCE conftest.c >&5
configure:3469: $? = 0
configure:3469: result: yes
configure:3469: checking for string.h
configure:3469: gcc -c -g -O2  -D_POSIX_SOURCE -D_BSD_SOURCE -D_DEFAULT_SOURCE -D_XOPEN_SOURCE conftest.c >&5
configure:3469: $? = 0
configure:3469: result: yes
configure:3469: checking for memory.h
configure:3469: gcc -c -g -O2  -D_POSIX_SOURCE -D_BSD_SOURCE -D_DEFAULT_SOURCE -D_XOPEN_SOURCE conftest.c >&5
configure:3469: $? = 0
configure:3469: result: yes
configure:3469: checking for strings.h
configure:3469: gcc -c -g -O2  -D_POSIX_SOURCE -D_BSD_SOURCE -D_DEFAULT_SOURCE -D_XOPEN_SOURCE conftest.c >&5
configure:3469: $? = 0
configure:3469: result: yes
configure:3469: checking for inttypes.h
configure:3469: gcc -c -g -O2  -D_POSIX_SOURCE -D_BSD_SOURCE -D_DEFAULT_SOURCE -D_XOPEN_SOURCE conftest.c >&5
configure:3469: $? = 0
configure:3469: result: yes
configure:3469: checking for stdint.h
configure:3469: gcc -c -g -O2  -D_POSIX_SOURCE -D_BSD_SOURCE -D_DEFAULT_SOURCE -D_XOPEN_SOURCE conftest.c >&5
configure:3469: $? = 0
configure:3469: result: yes
configure:3469: checking for unistd.h
configure:3469: gcc -c -g -O2  -D_POSIX_SOURCE -D_BSD_SOURCE -D_DEFAULT_SOURCE -D_XOPEN_SOURCE conftest.c >&5
configure:3469: $? = 0
configure:3469: result: yes
configure:3483: checking sys/select.h usability
configure:3483: gcc -c -g -O2  -D_POSIX_SOURCE -D_BSD_SOURCE -D_DEFAULT_SOURCE -D_XOPEN_SOURCE conftest.c >&5
configure:3483: $? = 0
configure:3483: result: yes
configure:3483: checking sys/select.h presence
configure:3483: gcc -E  -D_POSIX_SOURCE -D_BSD_SOURCE -D_DEFAULT_SOURCE -D_XOPEN_SOURCE conftest.c
configure:3483: $? = 0
configure:3483: result: yes
configure:3483: checking for sys/select.h
configure:3483: result: yes
configure:3496: checking readline/history.h usability
configure:3496: gcc -c -g -O2  -D_POSIX_SOURCE -D_BSD_SOURCE -D_DEFAULT_SOURCE -D_XOPEN_SOURCE conftest.c >&5
conftest.c:53:10: fatal error: readline/history.h: No such file or directory
   53 | #include <readline/history.h>
      |          ^~~~~~~~~~~~~~~~~~~~
compilation terminated.
configure:3496: $? = 1
configure: failed program was:
| /* confdefs.h */
| #define PACKAGE_NAME "c3270"
| #define PACKAGE_TARNAME "c3270"
| #define PACKAGE_VERSION "4.0"
| #define PACKAGE_STRING "c3270 4.0"
| #define PACKAGE_BUGREPORT ""
| #define PACKAGE_URL ""
| #define STDC_HEADERS 1
| #define HAVE_SYS_TYPES_H 1
| #define HAVE_SYS_STAT_H 1
| #define HAVE_STDLIB_H 1
| #define HAVE_STRING_H 1
| #define HAVE_MEMORY_H 1
| #define HAVE_STRINGS_H 1
| #define HAVE_INTTYPES_H 1
| #define HAVE_STDINT_H 1
| #define HAVE_UNISTD_H 1
| #define HAVE_SYS_SELECT_H 1
| /* end confdefs.h.  */
| #include <stdio.h>
| #ifdef HAVE_SYS_TYPES_H
| # include <sys/types.h>
| #endif
| #ifdef HAVE_SYS_STAT_H
| # include <sys/stat.h>
| #endif
| #ifdef STDC_HEADERS
| # include <stdlib.h>
| # include <stddef.h>
| #else
| # ifdef HAVE_STDLIB_H
| #  include <stdlib.h>
| # endif
| #endif
| #ifdef HAVE_STRING_H
| # if !defined STDC_HEADERS && defined HAVE_MEMORY_H
| #  include <memory.h>
| # endif
| # include <string.h>
| #endif
| #ifdef HAVE_STRINGS_H
| # include <strings.h>
| #endif
| #ifdef HAVE_INTTYPES_H
| # include <inttypes.h>
| #endif
| #ifdef HAVE_STDINT_H
| # include <stdint.h>
| #endif
| #ifdef HAVE_UNISTD_H
| # include <unistd.h>
| #endif
| #include <readline/history.h>
configure:3496: result: no
configure:3496: checking readline/history.h presence
configure:3496: gcc -E  -D_POSIX_SOURCE -D_BSD_SOURCE -D_DEFAULT_SOURCE -D_XOPEN_SOURCE conftest.c
conftest.c:20:10: fatal error: readline/history.h: No such file or directory
   20 | #include <readline/history.h>
      |          ^~~~~~~~~~~~~~~~~~~~
compilation terminated.
configure:3496: $? = 1
configure: failed program was:
| /* confdefs.h */
| #define PACKAGE_NAME "c3270"
| #define PACKAGE_TARNAME "c3270"
| #define PACKAGE_VERSION "4.0"
| #define PACKAGE_STRING "c3270 4.0"
| #define PACKAGE_BUGREPORT ""
| #define PACKAGE_URL ""
| #define STDC_HEADERS 1
| #define HAVE_SYS_TYPES_H 1
| #define HAVE_SYS_STAT_H 1
| #define HAVE_STDLIB_H 1
| #define HAVE_STRING_H 1
| #define HAVE_MEMORY_H 1
| #define HAVE_STRINGS_H 1
| #define HAVE_INTTYPES_H 1
| #define HAVE_STDINT_H 1
| #define HAVE_UNISTD_H 1
| #define HAVE_SYS_SELECT_H 1
| /* end confdefs.h.  */
| #include <readline/history.h>
configure:3496: result: no
configure:3496: checking for readline/history.h
configure:3496: result: no
configure:3509: checking pty.h usability
configure:3509: gcc -c -g -O2  -D_POSIX_SOURCE -D_BSD_SOURCE -D_DEFAULT_SOURCE -D_XOPEN_SOURCE conftest.c >&5
configure:3509: $? = 0
configure:3509: result: yes
configure:3509: checking pty.h presence
configure:3509: gcc -E  -D_POSIX_SOURCE -D_BSD_SOURCE -D_DEFAULT_SOURCE -D_XOPEN_SOURCE conftest.c
configure:3509: $? = 0
configure:3509: result: yes
configure:3509: checking for pty.h
configure:3509: result: yes
configure:3521: checking libutil.h usability
configure:3521: gcc -c -g -O2  -D_POSIX_SOURCE -D_BSD_SOURCE -D_DEFAULT_SOURCE -D_XOPEN_SOURCE conftest.c >&5
conftest.c:54:10: fatal error: libutil.h: No such file or directory
   54 | #include <libutil.h>
      |          ^~~~~~~~~~~
compilation terminated.
configure:3521: $? = 1
configure: failed program was:
| /* confdefs.h */
| #define PACKAGE_NAME "c3270"
| #define PACKAGE_TARNAME "c3270"
| #define PACKAGE_VERSION "4.0"
| #define PACKAGE_STRING "c3270 4.0"
| #define PACKAGE_BUGREPORT ""
| #define PACKAGE_URL ""
| #define STDC_HEADERS 1
| #define HAVE_SYS_TYPES_H 1
| #define HAVE_SYS_STAT_H 1
| #define HAVE_STDLIB_H 1
| #define HAVE_STRING_H 1
| #define HAVE_MEMORY_H 1
| #define HAVE_STRINGS_H 1
| #define HAVE_INTTYPES_H 1
| #define HAVE_STDINT_H 1
| #define HAVE_UNISTD_H 1
| #define HAVE_SYS_SELECT_H 1
| #define HAVE_PTY_H 1
| /* end confdefs.h.  */
| #include <stdio.h>
| #ifdef HAVE_SYS_TYPES_H
| # include <sys/types.h>
| #endif
| #ifdef HAVE_SYS_STAT_H
| # include <sys/stat.h>
| #endif
| #ifdef STDC_HEADERS
| # include <stdlib.h>
| # include <stddef.h>
| #else
| # ifdef HAVE_STDLIB_H
| #  include <stdlib.h>
| # endif
| #endif
| #ifdef HAVE_STRING_H
| # if !defined STDC_HEADERS && defined HAVE_MEMORY_H
| #  include <memory.h>
| # endif
| # include <string.h>
| #endif
| #ifdef HAVE_STRINGS_H
| # include <strings.h>
| #endif
| #ifdef HAVE_INTTYPES_H
| # include <inttypes.h>
| #endif
| #ifdef HAVE_STDINT_H
| # include <stdint.h>
| #endif
| #ifdef HAVE_UNISTD_H
| # include <unistd.h>
| #endif
| #include <libutil.h>
configure:3521: result: no
configure:3521: checking libutil.h presence
configure:3521: gcc -E  -D_POSIX_SOURCE -D_BSD_SOURCE -D_DEFAULT_SOURCE -D_XOPEN_SOURCE conftest.c
conftest.c:21:10: fatal error: libutil.h: No such file or directory
   21 | #include <libutil.h>
      |          ^~~~~~~~~~~
compilation terminated.
configure:3521: $? = 1
configure: failed program was:
| /* confdefs.h */
| #define PACKAGE_NAME "c3270"
| #define PACKAGE_TARNAME "c3270"
| #define PACKAGE_VERSION "4.0"
| #define PACKAGE_STRING "c3270 4.0"
| #define PACKAGE_BUGREPORT ""
| #define PACKAGE_URL ""
| #define STDC_HEADERS 1
| #define HAVE_SYS_TYPES_H 1
| #define HAVE_SYS_STAT_H 1
| #define HAVE_STDLIB_H 1
| #define HAVE_STRING_H 1
| #define HAVE_MEMORY_H 1
| #define HAVE_STRINGS_H 1
| #define HAVE_INTTYPES_H 1
| #define HAVE_STDINT_H 1
| #define HAVE_UNISTD_H 1
| #define HAVE_SYS_SELECT_H 1
| #define HAVE_PTY_H 1
| /* end confdefs.h.  */
| #include <libutil.h>
configure:3521: result: no
configure:3521: checking for libutil.h
configure:3521: result: no
configure:3533: checking util.h usability
configure:3533: gcc -c -g -O2  -D_POSIX_SOURCE -D_BSD_SOURCE -D_DEFAULT_SOURCE -D_XOPEN_SOURCE conftest.c >&5
conftest.c:54:10: fatal error: util.h: No such file or directory
   54 | #include <util.h>
      |          ^~~~~~~~
compilation terminated.
configure:3533: $? = 1
configure: failed program was:
| /* confdefs.h */
| #define PACKAGE_NAME "c3270"
| #define PACKAGE_TARNAME "c3270"
| #define PACKAGE_VERSION "4.0"
| #define PACKAGE_STRING "c3270 4.0"
| #define PACKAGE_BUGREPORT ""
| #define PACKAGE_URL ""
| #define STDC_HEADERS 1
| #define HAVE_SYS_TYPES_H 1
| #define HAVE_SYS_STAT_H 1
| #define HAVE_STDLIB_H 1
| #define HAVE_STRING_H 1
| #define HAVE_MEMORY_H 1
| #define HAVE_STRINGS_H 1
| #define HAVE_INTTYPES_H 1
| #define HAVE_STDINT_H 1
| #define HAVE_UNISTD_H 1
| #define HAVE_SYS_SELECT_H 1
| #define HAVE_PTY_H 1
| /* end confdefs.h.  */
| #include <stdio.h>
| #ifdef HAVE_SYS_TYPES_H
| # include <sys/types.h>
| #endif
| #ifdef HAVE_SYS_STAT_H
| # include <sys/stat.h>
| #endif
| #ifdef STDC_HEADERS
| # include <stdlib.h>
| # include <stddef.h>
| #else
| # ifdef HAVE_STDLIB_H
| #  include <stdlib.h>
| # endif
| #endif
| #ifdef HAVE_STRING_H
| # if !defined STDC_HEADERS && defined HAVE_MEMORY_H
| #  include <memory.h>
| # endif
| # include <string.h>
| #endif
| #ifdef HAVE_STRINGS_H
| # include <strings.h>
| #endif
| #ifdef HAVE_INTTYPES_H
| # include <inttypes.h>
| #endif
| #ifdef HAVE_STDINT_H
| # include <stdint.h>
| #endif
| #ifdef HAVE_UNISTD_H
| # include <unistd.h>
| #endif
| #include <util.h>
configure:3533: result: no
configure:3533: checking util.h presence
configure:3533: gcc -E  -D_POSIX_SOURCE -D_BSD_SOURCE -D_DEFAULT_SOURCE -D_XOPEN_SOURCE conftest.c
conftest.c:21:10: fatal error: util.h: No such file or directory
   21 | #include <util.h>
      |          ^~~~~~~~
compilation terminated.
configure:3533: $? = 1
configure: failed program was:
| /* confdefs.h */
| #define PACKAGE_NAME "c3270"
| #define PACKAGE_TARNAME "c3270"
| #define PACKAGE_VERSION "4.0"
| #define PACKAGE_STRING "c3270 4.0"
| #define PACKAGE_BUGREPORT ""
| #define PACKAGE_URL ""
| #define STDC_HEADERS 1
| #define HAVE_SYS_TYPES_H 1
| #define HAVE_SYS_STAT_H 1
| #define HAVE_STDLIB_H 1
| #define HAVE_STRING_H 1
| #define HAVE_MEMORY_H 1
| #define HAVE_STRINGS_H 1
| #define HAVE_INTTYPES_H 1
| #define HAVE_STDINT_H 1
| #define HAVE_UNISTD_H 1
| #define HAVE_SYS_SELECT_H 1
| #define HAVE_PTY_H 1
| /* end confdefs.h.  */
| #include <util.h>
configure:3533: result: no
configure:3533: checking for util.h
configure:3533: result: no
configure:3545: checking getopt.h usability
configure:3545: gcc -c -g -O2  -D_POSIX_SOURCE -D_BSD_SOURCE -D_DEFAULT_SOURCE -D_XOPEN_SOURCE conftest.c >&5
configure:3545: $? = 0
configure:3545: result: yes
configure:3545: checking getopt.h presence
configure:3545: gcc -E  -D_POSIX_SOURCE -D_BSD_SOURCE -D_DEFAULT_SOURCE -D_XOPEN_SOURCE conftest.c
configure:3545: $? = 0
configure:3545: result: yes
configure:3545: checking for getopt.h
configure:3545: result: yes
configure:3557: checking ncursesw/ncurses.h usability
configure:3557: gcc -c -g -O2  -D_POSIX_SOURCE -D_BSD_SOURCE -D_DEFAULT_SOURCE -D_XOPEN_SOURCE conftest.c >&5
configure:3557: $? = 0
configure:3557: result: yes
configure:3557: checking ncursesw/ncurses.h presence
configure:3557: gcc -E  -D_POSIX_SOURCE -D_BSD_SOURCE -D_DEFAULT_SOURCE -D_XOPEN_SOURCE conftest.c
configure:3557: $? = 0
configure:3557: result: yes
configure:3557: checking for ncursesw/ncurses.h
configure:3557: result: yes
configure:3610: checking ncursesw/term.h usability
configure:3610: gcc -c -g -O2  -D_POSIX_SOURCE -D_BSD_SOURCE -D_DEFAULT_SOURCE -D_XOPEN_SOURCE conftest.c >&5
configure:3610: $? = 0
configure:3610: result: yes
configure:3610: checking ncursesw/term.h presence
configure:3610: gcc -E  -D_POSIX_SOURCE -D_BSD_SOURCE -D_DEFAULT_SOURCE -D_XOPEN_SOURCE conftest.c
configure:3610: $? = 0
configure:3610: result: yes
configure:3610: checking for ncursesw/term.h
configure:3610: result: yes
configure:3654: checking for library containing forkpty
configure:3685: gcc -o conftest -g -O2  -D_POSIX_SOURCE -D_BSD_SOURCE -D_DEFAULT_SOURCE -D_XOPEN_SOURCE  conftest.c  >&5
/usr/bin/ld: /tmp/cc4FQ0Aj.o: in function `main':
/home/mainframe/UTIL/patched_3270/c3270/conftest.c:35: undefined reference to `forkpty'
collect2: error: ld returned 1 exit status
configure:3685: $? = 1
configure: failed program was:
| /* confdefs.h */
| #define PACKAGE_NAME "c3270"
| #define PACKAGE_TARNAME "c3270"
| #define PACKAGE_VERSION "4.0"
| #define PACKAGE_STRING "c3270 4.0"
| #define PACKAGE_BUGREPORT ""
| #define PACKAGE_URL ""
| #define STDC_HEADERS 1
| #define HAVE_SYS_TYPES_H 1
| #define HAVE_SYS_STAT_H 1
| #define HAVE_STDLIB_H 1
| #define HAVE_STRING_H 1
| #define HAVE_MEMORY_H 1
| #define HAVE_STRINGS_H 1
| #define HAVE_INTTYPES_H 1
| #define HAVE_STDINT_H 1
| #define HAVE_UNISTD_H 1
| #define HAVE_SYS_SELECT_H 1
| #define HAVE_PTY_H 1
| #define HAVE_GETOPT_H 1
| #define HAVE_NCURSESW_NCURSES_H 1
| #define HAVE_NCURSESW_TERM_H 1
| /* end confdefs.h.  */
| 
| /* Override any GCC internal prototype to avoid an error.
|    Use char because int might match the return type of a GCC
|    builtin and then its argument prototype would still apply.  */
| #ifdef __cplusplus
| extern "C"
| #endif
| char forkpty ();
| int
| main ()
| {
| return forkpty ();
|   ;
|   return 0;
| }
configure:3685: gcc -o conftest -g -O2  -D_POSIX_SOURCE -D_BSD_SOURCE -D_DEFAULT_SOURCE -D_XOPEN_SOURCE  conftest.c -lutil   >&5
configure:3685: $? = 0
configure:3702: result: -lutil
configure:3712: checking for forkpty
configure:3712: gcc -o conftest -g -O2  -D_POSIX_SOURCE -D_BSD_SOURCE -D_DEFAULT_SOURCE -D_XOPEN_SOURCE  conftest.c -lutil  >&5
configure:3712: $? = 0
configure:3712: result: yes
configure:3721: checking for library containing newterm
configure:3752: gcc -o conftest -g -O2  -D_POSIX_SOURCE -D_BSD_SOURCE -D_DEFAULT_SOURCE -D_XOPEN_SOURCE  conftest.c -lutil  >&5
/usr/bin/ld: /tmp/cc48cc7X.o: in function `main':
/home/mainframe/UTIL/patched_3270/c3270/conftest.c:36: undefined reference to `newterm'
collect2: error: ld returned 1 exit status
configure:3752: $? = 1
configure: failed program was:
| /* confdefs.h */
| #define PACKAGE_NAME "c3270"
| #define PACKAGE_TARNAME "c3270"
| #define PACKAGE_VERSION "4.0"
| #define PACKAGE_STRING "c3270 4.0"
| #define PACKAGE_BUGREPORT ""
| #define PACKAGE_URL ""
| #define STDC_HEADERS 1
| #define HAVE_SYS_TYPES_H 1
| #define HAVE_SYS_STAT_H 1
| #define HAVE_STDLIB_H 1
| #define HAVE_STRING_H 1
| #define HAVE_MEMORY_H 1
| #define HAVE_STRINGS_H 1
| #define HAVE_INTTYPES_H 1
| #define HAVE_STDINT_H 1
| #define HAVE_UNISTD_H 1
| #define HAVE_SYS_SELECT_H 1
| #define HAVE_PTY_H 1
| #define HAVE_GETOPT_H 1
| #define HAVE_NCURSESW_NCURSES_H 1
| #define HAVE_NCURSESW_TERM_H 1
| #define HAVE_FORKPTY 1
| /* end confdefs.h.  */
| 
| /* Override any GCC internal prototype to avoid an error.
|    Use char because int might match the return type of a GCC
|    builtin and then its argument prototype would still apply.  */
| #ifdef __cplusplus
| extern "C"
| #endif
| char newterm ();
| int
| main ()
| {
| return newterm ();
|   ;
|   return 0;
| }
configure:3752: gcc -o conftest -g -O2  -D_POSIX_SOURCE -D_BSD_SOURCE -D_DEFAULT_SOURCE -D_XOPEN_SOURCE  conftest.c -lncursesw  -lutil  >&5
configure:3752: $? = 0
configure:3769: result: -lncursesw
configure:3779: checking for library containing setupterm
configure:3810: gcc -o conftest -g -O2  -D_POSIX_SOURCE -D_BSD_SOURCE -D_DEFAULT_SOURCE -D_XOPEN_SOURCE  conftest.c -lncursesw -lutil  >&5
configure:3810: $? = 0
configure:3827: result: none required
configure:3838: checking for rl_initialize in -lreadline
configure:3863: gcc -o conftest -g -O2  -D_POSIX_SOURCE -D_BSD_SOURCE -D_DEFAULT_SOURCE -D_XOPEN_SOURCE  conftest.c -lreadline  -lncursesw -lutil  >&5
/usr/bin/ld: cannot find -lreadline
collect2: error: ld returned 1 exit status
configure:3863: $? = 1
configure: failed program was:
| /* confdefs.h */
| #define PACKAGE_NAME "c3270"
| #define PACKAGE_TARNAME "c3270"
| #define PACKAGE_VERSION "4.0"
| #define PACKAGE_STRING "c3270 4.0"
| #define PACKAGE_BUGREPORT ""
| #define PACKAGE_URL ""
| #define STDC_HEADERS 1
| #define HAVE_SYS_TYPES_H 1
| #define HAVE_SYS_STAT_H 1
| #define HAVE_STDLIB_H 1
| #define HAVE_STRING_H 1
| #define HAVE_MEMORY_H 1
| #define HAVE_STRINGS_H 1
| #define HAVE_INTTYPES_H 1
| #define HAVE_STDINT_H 1
| #define HAVE_UNISTD_H 1
| #define HAVE_SYS_SELECT_H 1
| #define HAVE_PTY_H 1
| #define HAVE_GETOPT_H 1
| #define HAVE_NCURSESW_NCURSES_H 1
| #define HAVE_NCURSESW_TERM_H 1
| #define HAVE_FORKPTY 1
| /* end confdefs.h.  */
| 
| /* Override any GCC internal prototype to avoid an error.
|    Use char because int might match the return type of a GCC
|    builtin and then its argument prototype would still apply.  */
| #ifdef __cplusplus
| extern "C"
| #endif
| char rl_initialize ();
| int
| main ()
| {
| return rl_initialize ();
|   ;
|   return 0;
| }
configure:3872: result: no
configure:3884: checking for library containing gethostbyname
configure:3915: gcc -o conftest -g -O2  -D_POSIX_SOURCE -D_BSD_SOURCE -D_DEFAULT_SOURCE -D_XOPEN_SOURCE  conftest.c -lncursesw -lutil  >&5
configure:3915: $? = 0
configure:3932: result: none required
configure:3940: checking for library containing socket
configure:3971: gcc -o conftest -g -O2  -D_POSIX_SOURCE -D_BSD_SOURCE -D_DEFAULT_SOURCE -D_XOPEN_SOURCE  conftest.c -lncursesw -lutil  >&5
configure:3971: $? = 0
configure:3988: result: none required
configure:4007: checking for use_default_colors
configure:4007: gcc -o conftest -g -O2  -D_POSIX_SOURCE -D_BSD_SOURCE -D_DEFAULT_SOURCE -D_XOPEN_SOURCE  conftest.c -lncursesw -lutil  >&5
configure:4007: $? = 0
configure:4007: result: yes
configure:4019: checking for vasprintf
configure:4019: gcc -o conftest -g -O2  -D_POSIX_SOURCE -D_BSD_SOURCE -D_DEFAULT_SOURCE -D_XOPEN_SOURCE  conftest.c -lncursesw -lutil  >&5
configure:4019: $? = 0
configure:4019: result: yes
configure:4028: checking for _LARGEFILE_SOURCE value needed for large files
configure:4047: gcc -o conftest -g -O2  -D_POSIX_SOURCE -D_BSD_SOURCE -D_DEFAULT_SOURCE -D_XOPEN_SOURCE  conftest.c -lncursesw -lutil  >&5
configure:4047: $? = 0
configure:4075: result: no
configure:4097: checking for library containing wadd_wch
configure:4128: gcc -o conftest -g -O2  -D_POSIX_SOURCE -D_BSD_SOURCE -D_DEFAULT_SOURCE -D_XOPEN_SOURCE  conftest.c -lncursesw -lutil  >&5
configure:4128: $? = 0
configure:4145: result: none required
configure:4161: checking for tiparm
configure:4161: gcc -o conftest -g -O2  -D_POSIX_SOURCE -D_BSD_SOURCE -D_DEFAULT_SOURCE -D_XOPEN_SOURCE  conftest.c -lncursesw -lutil  >&5
configure:4161: $? = 0
configure:4161: result: yes
configure:4173: checking for less
configure:4191: found /usr/bin/less
configure:4203: result: /usr/bin/less
configure:4217: checking for more
configure:4235: found /usr/bin/more
configure:4247: result: /usr/bin/more
configure:4405: creating ./config.status

## ---------------------- ##
## Running config.status. ##
## ---------------------- ##

This file was extended by c3270 config.status 4.0, which was
generated by GNU Autoconf 2.68.  Invocation command line was

  CONFIG_FILES    = 
  CONFIG_HEADERS  = 
  CONFIG_LINKS    = 
  CONFIG_COMMANDS = 
  $ ./config.status 

on ubuntu

config.status:841: creating Makefile
config.status:841: creating Makefile.obj
config.status:841: creating conf.h
config.status:1016: conf.h is unchanged

## ---------------- ##
## Cache variables. ##
## ---------------- ##

ac_cv_build=x86_64-unknown-linux-gnu
ac_cv_c_compiler_gnu=yes
ac_cv_env_CC_set=
ac_cv_env_CC_value=
ac_cv_env_CFLAGS_set=
ac_cv_env_CFLAGS_value=
ac_cv_env_CPPFLAGS_set=
ac_cv_env_CPPFLAGS_value=
ac_cv_env_CPP_set=
ac_cv_env_CPP_value=
ac_cv_env_LDFLAGS_set=
ac_cv_env_LDFLAGS_value=
ac_cv_env_LIBS_set=
ac_cv_env_LIBS_value=
ac_cv_env_build_alias_set=
ac_cv_env_build_alias_value=
ac_cv_env_host_alias_set=
ac_cv_env_host_alias_value=
ac_cv_env_target_alias_set=
ac_cv_env_target_alias_value=
ac_cv_func_forkpty=yes
ac_cv_func_tiparm=yes
ac_cv_func_use_default_colors=yes
ac_cv_func_vasprintf=yes
ac_cv_header_getopt_h=yes
ac_cv_header_inttypes_h=yes
ac_cv_header_libutil_h=no
ac_cv_header_memory_h=yes
ac_cv_header_ncursesw_ncurses_h=yes
ac_cv_header_ncursesw_term_h=yes
ac_cv_header_pty_h=yes
ac_cv_header_readline_history_h=no
ac_cv_header_stdc=yes
ac_cv_header_stdint_h=yes
ac_cv_header_stdlib_h=yes
ac_cv_header_string_h=yes
ac_cv_header_strings_h=yes
ac_cv_header_sys_select_h=yes
ac_cv_header_sys_stat_h=yes
ac_cv_header_sys_types_h=yes
ac_cv_header_unistd_h=yes
ac_cv_header_util_h=no
ac_cv_host=x86_64-unknown-linux-gnu
ac_cv_lib_readline_rl_initialize=no
ac_cv_objext=o
ac_cv_path_EGREP='/usr/bin/grep -E'
ac_cv_path_GREP=/usr/bin/grep
ac_cv_path_LESSPATH=/usr/bin/less
ac_cv_path_MOREPATH=/usr/bin/more
ac_cv_path_install='/usr/bin/install -c'
ac_cv_prog_CPP='gcc -E'
ac_cv_prog_ac_ct_CC=gcc
ac_cv_prog_cc_c89=
ac_cv_prog_cc_g=yes
ac_cv_search_forkpty=-lutil
ac_cv_search_gethostbyname='none required'
ac_cv_search_newterm=-lncursesw
ac_cv_search_setupterm='none required'
ac_cv_search_socket='none required'
ac_cv_search_wadd_wch='none required'
ac_cv_sys_largefile_source=no

## ----------------- ##
## Output variables. ##
## ----------------- ##

BROKEN_NEWTERM=''
CC='gcc'
CCOPTIONS=' -Wall -Wsign-compare -std=c99 -pedantic -Wno-variadic-macros -MMD -MP'
CFLAGS='-g -O2'
CPP='gcc -E'
CPPFLAGS=' -D_POSIX_SOURCE -D_BSD_SOURCE -D_DEFAULT_SOURCE -D_XOPEN_SOURCE'
CURSES_WIDE=''
DBCS='-DX3270_DBCS=1'
DEFS='-DHAVE_CONFIG_H'
ECHO_C=''
ECHO_N='-n'
ECHO_T=''
EGREP='/usr/bin/grep -E'
EXEEXT=''
GREP='/usr/bin/grep'
INSTALL_DATA='${INSTALL} -m 644'
INSTALL_PROGRAM='${INSTALL}'
INSTALL_SCRIPT='${INSTALL}'
LDFLAGS=''
LESSPATH='/usr/bin/less'
LIBOBJS=''
LIBS='-lncursesw -lutil '
LIBX3270DIR='${sysconfdir}/x3270'
LTLIBOBJS=''
MOREPATH='/usr/bin/more'
OBJEXT='o'
PACKAGE_BUGREPORT=''
PACKAGE_NAME='c3270'
PACKAGE_STRING='c3270 4.0'
PACKAGE_TARNAME='c3270'
PACKAGE_URL=''
PACKAGE_VERSION='4.0'
PATH_SEPARATOR=':'
SHELL='/bin/bash'
ac_ct_CC='gcc'
bindir='${exec_prefix}/bin'
build='x86_64-unknown-linux-gnu'
build_alias=''
build_cpu='x86_64'
build_os='linux-gnu'
build_vendor='unknown'
datadir='${datarootdir}'
datarootdir='${prefix}/share'
docdir='${datarootdir}/doc/${PACKAGE_TARNAME}'
dvidir='${docdir}'
exec_prefix='${prefix}'
host='x86_64-unknown-linux-gnu'
host_alias=''
host_cpu='x86_64'
host_os='linux-gnu'
host_vendor='unknown'
htmldir='${docdir}'
includedir='${prefix}/include'
infodir='${datarootdir}/info'
libdir='${exec_prefix}/lib'
libexecdir='${exec_prefix}/libexec'
localedir='${datarootdir}/locale'
localstatedir='${prefix}/var'
mandir='${datarootdir}/man'
oldincludedir='/usr/include'
pdfdir='${docdir}'
prefix='/usr/local'
program_transform_name='s,x,x,'
psdir='${docdir}'
sbindir='${exec_prefix}/sbin'
sharedstatedir='${prefix}/com'
sysconfdir='${prefix}/etc'
target_alias=''

## ----------- ##
## confdefs.h. ##
## ----------- ##

/* confdefs.h */
#define PACKAGE_NAME "c3270"
#define PACKAGE_TARNAME "c3270"
#define PACKAGE_VERSION "4.0"
#define PACKAGE_STRING "c3270 4.0"
#define PACKAGE_BUGREPORT ""
#define PACKAGE_URL ""
#define STDC_HEADERS 1
#define HAVE_SYS_TYPES_H 1
#define HAVE_SYS_STAT_H 1
#define HAVE_STDLIB_H 1
#define HAVE_STRING_H 1
#define HAVE_MEMORY_H 1
#define HAVE_STRINGS_H 1
#define HAVE_INTTYPES_H 1
#define HAVE_STDINT_H 1
#define HAVE_UNISTD_H 1
#define HAVE_SYS_SELECT_H 1
#define HAVE_PTY_H 1
#define HAVE_GETOPT_H 1
#define HAVE_NCURSESW_NCURSES_H 1
#define HAVE_NCURSESW_TERM_H 1
#define HAVE_FORKPTY 1
#define HAVE_USE_DEFAULT_COLORS 1
#define HAVE_VASPRINTF 1
#define HAVE_FSEEKO 1
#define CURSES_WIDE 1
#define HAVE_TIPARM 1
#define LESSPATH "/usr/bin/less"
#define MOREPATH "/usr/bin/more"
#define X3270_DBCS 1
#define X3270_LOCAL_PROCESS 1
#define X3270_IPV6 1

configure: exit 0
