This file contains any messages produced by compilers while
running configure, to aid debugging if configure makes a mistake.

It was created by suite3270-lib configure 4.0, which was
generated by GNU Autoconf 2.69.  Invocation command line was

  $ ./configure --disable-option-checking --prefix=/usr/local --cache-file=/dev/null --srcdir=.

## --------- ##
## Platform. ##
## --------- ##

hostname = ubuntu
uname -m = x86_64
uname -r = 5.8.0-53-generic
uname -s = Linux
uname -v = #60~20.04.1-Ubuntu SMP Thu May 6 09:52:46 UTC 2021

/usr/bin/uname -p = x86_64
/bin/uname -X     = unknown

/bin/arch              = x86_64
/usr/bin/arch -k       = unknown
/usr/convex/getsysinfo = unknown
/usr/bin/hostinfo      = unknown
/bin/machine           = unknown
/usr/bin/oslevel       = unknown
/bin/universe          = unknown

PATH: /home/mainframe/.local/bin
PATH: /usr/local/sbin
PATH: /usr/local/bin
PATH: /usr/sbin
PATH: /usr/bin
PATH: /sbin
PATH: /bin
PATH: /usr/games
PATH: /usr/local/games
PATH: /snap/bin
PATH: /opt/mqm/bin/


## ----------- ##
## Core tests. ##
## ----------- ##

configure:2230: checking for a BSD-compatible install
configure:2298: result: /usr/bin/install -c
configure:2357: checking for gcc
configure:2373: found /usr/bin/gcc
configure:2384: result: gcc
configure:2613: checking for C compiler version
configure:2622: gcc --version >&5
gcc (Ubuntu 9.3.0-17ubuntu1~20.04) 9.3.0
Copyright (C) 2019 Free Software Foundation, Inc.
This is free software; see the source for copying conditions.  There is NO
warranty; not even for MERCHANTABILITY or FITNESS FOR A PARTICULAR PURPOSE.

configure:2633: $? = 0
configure:2622: gcc -v >&5
Using built-in specs.
COLLECT_GCC=gcc
COLLECT_LTO_WRAPPER=/usr/lib/gcc/x86_64-linux-gnu/9/lto-wrapper
OFFLOAD_TARGET_NAMES=nvptx-none:hsa
OFFLOAD_TARGET_DEFAULT=1
Target: x86_64-linux-gnu
Configured with: ../src/configure -v --with-pkgversion='Ubuntu 9.3.0-17ubuntu1~20.04' --with-bugurl=file:///usr/share/doc/gcc-9/README.Bugs --enable-languages=c,ada,c++,go,brig,d,fortran,objc,obj-c++,gm2 --prefix=/usr --with-gcc-major-version-only --program-suffix=-9 --program-prefix=x86_64-linux-gnu- --enable-shared --enable-linker-build-id --libexecdir=/usr/lib --without-included-gettext --enable-threads=posix --libdir=/usr/lib --enable-nls --enable-clocale=gnu --enable-libstdcxx-debug --enable-libstdcxx-time=yes --with-default-libstdcxx-abi=new --enable-gnu-unique-object --disable-vtable-verify --enable-plugin --enable-default-pie --with-system-zlib --with-target-system-zlib=auto --enable-objc-gc=auto --enable-multiarch --disable-werror --with-arch-32=i686 --with-abi=m64 --with-multilib-list=m32,m64,mx32 --enable-multilib --with-tune=generic --enable-offload-targets=nvptx-none=/build/gcc-9-HskZEa/gcc-9-9.3.0/debian/tmp-nvptx/usr,hsa --without-cuda-driver --enable-checking=release --build=x86_64-linux-gnu --host=x86_64-linux-gnu --target=x86_64-linux-gnu
Thread model: posix
gcc version 9.3.0 (Ubuntu 9.3.0-17ubuntu1~20.04) 
configure:2633: $? = 0
configure:2622: gcc -V >&5
gcc: error: unrecognized command line option '-V'
gcc: fatal error: no input files
compilation terminated.
configure:2633: $? = 1
configure:2622: gcc -qversion >&5
gcc: error: unrecognized command line option '-qversion'; did you mean '--version'?
gcc: fatal error: no input files
compilation terminated.
configure:2633: $? = 1
configure:2653: checking whether the C compiler works
configure:2675: gcc    conftest.c  >&5
configure:2679: $? = 0
configure:2727: result: yes
configure:2730: checking for C compiler default output file name
configure:2732: result: a.out
configure:2738: checking for suffix of executables
configure:2745: gcc -o conftest    conftest.c  >&5
configure:2749: $? = 0
configure:2771: result: 
configure:2793: checking whether we are cross compiling
configure:2801: gcc -o conftest    conftest.c  >&5
configure:2805: $? = 0
configure:2812: ./conftest
configure:2816: $? = 0
configure:2804: result: no
configure:2809: checking for suffix of object files
configure:2831: gcc -c   conftest.c >&5
configure:2835: $? = 0
configure:2856: result: o
configure:2860: checking whether we are using the GNU C compiler
configure:2879: gcc -c   conftest.c >&5
configure:2879: $? = 0
configure:2888: result: yes
configure:2897: checking whether gcc accepts -g
configure:2917: gcc -c -g  conftest.c >&5
configure:2917: $? = 0
configure:2958: result: yes
configure:2975: checking for gcc option to accept ISO C89
configure:3038: gcc  -c -g -O2  conftest.c >&5
configure:3038: $? = 0
configure:3051: result: none needed
configure:3114: checking for ranlib
configure:3130: found /usr/bin/ranlib
configure:3141: result: ranlib
configure:3212: checking for ar
configure:3228: found /usr/bin/ar
configure:3239: result: ar
configure:3268: checking build system type
configure:3282: result: x86_64-unknown-linux-gnu
configure:3302: checking host system type
configure:3315: result: x86_64-unknown-linux-gnu
configure:3366: checking how to run the C preprocessor
configure:3397: gcc -E  -D_POSIX_SOURCE -D_BSD_SOURCE -D_DEFAULT_SOURCE -D_XOPEN_SOURCE -D_GNU_SOURCE conftest.c
configure:3397: $? = 0
configure:3411: gcc -E  -D_POSIX_SOURCE -D_BSD_SOURCE -D_DEFAULT_SOURCE -D_XOPEN_SOURCE -D_GNU_SOURCE conftest.c
conftest.c:9:10: fatal error: ac_nonexistent.h: No such file or directory
    9 | #include <ac_nonexistent.h>
      |          ^~~~~~~~~~~~~~~~~~
compilation terminated.
configure:3411: $? = 1
configure: failed program was:
| /* confdefs.h */
| #define PACKAGE_NAME "suite3270-lib"
| #define PACKAGE_TARNAME "suite3270-lib"
| #define PACKAGE_VERSION "4.0"
| #define PACKAGE_STRING "suite3270-lib 4.0"
| #define PACKAGE_BUGREPORT ""
| #define PACKAGE_URL ""
| /* end confdefs.h.  */
| #include <ac_nonexistent.h>
configure:3436: result: gcc -E
configure:3456: gcc -E  -D_POSIX_SOURCE -D_BSD_SOURCE -D_DEFAULT_SOURCE -D_XOPEN_SOURCE -D_GNU_SOURCE conftest.c
configure:3456: $? = 0
configure:3470: gcc -E  -D_POSIX_SOURCE -D_BSD_SOURCE -D_DEFAULT_SOURCE -D_XOPEN_SOURCE -D_GNU_SOURCE conftest.c
conftest.c:9:10: fatal error: ac_nonexistent.h: No such file or directory
    9 | #include <ac_nonexistent.h>
      |          ^~~~~~~~~~~~~~~~~~
compilation terminated.
configure:3470: $? = 1
configure: failed program was:
| /* confdefs.h */
| #define PACKAGE_NAME "suite3270-lib"
| #define PACKAGE_TARNAME "suite3270-lib"
| #define PACKAGE_VERSION "4.0"
| #define PACKAGE_STRING "suite3270-lib 4.0"
| #define PACKAGE_BUGREPORT ""
| #define PACKAGE_URL ""
| /* end confdefs.h.  */
| #include <ac_nonexistent.h>
configure:3499: checking for grep that handles long lines and -e
configure:3557: result: /usr/bin/grep
configure:3562: checking for egrep
configure:3624: result: /usr/bin/grep -E
configure:3629: checking for ANSI C header files
configure:3649: gcc -c -g -O2  -D_POSIX_SOURCE -D_BSD_SOURCE -D_DEFAULT_SOURCE -D_XOPEN_SOURCE -D_GNU_SOURCE conftest.c >&5
configure:3649: $? = 0
configure:3722: gcc -o conftest -g -O2  -D_POSIX_SOURCE -D_BSD_SOURCE -D_DEFAULT_SOURCE -D_XOPEN_SOURCE -D_GNU_SOURCE  conftest.c  >&5
configure:3722: $? = 0
configure:3722: ./conftest
configure:3722: $? = 0
configure:3733: result: yes
configure:3746: checking for sys/types.h
configure:3746: gcc -c -g -O2  -D_POSIX_SOURCE -D_BSD_SOURCE -D_DEFAULT_SOURCE -D_XOPEN_SOURCE -D_GNU_SOURCE conftest.c >&5
configure:3746: $? = 0
configure:3746: result: yes
configure:3746: checking for sys/stat.h
configure:3746: gcc -c -g -O2  -D_POSIX_SOURCE -D_BSD_SOURCE -D_DEFAULT_SOURCE -D_XOPEN_SOURCE -D_GNU_SOURCE conftest.c >&5
configure:3746: $? = 0
configure:3746: result: yes
configure:3746: checking for stdlib.h
configure:3746: gcc -c -g -O2  -D_POSIX_SOURCE -D_BSD_SOURCE -D_DEFAULT_SOURCE -D_XOPEN_SOURCE -D_GNU_SOURCE conftest.c >&5
configure:3746: $? = 0
configure:3746: result: yes
configure:3746: checking for string.h
configure:3746: gcc -c -g -O2  -D_POSIX_SOURCE -D_BSD_SOURCE -D_DEFAULT_SOURCE -D_XOPEN_SOURCE -D_GNU_SOURCE conftest.c >&5
configure:3746: $? = 0
configure:3746: result: yes
configure:3746: checking for memory.h
configure:3746: gcc -c -g -O2  -D_POSIX_SOURCE -D_BSD_SOURCE -D_DEFAULT_SOURCE -D_XOPEN_SOURCE -D_GNU_SOURCE conftest.c >&5
configure:3746: $? = 0
configure:3746: result: yes
configure:3746: checking for strings.h
configure:3746: gcc -c -g -O2  -D_POSIX_SOURCE -D_BSD_SOURCE -D_DEFAULT_SOURCE -D_XOPEN_SOURCE -D_GNU_SOURCE conftest.c >&5
configure:3746: $? = 0
configure:3746: result: yes
configure:3746: checking for inttypes.h
configure:3746: gcc -c -g -O2  -D_POSIX_SOURCE -D_BSD_SOURCE -D_DEFAULT_SOURCE -D_XOPEN_SOURCE -D_GNU_SOURCE conftest.c >&5
configure:3746: $? = 0
configure:3746: result: yes
configure:3746: checking for stdint.h
configure:3746: gcc -c -g -O2  -D_POSIX_SOURCE -D_BSD_SOURCE -D_DEFAULT_SOURCE -D_XOPEN_SOURCE -D_GNU_SOURCE conftest.c >&5
configure:3746: $? = 0
configure:3746: result: yes
configure:3746: checking for unistd.h
configure:3746: gcc -c -g -O2  -D_POSIX_SOURCE -D_BSD_SOURCE -D_DEFAULT_SOURCE -D_XOPEN_SOURCE -D_GNU_SOURCE conftest.c >&5
configure:3746: $? = 0
configure:3746: result: yes
configure:3760: checking sys/select.h usability
configure:3760: gcc -c -g -O2  -D_POSIX_SOURCE -D_BSD_SOURCE -D_DEFAULT_SOURCE -D_XOPEN_SOURCE -D_GNU_SOURCE conftest.c >&5
configure:3760: $? = 0
configure:3760: result: yes
configure:3760: checking sys/select.h presence
configure:3760: gcc -E  -D_POSIX_SOURCE -D_BSD_SOURCE -D_DEFAULT_SOURCE -D_XOPEN_SOURCE -D_GNU_SOURCE conftest.c
configure:3760: $? = 0
configure:3760: result: yes
configure:3760: checking for sys/select.h
configure:3760: result: yes
configure:3772: checking readline/history.h usability
configure:3772: gcc -c -g -O2  -D_POSIX_SOURCE -D_BSD_SOURCE -D_DEFAULT_SOURCE -D_XOPEN_SOURCE -D_GNU_SOURCE conftest.c >&5
conftest.c:53:10: fatal error: readline/history.h: No such file or directory
   53 | #include <readline/history.h>
      |          ^~~~~~~~~~~~~~~~~~~~
compilation terminated.
configure:3772: $? = 1
configure: failed program was:
| /* confdefs.h */
| #define PACKAGE_NAME "suite3270-lib"
| #define PACKAGE_TARNAME "suite3270-lib"
| #define PACKAGE_VERSION "4.0"
| #define PACKAGE_STRING "suite3270-lib 4.0"
| #define PACKAGE_BUGREPORT ""
| #define PACKAGE_URL ""
| #define STDC_HEADERS 1
| #define HAVE_SYS_TYPES_H 1
| #define HAVE_SYS_STAT_H 1
| #define HAVE_STDLIB_H 1
| #define HAVE_STRING_H 1
| #define HAVE_MEMORY_H 1
| #define HAVE_STRINGS_H 1
| #define HAVE_INTTYPES_H 1
| #define HAVE_STDINT_H 1
| #define HAVE_UNISTD_H 1
| #define HAVE_SYS_SELECT_H 1
| /* end confdefs.h.  */
| #include <stdio.h>
| #ifdef HAVE_SYS_TYPES_H
| # include <sys/types.h>
| #endif
| #ifdef HAVE_SYS_STAT_H
| # include <sys/stat.h>
| #endif
| #ifdef STDC_HEADERS
| # include <stdlib.h>
| # include <stddef.h>
| #else
| # ifdef HAVE_STDLIB_H
| #  include <stdlib.h>
| # endif
| #endif
| #ifdef HAVE_STRING_H
| # if !defined STDC_HEADERS && defined HAVE_MEMORY_H
| #  include <memory.h>
| # endif
| # include <string.h>
| #endif
| #ifdef HAVE_STRINGS_H
| # include <strings.h>
| #endif
| #ifdef HAVE_INTTYPES_H
| # include <inttypes.h>
| #endif
| #ifdef HAVE_STDINT_H
| # include <stdint.h>
| #endif
| #ifdef HAVE_UNISTD_H
| # include <unistd.h>
| #endif
| #include <readline/history.h>
configure:3772: result: no
configure:3772: checking readline/history.h presence
configure:3772: gcc -E  -D_POSIX_SOURCE -D_BSD_SOURCE -D_DEFAULT_SOURCE -D_XOPEN_SOURCE -D_GNU_SOURCE conftest.c
conftest.c:20:10: fatal error: readline/history.h: No such file or directory
   20 | #include <readline/history.h>
      |          ^~~~~~~~~~~~~~~~~~~~
compilation terminated.
configure:3772: $? = 1
configure: failed program was:
| /* confdefs.h */
| #define PACKAGE_NAME "suite3270-lib"
| #define PACKAGE_TARNAME "suite3270-lib"
| #define PACKAGE_VERSION "4.0"
| #define PACKAGE_STRING "suite3270-lib 4.0"
| #define PACKAGE_BUGREPORT ""
| #define PACKAGE_URL ""
| #define STDC_HEADERS 1
| #define HAVE_SYS_TYPES_H 1
| #define HAVE_SYS_STAT_H 1
| #define HAVE_STDLIB_H 1
| #define HAVE_STRING_H 1
| #define HAVE_MEMORY_H 1
| #define HAVE_STRINGS_H 1
| #define HAVE_INTTYPES_H 1
| #define HAVE_STDINT_H 1
| #define HAVE_UNISTD_H 1
| #define HAVE_SYS_SELECT_H 1
| /* end confdefs.h.  */
| #include <readline/history.h>
configure:3772: result: no
configure:3772: checking for readline/history.h
configure:3772: result: no
configure:3784: checking pty.h usability
configure:3784: gcc -c -g -O2  -D_POSIX_SOURCE -D_BSD_SOURCE -D_DEFAULT_SOURCE -D_XOPEN_SOURCE -D_GNU_SOURCE conftest.c >&5
configure:3784: $? = 0
configure:3784: result: yes
configure:3784: checking pty.h presence
configure:3784: gcc -E  -D_POSIX_SOURCE -D_BSD_SOURCE -D_DEFAULT_SOURCE -D_XOPEN_SOURCE -D_GNU_SOURCE conftest.c
configure:3784: $? = 0
configure:3784: result: yes
configure:3784: checking for pty.h
configure:3784: result: yes
configure:3796: checking libutil.h usability
configure:3796: gcc -c -g -O2  -D_POSIX_SOURCE -D_BSD_SOURCE -D_DEFAULT_SOURCE -D_XOPEN_SOURCE -D_GNU_SOURCE conftest.c >&5
conftest.c:54:10: fatal error: libutil.h: No such file or directory
   54 | #include <libutil.h>
      |          ^~~~~~~~~~~
compilation terminated.
configure:3796: $? = 1
configure: failed program was:
| /* confdefs.h */
| #define PACKAGE_NAME "suite3270-lib"
| #define PACKAGE_TARNAME "suite3270-lib"
| #define PACKAGE_VERSION "4.0"
| #define PACKAGE_STRING "suite3270-lib 4.0"
| #define PACKAGE_BUGREPORT ""
| #define PACKAGE_URL ""
| #define STDC_HEADERS 1
| #define HAVE_SYS_TYPES_H 1
| #define HAVE_SYS_STAT_H 1
| #define HAVE_STDLIB_H 1
| #define HAVE_STRING_H 1
| #define HAVE_MEMORY_H 1
| #define HAVE_STRINGS_H 1
| #define HAVE_INTTYPES_H 1
| #define HAVE_STDINT_H 1
| #define HAVE_UNISTD_H 1
| #define HAVE_SYS_SELECT_H 1
| #define HAVE_PTY_H 1
| /* end confdefs.h.  */
| #include <stdio.h>
| #ifdef HAVE_SYS_TYPES_H
| # include <sys/types.h>
| #endif
| #ifdef HAVE_SYS_STAT_H
| # include <sys/stat.h>
| #endif
| #ifdef STDC_HEADERS
| # include <stdlib.h>
| # include <stddef.h>
| #else
| # ifdef HAVE_STDLIB_H
| #  include <stdlib.h>
| # endif
| #endif
| #ifdef HAVE_STRING_H
| # if !defined STDC_HEADERS && defined HAVE_MEMORY_H
| #  include <memory.h>
| # endif
| # include <string.h>
| #endif
| #ifdef HAVE_STRINGS_H
| # include <strings.h>
| #endif
| #ifdef HAVE_INTTYPES_H
| # include <inttypes.h>
| #endif
| #ifdef HAVE_STDINT_H
| # include <stdint.h>
| #endif
| #ifdef HAVE_UNISTD_H
| # include <unistd.h>
| #endif
| #include <libutil.h>
configure:3796: result: no
configure:3796: checking libutil.h presence
configure:3796: gcc -E  -D_POSIX_SOURCE -D_BSD_SOURCE -D_DEFAULT_SOURCE -D_XOPEN_SOURCE -D_GNU_SOURCE conftest.c
conftest.c:21:10: fatal error: libutil.h: No such file or directory
   21 | #include <libutil.h>
      |          ^~~~~~~~~~~
compilation terminated.
configure:3796: $? = 1
configure: failed program was:
| /* confdefs.h */
| #define PACKAGE_NAME "suite3270-lib"
| #define PACKAGE_TARNAME "suite3270-lib"
| #define PACKAGE_VERSION "4.0"
| #define PACKAGE_STRING "suite3270-lib 4.0"
| #define PACKAGE_BUGREPORT ""
| #define PACKAGE_URL ""
| #define STDC_HEADERS 1
| #define HAVE_SYS_TYPES_H 1
| #define HAVE_SYS_STAT_H 1
| #define HAVE_STDLIB_H 1
| #define HAVE_STRING_H 1
| #define HAVE_MEMORY_H 1
| #define HAVE_STRINGS_H 1
| #define HAVE_INTTYPES_H 1
| #define HAVE_STDINT_H 1
| #define HAVE_UNISTD_H 1
| #define HAVE_SYS_SELECT_H 1
| #define HAVE_PTY_H 1
| /* end confdefs.h.  */
| #include <libutil.h>
configure:3796: result: no
configure:3796: checking for libutil.h
configure:3796: result: no
configure:3808: checking util.h usability
configure:3808: gcc -c -g -O2  -D_POSIX_SOURCE -D_BSD_SOURCE -D_DEFAULT_SOURCE -D_XOPEN_SOURCE -D_GNU_SOURCE conftest.c >&5
conftest.c:54:10: fatal error: util.h: No such file or directory
   54 | #include <util.h>
      |          ^~~~~~~~
compilation terminated.
configure:3808: $? = 1
configure: failed program was:
| /* confdefs.h */
| #define PACKAGE_NAME "suite3270-lib"
| #define PACKAGE_TARNAME "suite3270-lib"
| #define PACKAGE_VERSION "4.0"
| #define PACKAGE_STRING "suite3270-lib 4.0"
| #define PACKAGE_BUGREPORT ""
| #define PACKAGE_URL ""
| #define STDC_HEADERS 1
| #define HAVE_SYS_TYPES_H 1
| #define HAVE_SYS_STAT_H 1
| #define HAVE_STDLIB_H 1
| #define HAVE_STRING_H 1
| #define HAVE_MEMORY_H 1
| #define HAVE_STRINGS_H 1
| #define HAVE_INTTYPES_H 1
| #define HAVE_STDINT_H 1
| #define HAVE_UNISTD_H 1
| #define HAVE_SYS_SELECT_H 1
| #define HAVE_PTY_H 1
| /* end confdefs.h.  */
| #include <stdio.h>
| #ifdef HAVE_SYS_TYPES_H
| # include <sys/types.h>
| #endif
| #ifdef HAVE_SYS_STAT_H
| # include <sys/stat.h>
| #endif
| #ifdef STDC_HEADERS
| # include <stdlib.h>
| # include <stddef.h>
| #else
| # ifdef HAVE_STDLIB_H
| #  include <stdlib.h>
| # endif
| #endif
| #ifdef HAVE_STRING_H
| # if !defined STDC_HEADERS && defined HAVE_MEMORY_H
| #  include <memory.h>
| # endif
| # include <string.h>
| #endif
| #ifdef HAVE_STRINGS_H
| # include <strings.h>
| #endif
| #ifdef HAVE_INTTYPES_H
| # include <inttypes.h>
| #endif
| #ifdef HAVE_STDINT_H
| # include <stdint.h>
| #endif
| #ifdef HAVE_UNISTD_H
| # include <unistd.h>
| #endif
| #include <util.h>
configure:3808: result: no
configure:3808: checking util.h presence
configure:3808: gcc -E  -D_POSIX_SOURCE -D_BSD_SOURCE -D_DEFAULT_SOURCE -D_XOPEN_SOURCE -D_GNU_SOURCE conftest.c
conftest.c:21:10: fatal error: util.h: No such file or directory
   21 | #include <util.h>
      |          ^~~~~~~~
compilation terminated.
configure:3808: $? = 1
configure: failed program was:
| /* confdefs.h */
| #define PACKAGE_NAME "suite3270-lib"
| #define PACKAGE_TARNAME "suite3270-lib"
| #define PACKAGE_VERSION "4.0"
| #define PACKAGE_STRING "suite3270-lib 4.0"
| #define PACKAGE_BUGREPORT ""
| #define PACKAGE_URL ""
| #define STDC_HEADERS 1
| #define HAVE_SYS_TYPES_H 1
| #define HAVE_SYS_STAT_H 1
| #define HAVE_STDLIB_H 1
| #define HAVE_STRING_H 1
| #define HAVE_MEMORY_H 1
| #define HAVE_STRINGS_H 1
| #define HAVE_INTTYPES_H 1
| #define HAVE_STDINT_H 1
| #define HAVE_UNISTD_H 1
| #define HAVE_SYS_SELECT_H 1
| #define HAVE_PTY_H 1
| /* end confdefs.h.  */
| #include <util.h>
configure:3808: result: no
configure:3808: checking for util.h
configure:3808: result: no
configure:3820: checking getopt.h usability
configure:3820: gcc -c -g -O2  -D_POSIX_SOURCE -D_BSD_SOURCE -D_DEFAULT_SOURCE -D_XOPEN_SOURCE -D_GNU_SOURCE conftest.c >&5
configure:3820: $? = 0
configure:3820: result: yes
configure:3820: checking getopt.h presence
configure:3820: gcc -E  -D_POSIX_SOURCE -D_BSD_SOURCE -D_DEFAULT_SOURCE -D_XOPEN_SOURCE -D_GNU_SOURCE conftest.c
configure:3820: $? = 0
configure:3820: result: yes
configure:3820: checking for getopt.h
configure:3820: result: yes
configure:3832: checking malloc.h usability
configure:3832: gcc -c -g -O2  -D_POSIX_SOURCE -D_BSD_SOURCE -D_DEFAULT_SOURCE -D_XOPEN_SOURCE -D_GNU_SOURCE conftest.c >&5
configure:3832: $? = 0
configure:3832: result: yes
configure:3832: checking malloc.h presence
configure:3832: gcc -E  -D_POSIX_SOURCE -D_BSD_SOURCE -D_DEFAULT_SOURCE -D_XOPEN_SOURCE -D_GNU_SOURCE conftest.c
configure:3832: $? = 0
configure:3832: result: yes
configure:3832: checking for malloc.h
configure:3832: result: yes
configure:3876: checking openssl/ssl.h usability
configure:3876: gcc -c -g -O2  -D_POSIX_SOURCE -D_BSD_SOURCE -D_DEFAULT_SOURCE -D_XOPEN_SOURCE -D_GNU_SOURCE conftest.c >&5
conftest.c:56:10: fatal error: openssl/ssl.h: No such file or directory
   56 | #include <openssl/ssl.h>
      |          ^~~~~~~~~~~~~~~
compilation terminated.
configure:3876: $? = 1
configure: failed program was:
| /* confdefs.h */
| #define PACKAGE_NAME "suite3270-lib"
| #define PACKAGE_TARNAME "suite3270-lib"
| #define PACKAGE_VERSION "4.0"
| #define PACKAGE_STRING "suite3270-lib 4.0"
| #define PACKAGE_BUGREPORT ""
| #define PACKAGE_URL ""
| #define STDC_HEADERS 1
| #define HAVE_SYS_TYPES_H 1
| #define HAVE_SYS_STAT_H 1
| #define HAVE_STDLIB_H 1
| #define HAVE_STRING_H 1
| #define HAVE_MEMORY_H 1
| #define HAVE_STRINGS_H 1
| #define HAVE_INTTYPES_H 1
| #define HAVE_STDINT_H 1
| #define HAVE_UNISTD_H 1
| #define HAVE_SYS_SELECT_H 1
| #define HAVE_PTY_H 1
| #define HAVE_GETOPT_H 1
| #define HAVE_MALLOC_H 1
| /* end confdefs.h.  */
| #include <stdio.h>
| #ifdef HAVE_SYS_TYPES_H
| # include <sys/types.h>
| #endif
| #ifdef HAVE_SYS_STAT_H
| # include <sys/stat.h>
| #endif
| #ifdef STDC_HEADERS
| # include <stdlib.h>
| # include <stddef.h>
| #else
| # ifdef HAVE_STDLIB_H
| #  include <stdlib.h>
| # endif
| #endif
| #ifdef HAVE_STRING_H
| # if !defined STDC_HEADERS && defined HAVE_MEMORY_H
| #  include <memory.h>
| # endif
| # include <string.h>
| #endif
| #ifdef HAVE_STRINGS_H
| # include <strings.h>
| #endif
| #ifdef HAVE_INTTYPES_H
| # include <inttypes.h>
| #endif
| #ifdef HAVE_STDINT_H
| # include <stdint.h>
| #endif
| #ifdef HAVE_UNISTD_H
| # include <unistd.h>
| #endif
| #include <openssl/ssl.h>
configure:3876: result: no
configure:3876: checking openssl/ssl.h presence
configure:3876: gcc -E  -D_POSIX_SOURCE -D_BSD_SOURCE -D_DEFAULT_SOURCE -D_XOPEN_SOURCE -D_GNU_SOURCE conftest.c
conftest.c:23:10: fatal error: openssl/ssl.h: No such file or directory
   23 | #include <openssl/ssl.h>
      |          ^~~~~~~~~~~~~~~
compilation terminated.
configure:3876: $? = 1
configure: failed program was:
| /* confdefs.h */
| #define PACKAGE_NAME "suite3270-lib"
| #define PACKAGE_TARNAME "suite3270-lib"
| #define PACKAGE_VERSION "4.0"
| #define PACKAGE_STRING "suite3270-lib 4.0"
| #define PACKAGE_BUGREPORT ""
| #define PACKAGE_URL ""
| #define STDC_HEADERS 1
| #define HAVE_SYS_TYPES_H 1
| #define HAVE_SYS_STAT_H 1
| #define HAVE_STDLIB_H 1
| #define HAVE_STRING_H 1
| #define HAVE_MEMORY_H 1
| #define HAVE_STRINGS_H 1
| #define HAVE_INTTYPES_H 1
| #define HAVE_STDINT_H 1
| #define HAVE_UNISTD_H 1
| #define HAVE_SYS_SELECT_H 1
| #define HAVE_PTY_H 1
| #define HAVE_GETOPT_H 1
| #define HAVE_MALLOC_H 1
| /* end confdefs.h.  */
| #include <openssl/ssl.h>
configure:3876: result: no
configure:3876: checking for openssl/ssl.h
configure:3876: result: no
configure:3868: retrying with -I/usr/local/include
configure:3876: checking openssl/ssl.h usability
configure:3876: gcc -c -g -O2  -D_POSIX_SOURCE -D_BSD_SOURCE -D_DEFAULT_SOURCE -D_XOPEN_SOURCE -D_GNU_SOURCE -I/usr/local/include conftest.c >&5
conftest.c:56:10: fatal error: openssl/ssl.h: No such file or directory
   56 | #include <openssl/ssl.h>
      |          ^~~~~~~~~~~~~~~
compilation terminated.
configure:3876: $? = 1
configure: failed program was:
| /* confdefs.h */
| #define PACKAGE_NAME "suite3270-lib"
| #define PACKAGE_TARNAME "suite3270-lib"
| #define PACKAGE_VERSION "4.0"
| #define PACKAGE_STRING "suite3270-lib 4.0"
| #define PACKAGE_BUGREPORT ""
| #define PACKAGE_URL ""
| #define STDC_HEADERS 1
| #define HAVE_SYS_TYPES_H 1
| #define HAVE_SYS_STAT_H 1
| #define HAVE_STDLIB_H 1
| #define HAVE_STRING_H 1
| #define HAVE_MEMORY_H 1
| #define HAVE_STRINGS_H 1
| #define HAVE_INTTYPES_H 1
| #define HAVE_STDINT_H 1
| #define HAVE_UNISTD_H 1
| #define HAVE_SYS_SELECT_H 1
| #define HAVE_PTY_H 1
| #define HAVE_GETOPT_H 1
| #define HAVE_MALLOC_H 1
| /* end confdefs.h.  */
| #include <stdio.h>
| #ifdef HAVE_SYS_TYPES_H
| # include <sys/types.h>
| #endif
| #ifdef HAVE_SYS_STAT_H
| # include <sys/stat.h>
| #endif
| #ifdef STDC_HEADERS
| # include <stdlib.h>
| # include <stddef.h>
| #else
| # ifdef HAVE_STDLIB_H
| #  include <stdlib.h>
| # endif
| #endif
| #ifdef HAVE_STRING_H
| # if !defined STDC_HEADERS && defined HAVE_MEMORY_H
| #  include <memory.h>
| # endif
| # include <string.h>
| #endif
| #ifdef HAVE_STRINGS_H
| # include <strings.h>
| #endif
| #ifdef HAVE_INTTYPES_H
| # include <inttypes.h>
| #endif
| #ifdef HAVE_STDINT_H
| # include <stdint.h>
| #endif
| #ifdef HAVE_UNISTD_H
| # include <unistd.h>
| #endif
| #include <openssl/ssl.h>
configure:3876: result: no
configure:3876: checking openssl/ssl.h presence
configure:3876: gcc -E  -D_POSIX_SOURCE -D_BSD_SOURCE -D_DEFAULT_SOURCE -D_XOPEN_SOURCE -D_GNU_SOURCE -I/usr/local/include conftest.c
conftest.c:23:10: fatal error: openssl/ssl.h: No such file or directory
   23 | #include <openssl/ssl.h>
      |          ^~~~~~~~~~~~~~~
compilation terminated.
configure:3876: $? = 1
configure: failed program was:
| /* confdefs.h */
| #define PACKAGE_NAME "suite3270-lib"
| #define PACKAGE_TARNAME "suite3270-lib"
| #define PACKAGE_VERSION "4.0"
| #define PACKAGE_STRING "suite3270-lib 4.0"
| #define PACKAGE_BUGREPORT ""
| #define PACKAGE_URL ""
| #define STDC_HEADERS 1
| #define HAVE_SYS_TYPES_H 1
| #define HAVE_SYS_STAT_H 1
| #define HAVE_STDLIB_H 1
| #define HAVE_STRING_H 1
| #define HAVE_MEMORY_H 1
| #define HAVE_STRINGS_H 1
| #define HAVE_INTTYPES_H 1
| #define HAVE_STDINT_H 1
| #define HAVE_UNISTD_H 1
| #define HAVE_SYS_SELECT_H 1
| #define HAVE_PTY_H 1
| #define HAVE_GETOPT_H 1
| #define HAVE_MALLOC_H 1
| /* end confdefs.h.  */
| #include <openssl/ssl.h>
configure:3876: result: no
configure:3876: checking for openssl/ssl.h
configure:3876: result: no
configure:3896: WARNING: Disabling OpenSSL -- missing headers
configure:3904: checking whether __STDC_ISO_10646__ is declared
configure:3904: gcc -c -g -O2  -D_POSIX_SOURCE -D_BSD_SOURCE -D_DEFAULT_SOURCE -D_XOPEN_SOURCE -D_GNU_SOURCE conftest.c >&5
configure:3904: $? = 0
configure:3904: result: yes
configure:3936: checking for library containing forkpty
configure:3967: gcc -o conftest -g -O2  -D_POSIX_SOURCE -D_BSD_SOURCE -D_DEFAULT_SOURCE -D_XOPEN_SOURCE -D_GNU_SOURCE  conftest.c  >&5
/usr/bin/ld: /tmp/cctxVeoR.o: in function `main':
/home/mainframe/UTIL/patched_3270/lib/conftest.c:35: undefined reference to `forkpty'
collect2: error: ld returned 1 exit status
configure:3967: $? = 1
configure: failed program was:
| /* confdefs.h */
| #define PACKAGE_NAME "suite3270-lib"
| #define PACKAGE_TARNAME "suite3270-lib"
| #define PACKAGE_VERSION "4.0"
| #define PACKAGE_STRING "suite3270-lib 4.0"
| #define PACKAGE_BUGREPORT ""
| #define PACKAGE_URL ""
| #define STDC_HEADERS 1
| #define HAVE_SYS_TYPES_H 1
| #define HAVE_SYS_STAT_H 1
| #define HAVE_STDLIB_H 1
| #define HAVE_STRING_H 1
| #define HAVE_MEMORY_H 1
| #define HAVE_STRINGS_H 1
| #define HAVE_INTTYPES_H 1
| #define HAVE_STDINT_H 1
| #define HAVE_UNISTD_H 1
| #define HAVE_SYS_SELECT_H 1
| #define HAVE_PTY_H 1
| #define HAVE_GETOPT_H 1
| #define HAVE_MALLOC_H 1
| #define HAVE_DECL___STDC_ISO_10646__ 1
| /* end confdefs.h.  */
| 
| /* Override any GCC internal prototype to avoid an error.
|    Use char because int might match the return type of a GCC
|    builtin and then its argument prototype would still apply.  */
| #ifdef __cplusplus
| extern "C"
| #endif
| char forkpty ();
| int
| main ()
| {
| return forkpty ();
|   ;
|   return 0;
| }
configure:3967: gcc -o conftest -g -O2  -D_POSIX_SOURCE -D_BSD_SOURCE -D_DEFAULT_SOURCE -D_XOPEN_SOURCE -D_GNU_SOURCE  conftest.c -lutil   >&5
configure:3967: $? = 0
configure:3984: result: -lutil
configure:3994: checking for forkpty
configure:3994: gcc -o conftest -g -O2  -D_POSIX_SOURCE -D_BSD_SOURCE -D_DEFAULT_SOURCE -D_XOPEN_SOURCE -D_GNU_SOURCE  conftest.c -lutil  >&5
configure:3994: $? = 0
configure:3994: result: yes
configure:4003: checking for library containing gethostbyname
configure:4034: gcc -o conftest -g -O2  -D_POSIX_SOURCE -D_BSD_SOURCE -D_DEFAULT_SOURCE -D_XOPEN_SOURCE -D_GNU_SOURCE  conftest.c -lutil  >&5
configure:4034: $? = 0
configure:4051: result: none required
configure:4059: checking for library containing socket
configure:4090: gcc -o conftest -g -O2  -D_POSIX_SOURCE -D_BSD_SOURCE -D_DEFAULT_SOURCE -D_XOPEN_SOURCE -D_GNU_SOURCE  conftest.c -lutil  >&5
configure:4090: $? = 0
configure:4107: result: none required
configure:4117: checking iconv.h usability
configure:4117: gcc -c -g -O2  -D_POSIX_SOURCE -D_BSD_SOURCE -D_DEFAULT_SOURCE -D_XOPEN_SOURCE -D_GNU_SOURCE conftest.c >&5
configure:4117: $? = 0
configure:4117: result: yes
configure:4117: checking iconv.h presence
configure:4117: gcc -E  -D_POSIX_SOURCE -D_BSD_SOURCE -D_DEFAULT_SOURCE -D_XOPEN_SOURCE -D_GNU_SOURCE conftest.c
configure:4117: $? = 0
configure:4117: result: yes
configure:4117: checking for iconv.h
configure:4117: result: yes
configure:4127: checking for library containing libiconv
configure:4158: gcc -o conftest -g -O2  -D_POSIX_SOURCE -D_BSD_SOURCE -D_DEFAULT_SOURCE -D_XOPEN_SOURCE -D_GNU_SOURCE  conftest.c -lutil  >&5
/usr/bin/ld: /tmp/cc0Mfmib.o: in function `main':
/home/mainframe/UTIL/patched_3270/lib/conftest.c:37: undefined reference to `libiconv'
collect2: error: ld returned 1 exit status
configure:4158: $? = 1
configure: failed program was:
| /* confdefs.h */
| #define PACKAGE_NAME "suite3270-lib"
| #define PACKAGE_TARNAME "suite3270-lib"
| #define PACKAGE_VERSION "4.0"
| #define PACKAGE_STRING "suite3270-lib 4.0"
| #define PACKAGE_BUGREPORT ""
| #define PACKAGE_URL ""
| #define STDC_HEADERS 1
| #define HAVE_SYS_TYPES_H 1
| #define HAVE_SYS_STAT_H 1
| #define HAVE_STDLIB_H 1
| #define HAVE_STRING_H 1
| #define HAVE_MEMORY_H 1
| #define HAVE_STRINGS_H 1
| #define HAVE_INTTYPES_H 1
| #define HAVE_STDINT_H 1
| #define HAVE_UNISTD_H 1
| #define HAVE_SYS_SELECT_H 1
| #define HAVE_PTY_H 1
| #define HAVE_GETOPT_H 1
| #define HAVE_MALLOC_H 1
| #define HAVE_DECL___STDC_ISO_10646__ 1
| #define HAVE_FORKPTY 1
| #define HAVE_ICONV_H 1
| /* end confdefs.h.  */
| 
| /* Override any GCC internal prototype to avoid an error.
|    Use char because int might match the return type of a GCC
|    builtin and then its argument prototype would still apply.  */
| #ifdef __cplusplus
| extern "C"
| #endif
| char libiconv ();
| int
| main ()
| {
| return libiconv ();
|   ;
|   return 0;
| }
configure:4158: gcc -o conftest -g -O2  -D_POSIX_SOURCE -D_BSD_SOURCE -D_DEFAULT_SOURCE -D_XOPEN_SOURCE -D_GNU_SOURCE  conftest.c -liconv  -lutil  >&5
/usr/bin/ld: cannot find -liconv
collect2: error: ld returned 1 exit status
configure:4158: $? = 1
configure: failed program was:
| /* confdefs.h */
| #define PACKAGE_NAME "suite3270-lib"
| #define PACKAGE_TARNAME "suite3270-lib"
| #define PACKAGE_VERSION "4.0"
| #define PACKAGE_STRING "suite3270-lib 4.0"
| #define PACKAGE_BUGREPORT ""
| #define PACKAGE_URL ""
| #define STDC_HEADERS 1
| #define HAVE_SYS_TYPES_H 1
| #define HAVE_SYS_STAT_H 1
| #define HAVE_STDLIB_H 1
| #define HAVE_STRING_H 1
| #define HAVE_MEMORY_H 1
| #define HAVE_STRINGS_H 1
| #define HAVE_INTTYPES_H 1
| #define HAVE_STDINT_H 1
| #define HAVE_UNISTD_H 1
| #define HAVE_SYS_SELECT_H 1
| #define HAVE_PTY_H 1
| #define HAVE_GETOPT_H 1
| #define HAVE_MALLOC_H 1
| #define HAVE_DECL___STDC_ISO_10646__ 1
| #define HAVE_FORKPTY 1
| #define HAVE_ICONV_H 1
| /* end confdefs.h.  */
| 
| /* Override any GCC internal prototype to avoid an error.
|    Use char because int might match the return type of a GCC
|    builtin and then its argument prototype would still apply.  */
| #ifdef __cplusplus
| extern "C"
| #endif
| char libiconv ();
| int
| main ()
| {
| return libiconv ();
|   ;
|   return 0;
| }
configure:4175: result: no
configure:4182: checking for library containing iconv
configure:4213: gcc -o conftest -g -O2  -D_POSIX_SOURCE -D_BSD_SOURCE -D_DEFAULT_SOURCE -D_XOPEN_SOURCE -D_GNU_SOURCE  conftest.c -lutil  >&5
configure:4213: $? = 0
configure:4230: result: none required
configure:4242: checking for library containing getaddrinfo_a
configure:4273: gcc -o conftest -g -O2  -D_POSIX_SOURCE -D_BSD_SOURCE -D_DEFAULT_SOURCE -D_XOPEN_SOURCE -D_GNU_SOURCE  conftest.c -lutil  >&5
/usr/bin/ld: /tmp/cc2sZpI3.o: in function `main':
/home/mainframe/UTIL/patched_3270/lib/conftest.c:37: undefined reference to `getaddrinfo_a'
collect2: error: ld returned 1 exit status
configure:4273: $? = 1
configure: failed program was:
| /* confdefs.h */
| #define PACKAGE_NAME "suite3270-lib"
| #define PACKAGE_TARNAME "suite3270-lib"
| #define PACKAGE_VERSION "4.0"
| #define PACKAGE_STRING "suite3270-lib 4.0"
| #define PACKAGE_BUGREPORT ""
| #define PACKAGE_URL ""
| #define STDC_HEADERS 1
| #define HAVE_SYS_TYPES_H 1
| #define HAVE_SYS_STAT_H 1
| #define HAVE_STDLIB_H 1
| #define HAVE_STRING_H 1
| #define HAVE_MEMORY_H 1
| #define HAVE_STRINGS_H 1
| #define HAVE_INTTYPES_H 1
| #define HAVE_STDINT_H 1
| #define HAVE_UNISTD_H 1
| #define HAVE_SYS_SELECT_H 1
| #define HAVE_PTY_H 1
| #define HAVE_GETOPT_H 1
| #define HAVE_MALLOC_H 1
| #define HAVE_DECL___STDC_ISO_10646__ 1
| #define HAVE_FORKPTY 1
| #define HAVE_ICONV_H 1
| /* end confdefs.h.  */
| 
| /* Override any GCC internal prototype to avoid an error.
|    Use char because int might match the return type of a GCC
|    builtin and then its argument prototype would still apply.  */
| #ifdef __cplusplus
| extern "C"
| #endif
| char getaddrinfo_a ();
| int
| main ()
| {
| return getaddrinfo_a ();
|   ;
|   return 0;
| }
configure:4273: gcc -o conftest -g -O2  -D_POSIX_SOURCE -D_BSD_SOURCE -D_DEFAULT_SOURCE -D_XOPEN_SOURCE -D_GNU_SOURCE  conftest.c -lanl  -lutil  >&5
configure:4273: $? = 0
configure:4290: result: -lanl
configure:4307: checking for vasprintf
configure:4307: gcc -o conftest -g -O2  -D_POSIX_SOURCE -D_BSD_SOURCE -D_DEFAULT_SOURCE -D_XOPEN_SOURCE -D_GNU_SOURCE  conftest.c -lanl -lutil  >&5
configure:4307: $? = 0
configure:4307: result: yes
configure:4318: checking for malloc_usable_size
configure:4318: gcc -o conftest -g -O2  -D_POSIX_SOURCE -D_BSD_SOURCE -D_DEFAULT_SOURCE -D_XOPEN_SOURCE -D_GNU_SOURCE  conftest.c -lanl -lutil  >&5
configure:4318: $? = 0
configure:4318: result: yes
configure:4327: checking for _LARGEFILE_SOURCE value needed for large files
configure:4346: gcc -o conftest -g -O2  -D_POSIX_SOURCE -D_BSD_SOURCE -D_DEFAULT_SOURCE -D_XOPEN_SOURCE -D_GNU_SOURCE  conftest.c -lanl -lutil  >&5
configure:4346: $? = 0
configure:4374: result: no
configure:4725: creating ./config.status

## ---------------------- ##
## Running config.status. ##
## ---------------------- ##

This file was extended by suite3270-lib config.status 4.0, which was
generated by GNU Autoconf 2.69.  Invocation command line was

  CONFIG_FILES    = 
  CONFIG_HEADERS  = 
  CONFIG_LINKS    = 
  CONFIG_COMMANDS = 
  $ ./config.status 

on ubuntu

config.status:841: creating 3270/Makefile
config.status:841: creating 3270/Makefile.obj
config.status:841: creating 3270i/Makefile
config.status:841: creating 3270i/Makefile.obj
config.status:841: creating 32xx/Makefile
config.status:841: creating 32xx/Makefile.obj
config.status:841: creating 3270stubs/Makefile
config.status:841: creating 3270stubs/Makefile.obj
config.status:841: creating 32xx/32xx-deplibs.mk
config.status:841: creating include/unix/conf.h

## ---------------- ##
## Cache variables. ##
## ---------------- ##

ac_cv_build=x86_64-unknown-linux-gnu
ac_cv_c_compiler_gnu=yes
ac_cv_env_CC_set=
ac_cv_env_CC_value=
ac_cv_env_CFLAGS_set=
ac_cv_env_CFLAGS_value=
ac_cv_env_CPPFLAGS_set=
ac_cv_env_CPPFLAGS_value=
ac_cv_env_CPP_set=
ac_cv_env_CPP_value=
ac_cv_env_LDFLAGS_set=
ac_cv_env_LDFLAGS_value=
ac_cv_env_LIBS_set=
ac_cv_env_LIBS_value=
ac_cv_env_build_alias_set=
ac_cv_env_build_alias_value=
ac_cv_env_host_alias_set=
ac_cv_env_host_alias_value=
ac_cv_env_target_alias_set=
ac_cv_env_target_alias_value=
ac_cv_func_forkpty=yes
ac_cv_func_malloc_usable_size=yes
ac_cv_func_vasprintf=yes
ac_cv_have_decl___STDC_ISO_10646__=yes
ac_cv_header_getopt_h=yes
ac_cv_header_iconv_h=yes
ac_cv_header_inttypes_h=yes
ac_cv_header_libutil_h=no
ac_cv_header_malloc_h=yes
ac_cv_header_memory_h=yes
ac_cv_header_pty_h=yes
ac_cv_header_readline_history_h=no
ac_cv_header_stdc=yes
ac_cv_header_stdint_h=yes
ac_cv_header_stdlib_h=yes
ac_cv_header_string_h=yes
ac_cv_header_strings_h=yes
ac_cv_header_sys_select_h=yes
ac_cv_header_sys_stat_h=yes
ac_cv_header_sys_types_h=yes
ac_cv_header_unistd_h=yes
ac_cv_header_util_h=no
ac_cv_host=x86_64-unknown-linux-gnu
ac_cv_objext=o
ac_cv_path_EGREP='/usr/bin/grep -E'
ac_cv_path_GREP=/usr/bin/grep
ac_cv_path_install='/usr/bin/install -c'
ac_cv_prog_CPP='gcc -E'
ac_cv_prog_ac_ct_AR=ar
ac_cv_prog_ac_ct_CC=gcc
ac_cv_prog_ac_ct_RANLIB=ranlib
ac_cv_prog_cc_c89=
ac_cv_prog_cc_g=yes
ac_cv_search_forkpty=-lutil
ac_cv_search_getaddrinfo_a=-lanl
ac_cv_search_gethostbyname='none required'
ac_cv_search_iconv='none required'
ac_cv_search_libiconv=no
ac_cv_search_socket='none required'
ac_cv_sys_largefile_source=no

## ----------------- ##
## Output variables. ##
## ----------------- ##

AR='ar'
CC='gcc'
CCOPTIONS=' -Wall -Wsign-compare -std=c99 -pedantic -Wno-variadic-macros -MMD -MP'
CFLAGS='-g -O2'
CONNECT_GETPEERNAME=''
CPP='gcc -E'
CPPFLAGS=' -D_POSIX_SOURCE -D_BSD_SOURCE -D_DEFAULT_SOURCE -D_XOPEN_SOURCE -D_GNU_SOURCE'
DEFS='-DHAVE_CONFIG_H'
ECHO_C=''
ECHO_N='-n'
ECHO_T=''
EGREP='/usr/bin/grep -E'
EXEEXT=''
GAI_LIBS='-lanl'
GREP='/usr/bin/grep'
HAVE_GETADDRINFO_A=''
ICONV_LIBS=''
INSTALL_DATA='${INSTALL} -m 644'
INSTALL_PROGRAM='${INSTALL}'
INSTALL_SCRIPT='${INSTALL}'
LDFLAGS=''
LIBOBJS=''
LIBS='-lanl -lutil '
LIBX3270DIR='${sysconfdir}/x3270'
LTLIBOBJS=''
OBJEXT='o'
PACKAGE_BUGREPORT=''
PACKAGE_NAME='suite3270-lib'
PACKAGE_STRING='suite3270-lib 4.0'
PACKAGE_TARNAME='suite3270-lib'
PACKAGE_URL=''
PACKAGE_VERSION='4.0'
PATH_SEPARATOR=':'
RANLIB='ranlib'
SHELL='/bin/bash'
TLS_LDFLAGS=''
TLS_LIBS=''
TLS_MODULES=''
USE_ICONV=''
ac_ct_AR='ar'
ac_ct_CC='gcc'
bindir='${exec_prefix}/bin'
build='x86_64-unknown-linux-gnu'
build_alias=''
build_cpu='x86_64'
build_os='linux-gnu'
build_vendor='unknown'
datadir='${datarootdir}'
datarootdir='${prefix}/share'
docdir='${datarootdir}/doc/${PACKAGE_TARNAME}'
dvidir='${docdir}'
exec_prefix='${prefix}'
host='x86_64-unknown-linux-gnu'
host_alias=''
host_cpu='x86_64'
host_os='linux-gnu'
host_vendor='unknown'
htmldir='${docdir}'
includedir='${prefix}/include'
infodir='${datarootdir}/info'
libdir='${exec_prefix}/lib'
libexecdir='${exec_prefix}/libexec'
localedir='${datarootdir}/locale'
localstatedir='${prefix}/var'
mandir='${datarootdir}/man'
oldincludedir='/usr/include'
pdfdir='${docdir}'
prefix='/usr/local'
program_transform_name='s,x,x,'
psdir='${docdir}'
runstatedir='${localstatedir}/run'
sbindir='${exec_prefix}/sbin'
sharedstatedir='${prefix}/com'
sysconfdir='${prefix}/etc'
target_alias=''

## ----------- ##
## confdefs.h. ##
## ----------- ##

/* confdefs.h */
#define PACKAGE_NAME "suite3270-lib"
#define PACKAGE_TARNAME "suite3270-lib"
#define PACKAGE_VERSION "4.0"
#define PACKAGE_STRING "suite3270-lib 4.0"
#define PACKAGE_BUGREPORT ""
#define PACKAGE_URL ""
#define STDC_HEADERS 1
#define HAVE_SYS_TYPES_H 1
#define HAVE_SYS_STAT_H 1
#define HAVE_STDLIB_H 1
#define HAVE_STRING_H 1
#define HAVE_MEMORY_H 1
#define HAVE_STRINGS_H 1
#define HAVE_INTTYPES_H 1
#define HAVE_STDINT_H 1
#define HAVE_UNISTD_H 1
#define HAVE_SYS_SELECT_H 1
#define HAVE_PTY_H 1
#define HAVE_GETOPT_H 1
#define HAVE_MALLOC_H 1
#define HAVE_DECL___STDC_ISO_10646__ 1
#define HAVE_FORKPTY 1
#define HAVE_ICONV_H 1
#define HAVE_GETADDRINFO_A 1
#define HAVE_VASPRINTF 1
#define HAVE_MALLOC_USABLE_SIZE 1
#define HAVE_FSEEKO 1
#define X3270_DBCS 1
#define X3270_LOCAL_PROCESS 1
#define X3270_IPV6 1

configure: exit 0
