This file contains any messages produced by compilers while
running configure, to aid debugging if configure makes a mistake.

It was created by suite3270 configure 4.0, which was
generated by GNU Autoconf 2.68.  Invocation command line was

  $ ./configure 

## --------- ##
## Platform. ##
## --------- ##

hostname = ubuntu
uname -m = x86_64
uname -r = 5.8.0-18-generic
uname -s = Linux
uname -v = #19-Ubuntu SMP Wed Aug 26 15:26:32 UTC 2020

/usr/bin/uname -p = x86_64
/bin/uname -X     = unknown

/bin/arch              = x86_64
/usr/bin/arch -k       = unknown
/usr/convex/getsysinfo = unknown
/usr/bin/hostinfo      = unknown
/bin/machine           = unknown
/usr/bin/oslevel       = unknown
/bin/universe          = unknown

PATH: /usr/local/sbin
PATH: /usr/local/bin
PATH: /usr/sbin
PATH: /usr/bin
PATH: /sbin
PATH: /bin
PATH: /usr/games
PATH: /usr/local/games
PATH: /snap/bin
PATH: /opt/mqm/bin
PATH: /opt/mqm/samp/bin
PATH: /opt/ibm/db2/V11.5/bin
PATH: /opt/mqm/bin
PATH: /opt/mqm/samp/bin
PATH: /opt/ibm/db2/V11.5/bin


## ----------- ##
## Core tests. ##
## ----------- ##

configure:1790: checking for x86_64-w64-mingw32-gcc
configure:1806: found /usr/bin/x86_64-w64-mingw32-gcc
configure:1818: result: yes
configure:1828: checking for i686-w64-mingw32-gcc
configure:1844: found /usr/bin/i686-w64-mingw32-gcc
configure:1856: result: yes
configure:1918: configuring all emulators... use --enable or --disable options to pick a subset
configure:2315: creating ./config.status

## ---------------------- ##
## Running config.status. ##
## ---------------------- ##

This file was extended by suite3270 config.status 4.0, which was
generated by GNU Autoconf 2.68.  Invocation command line was

  CONFIG_FILES    = 
  CONFIG_HEADERS  = 
  CONFIG_LINKS    = 
  CONFIG_COMMANDS = 
  $ ./config.status 

on ubuntu

config.status:737: creating Makefile
configure:3398: === configuring in lib (/home/mainframe/suite3270-4.0ga11-src/suite3270-4.0/lib)
configure:3461: running /bin/bash ./configure --disable-option-checking '--prefix=/usr/local'  --cache-file=/dev/null --srcdir=.
configure:3398: === configuring in lib/w32xx (/home/mainframe/suite3270-4.0ga11-src/suite3270-4.0/lib/w32xx)
configure:3447: WARNING: no configuration information is in lib/w32xx
configure:3398: === configuring in x3270 (/home/mainframe/suite3270-4.0ga11-src/suite3270-4.0/x3270)
configure:3461: running /bin/bash ./configure --disable-option-checking '--prefix=/usr/local'  --cache-file=/dev/null --srcdir=.
configure:3398: === configuring in c3270 (/home/mainframe/suite3270-4.0ga11-src/suite3270-4.0/c3270)
configure:3461: running /bin/bash ./configure --disable-option-checking '--prefix=/usr/local'  --cache-file=/dev/null --srcdir=.
configure:3398: === configuring in s3270 (/home/mainframe/suite3270-4.0ga11-src/suite3270-4.0/s3270)
configure:3461: running /bin/bash ./configure --disable-option-checking '--prefix=/usr/local'  --cache-file=/dev/null --srcdir=.
configure:3398: === configuring in b3270 (/home/mainframe/suite3270-4.0ga11-src/suite3270-4.0/b3270)
configure:3461: running /bin/bash ./configure --disable-option-checking '--prefix=/usr/local'  --cache-file=/dev/null --srcdir=.
configure:3398: === configuring in tcl3270 (/home/mainframe/suite3270-4.0ga11-src/suite3270-4.0/tcl3270)
configure:3461: running /bin/bash ./configure --disable-option-checking '--prefix=/usr/local'  --cache-file=/dev/null --srcdir=.
configure:3398: === configuring in pr3287 (/home/mainframe/suite3270-4.0ga11-src/suite3270-4.0/pr3287)
configure:3461: running /bin/bash ./configure --disable-option-checking '--prefix=/usr/local'  --cache-file=/dev/null --srcdir=.
configure:3398: === configuring in x3270if (/home/mainframe/suite3270-4.0ga11-src/suite3270-4.0/x3270if)
configure:3461: running /bin/bash ./configure --disable-option-checking '--prefix=/usr/local'  --cache-file=/dev/null --srcdir=.

## ---------------- ##
## Cache variables. ##
## ---------------- ##

ac_cv_env_build_alias_set=
ac_cv_env_build_alias_value=
ac_cv_env_host_alias_set=
ac_cv_env_host_alias_value=
ac_cv_env_target_alias_set=
ac_cv_env_target_alias_value=
ac_cv_prog_mingw32_found=yes
ac_cv_prog_mingw64_found=yes

## ----------------- ##
## Output variables. ##
## ----------------- ##

DEFS='-DPACKAGE_NAME=\"suite3270\" -DPACKAGE_TARNAME=\"suite3270\" -DPACKAGE_VERSION=\"4.0\" -DPACKAGE_STRING=\"suite3270\ 4.0\" -DPACKAGE_BUGREPORT=\"\" -DPACKAGE_URL=\"\"'
ECHO_C=''
ECHO_N='-n'
ECHO_T=''
LIBOBJS=''
LIBS=''
LTLIBOBJS=''
PACKAGE_BUGREPORT=''
PACKAGE_NAME='suite3270'
PACKAGE_STRING='suite3270 4.0'
PACKAGE_TARNAME='suite3270'
PACKAGE_URL=''
PACKAGE_VERSION='4.0'
PATH_SEPARATOR=':'
SHELL='/bin/bash'
T_ALL=' x3270 c3270 s3270 b3270 tcl3270 pr3287 x3270if wc3270 ws3270 wb3270 wc3270 wpr3287 wx3270if'
T_CLEAN=' x3270-clean c3270-clean s3270-clean b3270-clean tcl3270-clean pr3287-clean x3270if-clean wc3270-clean ws3270-clean wb3270-clean wc3270-clean wpr3287-clean wx3270if-clean unix-lib-clean windows-lib-clean'
T_CLOBBER=' x3270-clobber c3270-clobber s3270-clobber b3270-clobber tcl3270-clobber pr3287-clobber x3270if-clobber wc3270-clobber ws3270-clobber wb3270-clobber wc3270-clobber wpr3287-clobber wx3270if-clobber unix-lib-clobber windows-lib-clobber'
T_INSTALL=' x3270-install c3270-install s3270-install b3270-install tcl3270-install pr3287-install x3270if-install'
T_INSTALL_MAN=' x3270-install.man c3270-install.man s3270-install.man b3270-install.man tcl3270-install.man pr3287-install.man x3270if-install.man'
T_LIB=' unix-lib windows-lib'
T_LIB_CLEAN=' unix-lib-clean windows-lib-clean'
T_LIB_CLOBBER=' unix-lib-clobber windows-lib-clobber'
T_UNIX_CLEAN=' unix-lib-clean x3270-clean c3270-clean s3270-clean b3270-clean tcl3270-clean pr3287-clean x3270if-clean'
T_UNIX_CLOBBER=' unix-lib-clobber x3270-clobber c3270-clobber s3270-clobber b3270-clobber tcl3270-clobber pr3287-clobber x3270if-clobber'
T_WINDOWS_CLEAN=' windows-lib-clean wc3270-clean ws3270-clean wb3270-clean wpr3287-clean wwx3270if-clean'
T_WINDOWS_CLOBBER=' windows-lib-clobber wc3270-clobber ws3270-clobber wb3270-clobber wpr3287-clobber wwx3270if-clobber'
bindir='${exec_prefix}/bin'
build_alias=''
datadir='${datarootdir}'
datarootdir='${prefix}/share'
docdir='${datarootdir}/doc/${PACKAGE_TARNAME}'
dvidir='${docdir}'
exec_prefix='${prefix}'
host_alias=''
htmldir='${docdir}'
includedir='${prefix}/include'
infodir='${datarootdir}/info'
libdir='${exec_prefix}/lib'
libexecdir='${exec_prefix}/libexec'
localedir='${datarootdir}/locale'
localstatedir='${prefix}/var'
mandir='${datarootdir}/man'
mingw32_found='yes'
mingw64_found='yes'
oldincludedir='/usr/include'
pdfdir='${docdir}'
prefix='/usr/local'
program_transform_name='s,x,x,'
psdir='${docdir}'
sbindir='${exec_prefix}/sbin'
sharedstatedir='${prefix}/com'
subdirs=' lib lib/w32xx x3270 c3270 s3270 b3270 tcl3270 pr3287 x3270if'
sysconfdir='${prefix}/etc'
target_alias=''

## ----------- ##
## confdefs.h. ##
## ----------- ##

/* confdefs.h */
#define PACKAGE_NAME "suite3270"
#define PACKAGE_TARNAME "suite3270"
#define PACKAGE_VERSION "4.0"
#define PACKAGE_STRING "suite3270 4.0"
#define PACKAGE_BUGREPORT ""
#define PACKAGE_URL ""

configure: exit 0
