This file contains any messages produced by compilers while
running configure, to aid debugging if configure makes a mistake.

It was created by x3270if configure 4.0, which was
generated by GNU Autoconf 2.68.  Invocation command line was

  $ ./configure --disable-option-checking --prefix=/usr/local --cache-file=/dev/null --srcdir=.

## --------- ##
## Platform. ##
## --------- ##

hostname = ubuntu
uname -m = x86_64
uname -r = 5.8.0-53-generic
uname -s = Linux
uname -v = #60~20.04.1-Ubuntu SMP Thu May 6 09:52:46 UTC 2021

/usr/bin/uname -p = x86_64
/bin/uname -X     = unknown

/bin/arch              = x86_64
/usr/bin/arch -k       = unknown
/usr/convex/getsysinfo = unknown
/usr/bin/hostinfo      = unknown
/bin/machine           = unknown
/usr/bin/oslevel       = unknown
/bin/universe          = unknown

PATH: /home/mainframe/.local/bin
PATH: /usr/local/sbin
PATH: /usr/local/bin
PATH: /usr/sbin
PATH: /usr/bin
PATH: /sbin
PATH: /bin
PATH: /usr/games
PATH: /usr/local/games
PATH: /snap/bin
PATH: /opt/mqm/bin/


## ----------- ##
## Core tests. ##
## ----------- ##

configure:2124: checking for a BSD-compatible install
configure:2192: result: /usr/bin/install -c
configure:2251: checking for gcc
configure:2267: found /usr/bin/gcc
configure:2278: result: gcc
configure:2507: checking for C compiler version
configure:2516: gcc --version >&5
gcc (Ubuntu 9.3.0-17ubuntu1~20.04) 9.3.0
Copyright (C) 2019 Free Software Foundation, Inc.
This is free software; see the source for copying conditions.  There is NO
warranty; not even for MERCHANTABILITY or FITNESS FOR A PARTICULAR PURPOSE.

configure:2527: $? = 0
configure:2516: gcc -v >&5
Using built-in specs.
COLLECT_GCC=gcc
COLLECT_LTO_WRAPPER=/usr/lib/gcc/x86_64-linux-gnu/9/lto-wrapper
OFFLOAD_TARGET_NAMES=nvptx-none:hsa
OFFLOAD_TARGET_DEFAULT=1
Target: x86_64-linux-gnu
Configured with: ../src/configure -v --with-pkgversion='Ubuntu 9.3.0-17ubuntu1~20.04' --with-bugurl=file:///usr/share/doc/gcc-9/README.Bugs --enable-languages=c,ada,c++,go,brig,d,fortran,objc,obj-c++,gm2 --prefix=/usr --with-gcc-major-version-only --program-suffix=-9 --program-prefix=x86_64-linux-gnu- --enable-shared --enable-linker-build-id --libexecdir=/usr/lib --without-included-gettext --enable-threads=posix --libdir=/usr/lib --enable-nls --enable-clocale=gnu --enable-libstdcxx-debug --enable-libstdcxx-time=yes --with-default-libstdcxx-abi=new --enable-gnu-unique-object --disable-vtable-verify --enable-plugin --enable-default-pie --with-system-zlib --with-target-system-zlib=auto --enable-objc-gc=auto --enable-multiarch --disable-werror --with-arch-32=i686 --with-abi=m64 --with-multilib-list=m32,m64,mx32 --enable-multilib --with-tune=generic --enable-offload-targets=nvptx-none=/build/gcc-9-HskZEa/gcc-9-9.3.0/debian/tmp-nvptx/usr,hsa --without-cuda-driver --enable-checking=release --build=x86_64-linux-gnu --host=x86_64-linux-gnu --target=x86_64-linux-gnu
Thread model: posix
gcc version 9.3.0 (Ubuntu 9.3.0-17ubuntu1~20.04) 
configure:2527: $? = 0
configure:2516: gcc -V >&5
gcc: error: unrecognized command line option '-V'
gcc: fatal error: no input files
compilation terminated.
configure:2527: $? = 1
configure:2516: gcc -qversion >&5
gcc: error: unrecognized command line option '-qversion'; did you mean '--version'?
gcc: fatal error: no input files
compilation terminated.
configure:2527: $? = 1
configure:2547: checking whether the C compiler works
configure:2569: gcc    conftest.c  >&5
configure:2573: $? = 0
configure:2621: result: yes
configure:2624: checking for C compiler default output file name
configure:2626: result: a.out
configure:2632: checking for suffix of executables
configure:2639: gcc -o conftest    conftest.c  >&5
configure:2643: $? = 0
configure:2665: result: 
configure:2687: checking whether we are cross compiling
configure:2695: gcc -o conftest    conftest.c  >&5
configure:2699: $? = 0
configure:2706: ./conftest
configure:2710: $? = 0
configure:2698: result: no
configure:2703: checking for suffix of object files
configure:2725: gcc -c   conftest.c >&5
configure:2729: $? = 0
configure:2750: result: o
configure:2754: checking whether we are using the GNU C compiler
configure:2773: gcc -c   conftest.c >&5
configure:2773: $? = 0
configure:2782: result: yes
configure:2791: checking whether gcc accepts -g
configure:2811: gcc -c -g  conftest.c >&5
configure:2811: $? = 0
configure:2852: result: yes
configure:2869: checking for gcc option to accept ISO C89
configure:2933: gcc  -c -g -O2  conftest.c >&5
configure:2933: $? = 0
configure:2946: result: none needed
configure:2971: checking build system type
configure:2985: result: x86_64-unknown-linux-gnu
configure:3005: checking host system type
configure:3018: result: x86_64-unknown-linux-gnu
configure:3057: checking for library containing gethostbyname
configure:3088: gcc -o conftest -g -O2  -D_POSIX_SOURCE  conftest.c  >&5
configure:3088: $? = 0
configure:3105: result: none required
configure:3113: checking for library containing socket
configure:3144: gcc -o conftest -g -O2  -D_POSIX_SOURCE  conftest.c  >&5
configure:3144: $? = 0
configure:3161: result: none required
configure:3175: checking how to run the C preprocessor
configure:3206: gcc -E  -D_POSIX_SOURCE conftest.c
configure:3206: $? = 0
configure:3220: gcc -E  -D_POSIX_SOURCE conftest.c
conftest.c:9:10: fatal error: ac_nonexistent.h: No such file or directory
    9 | #include <ac_nonexistent.h>
      |          ^~~~~~~~~~~~~~~~~~
compilation terminated.
configure:3220: $? = 1
configure: failed program was:
| /* confdefs.h */
| #define PACKAGE_NAME "x3270if"
| #define PACKAGE_TARNAME "x3270if"
| #define PACKAGE_VERSION "4.0"
| #define PACKAGE_STRING "x3270if 4.0"
| #define PACKAGE_BUGREPORT ""
| #define PACKAGE_URL ""
| /* end confdefs.h.  */
| #include <ac_nonexistent.h>
configure:3245: result: gcc -E
configure:3265: gcc -E  -D_POSIX_SOURCE conftest.c
configure:3265: $? = 0
configure:3279: gcc -E  -D_POSIX_SOURCE conftest.c
conftest.c:9:10: fatal error: ac_nonexistent.h: No such file or directory
    9 | #include <ac_nonexistent.h>
      |          ^~~~~~~~~~~~~~~~~~
compilation terminated.
configure:3279: $? = 1
configure: failed program was:
| /* confdefs.h */
| #define PACKAGE_NAME "x3270if"
| #define PACKAGE_TARNAME "x3270if"
| #define PACKAGE_VERSION "4.0"
| #define PACKAGE_STRING "x3270if 4.0"
| #define PACKAGE_BUGREPORT ""
| #define PACKAGE_URL ""
| /* end confdefs.h.  */
| #include <ac_nonexistent.h>
configure:3308: checking for grep that handles long lines and -e
configure:3366: result: /usr/bin/grep
configure:3371: checking for egrep
configure:3433: result: /usr/bin/grep -E
configure:3438: checking for ANSI C header files
configure:3458: gcc -c -g -O2  -D_POSIX_SOURCE conftest.c >&5
configure:3458: $? = 0
configure:3531: gcc -o conftest -g -O2  -D_POSIX_SOURCE  conftest.c  >&5
configure:3531: $? = 0
configure:3531: ./conftest
configure:3531: $? = 0
configure:3542: result: yes
configure:3555: checking for sys/types.h
configure:3555: gcc -c -g -O2  -D_POSIX_SOURCE conftest.c >&5
configure:3555: $? = 0
configure:3555: result: yes
configure:3555: checking for sys/stat.h
configure:3555: gcc -c -g -O2  -D_POSIX_SOURCE conftest.c >&5
configure:3555: $? = 0
configure:3555: result: yes
configure:3555: checking for stdlib.h
configure:3555: gcc -c -g -O2  -D_POSIX_SOURCE conftest.c >&5
configure:3555: $? = 0
configure:3555: result: yes
configure:3555: checking for string.h
configure:3555: gcc -c -g -O2  -D_POSIX_SOURCE conftest.c >&5
configure:3555: $? = 0
configure:3555: result: yes
configure:3555: checking for memory.h
configure:3555: gcc -c -g -O2  -D_POSIX_SOURCE conftest.c >&5
configure:3555: $? = 0
configure:3555: result: yes
configure:3555: checking for strings.h
configure:3555: gcc -c -g -O2  -D_POSIX_SOURCE conftest.c >&5
configure:3555: $? = 0
configure:3555: result: yes
configure:3555: checking for inttypes.h
configure:3555: gcc -c -g -O2  -D_POSIX_SOURCE conftest.c >&5
configure:3555: $? = 0
configure:3555: result: yes
configure:3555: checking for stdint.h
configure:3555: gcc -c -g -O2  -D_POSIX_SOURCE conftest.c >&5
configure:3555: $? = 0
configure:3555: result: yes
configure:3555: checking for unistd.h
configure:3555: gcc -c -g -O2  -D_POSIX_SOURCE conftest.c >&5
configure:3555: $? = 0
configure:3555: result: yes
configure:3569: checking sys/select.h usability
configure:3569: gcc -c -g -O2  -D_POSIX_SOURCE conftest.c >&5
configure:3569: $? = 0
configure:3569: result: yes
configure:3569: checking sys/select.h presence
configure:3569: gcc -E  -D_POSIX_SOURCE conftest.c
configure:3569: $? = 0
configure:3569: result: yes
configure:3569: checking for sys/select.h
configure:3569: result: yes
configure:3581: checking getopt.h usability
configure:3581: gcc -c -g -O2  -D_POSIX_SOURCE conftest.c >&5
configure:3581: $? = 0
configure:3581: result: yes
configure:3581: checking getopt.h presence
configure:3581: gcc -E  -D_POSIX_SOURCE conftest.c
configure:3581: $? = 0
configure:3581: result: yes
configure:3581: checking for getopt.h
configure:3581: result: yes
configure:3594: checking readline/history.h usability
configure:3594: gcc -c -g -O2  -D_POSIX_SOURCE conftest.c >&5
conftest.c:54:10: fatal error: readline/history.h: No such file or directory
   54 | #include <readline/history.h>
      |          ^~~~~~~~~~~~~~~~~~~~
compilation terminated.
configure:3594: $? = 1
configure: failed program was:
| /* confdefs.h */
| #define PACKAGE_NAME "x3270if"
| #define PACKAGE_TARNAME "x3270if"
| #define PACKAGE_VERSION "4.0"
| #define PACKAGE_STRING "x3270if 4.0"
| #define PACKAGE_BUGREPORT ""
| #define PACKAGE_URL ""
| #define STDC_HEADERS 1
| #define HAVE_SYS_TYPES_H 1
| #define HAVE_SYS_STAT_H 1
| #define HAVE_STDLIB_H 1
| #define HAVE_STRING_H 1
| #define HAVE_MEMORY_H 1
| #define HAVE_STRINGS_H 1
| #define HAVE_INTTYPES_H 1
| #define HAVE_STDINT_H 1
| #define HAVE_UNISTD_H 1
| #define HAVE_SYS_SELECT_H 1
| #define HAVE_GETOPT_H 1
| /* end confdefs.h.  */
| #include <stdio.h>
| #ifdef HAVE_SYS_TYPES_H
| # include <sys/types.h>
| #endif
| #ifdef HAVE_SYS_STAT_H
| # include <sys/stat.h>
| #endif
| #ifdef STDC_HEADERS
| # include <stdlib.h>
| # include <stddef.h>
| #else
| # ifdef HAVE_STDLIB_H
| #  include <stdlib.h>
| # endif
| #endif
| #ifdef HAVE_STRING_H
| # if !defined STDC_HEADERS && defined HAVE_MEMORY_H
| #  include <memory.h>
| # endif
| # include <string.h>
| #endif
| #ifdef HAVE_STRINGS_H
| # include <strings.h>
| #endif
| #ifdef HAVE_INTTYPES_H
| # include <inttypes.h>
| #endif
| #ifdef HAVE_STDINT_H
| # include <stdint.h>
| #endif
| #ifdef HAVE_UNISTD_H
| # include <unistd.h>
| #endif
| #include <readline/history.h>
configure:3594: result: no
configure:3594: checking readline/history.h presence
configure:3594: gcc -E  -D_POSIX_SOURCE conftest.c
conftest.c:21:10: fatal error: readline/history.h: No such file or directory
   21 | #include <readline/history.h>
      |          ^~~~~~~~~~~~~~~~~~~~
compilation terminated.
configure:3594: $? = 1
configure: failed program was:
| /* confdefs.h */
| #define PACKAGE_NAME "x3270if"
| #define PACKAGE_TARNAME "x3270if"
| #define PACKAGE_VERSION "4.0"
| #define PACKAGE_STRING "x3270if 4.0"
| #define PACKAGE_BUGREPORT ""
| #define PACKAGE_URL ""
| #define STDC_HEADERS 1
| #define HAVE_SYS_TYPES_H 1
| #define HAVE_SYS_STAT_H 1
| #define HAVE_STDLIB_H 1
| #define HAVE_STRING_H 1
| #define HAVE_MEMORY_H 1
| #define HAVE_STRINGS_H 1
| #define HAVE_INTTYPES_H 1
| #define HAVE_STDINT_H 1
| #define HAVE_UNISTD_H 1
| #define HAVE_SYS_SELECT_H 1
| #define HAVE_GETOPT_H 1
| /* end confdefs.h.  */
| #include <readline/history.h>
configure:3594: result: no
configure:3594: checking for readline/history.h
configure:3594: result: no
configure:3607: checking ncursesw/ncurses.h usability
configure:3607: gcc -c -g -O2  -D_POSIX_SOURCE conftest.c >&5
configure:3607: $? = 0
configure:3607: result: yes
configure:3607: checking ncursesw/ncurses.h presence
configure:3607: gcc -E  -D_POSIX_SOURCE conftest.c
configure:3607: $? = 0
configure:3607: result: yes
configure:3607: checking for ncursesw/ncurses.h
configure:3607: result: yes
configure:3660: checking ncursesw/term.h usability
configure:3660: gcc -c -g -O2  -D_POSIX_SOURCE conftest.c >&5
configure:3660: $? = 0
configure:3660: result: yes
configure:3660: checking ncursesw/term.h presence
configure:3660: gcc -E  -D_POSIX_SOURCE conftest.c
configure:3660: $? = 0
configure:3660: result: yes
configure:3660: checking for ncursesw/term.h
configure:3660: result: yes
configure:3706: checking for vasprintf
configure:3706: gcc -o conftest -g -O2  -D_POSIX_SOURCE  conftest.c  >&5
configure:3706: $? = 0
configure:3706: result: yes
configure:3715: checking for _LARGEFILE_SOURCE value needed for large files
configure:3734: gcc -o conftest -g -O2  -D_POSIX_SOURCE  conftest.c  >&5
conftest.c: In function 'main':
conftest.c:29:34: error: 'fseeko' undeclared (first use in this function); did you mean 'fseek'?
   29 | int (*fp) (FILE *, off_t, int) = fseeko;
      |                                  ^~~~~~
      |                                  fseek
conftest.c:29:34: note: each undeclared identifier is reported only once for each function it appears in
conftest.c:30:13: warning: implicit declaration of function 'fseeko'; did you mean 'fseek'? [-Wimplicit-function-declaration]
   30 |      return fseeko (stdin, 0, 0) && fp (stdin, 0, 0);
      |             ^~~~~~
      |             fseek
configure:3734: $? = 1
configure: failed program was:
| /* confdefs.h */
| #define PACKAGE_NAME "x3270if"
| #define PACKAGE_TARNAME "x3270if"
| #define PACKAGE_VERSION "4.0"
| #define PACKAGE_STRING "x3270if 4.0"
| #define PACKAGE_BUGREPORT ""
| #define PACKAGE_URL ""
| #define STDC_HEADERS 1
| #define HAVE_SYS_TYPES_H 1
| #define HAVE_SYS_STAT_H 1
| #define HAVE_STDLIB_H 1
| #define HAVE_STRING_H 1
| #define HAVE_MEMORY_H 1
| #define HAVE_STRINGS_H 1
| #define HAVE_INTTYPES_H 1
| #define HAVE_STDINT_H 1
| #define HAVE_UNISTD_H 1
| #define HAVE_SYS_SELECT_H 1
| #define HAVE_GETOPT_H 1
| #define HAVE_NCURSESW_NCURSES_H 1
| #define HAVE_NCURSESW_TERM_H 1
| #define HAVE_VASPRINTF 1
| /* end confdefs.h.  */
| #include <sys/types.h> /* for off_t */
|      #include <stdio.h>
| int
| main ()
| {
| int (*fp) (FILE *, off_t, int) = fseeko;
|      return fseeko (stdin, 0, 0) && fp (stdin, 0, 0);
|   ;
|   return 0;
| }
configure:3753: gcc -o conftest -g -O2  -D_POSIX_SOURCE  conftest.c  >&5
configure:3753: $? = 0
configure:3762: result: 1
configure:3783: checking for library containing newterm
configure:3814: gcc -o conftest -g -O2  -D_POSIX_SOURCE  conftest.c  >&5
/usr/bin/ld: /tmp/ccRHBaQB.o: in function `main':
/home/mainframe/UTIL/patched_3270/x3270if/conftest.c:37: undefined reference to `newterm'
collect2: error: ld returned 1 exit status
configure:3814: $? = 1
configure: failed program was:
| /* confdefs.h */
| #define PACKAGE_NAME "x3270if"
| #define PACKAGE_TARNAME "x3270if"
| #define PACKAGE_VERSION "4.0"
| #define PACKAGE_STRING "x3270if 4.0"
| #define PACKAGE_BUGREPORT ""
| #define PACKAGE_URL ""
| #define STDC_HEADERS 1
| #define HAVE_SYS_TYPES_H 1
| #define HAVE_SYS_STAT_H 1
| #define HAVE_STDLIB_H 1
| #define HAVE_STRING_H 1
| #define HAVE_MEMORY_H 1
| #define HAVE_STRINGS_H 1
| #define HAVE_INTTYPES_H 1
| #define HAVE_STDINT_H 1
| #define HAVE_UNISTD_H 1
| #define HAVE_SYS_SELECT_H 1
| #define HAVE_GETOPT_H 1
| #define HAVE_NCURSESW_NCURSES_H 1
| #define HAVE_NCURSESW_TERM_H 1
| #define HAVE_VASPRINTF 1
| #define _LARGEFILE_SOURCE 1
| #define HAVE_FSEEKO 1
| /* end confdefs.h.  */
| 
| /* Override any GCC internal prototype to avoid an error.
|    Use char because int might match the return type of a GCC
|    builtin and then its argument prototype would still apply.  */
| #ifdef __cplusplus
| extern "C"
| #endif
| char newterm ();
| int
| main ()
| {
| return newterm ();
|   ;
|   return 0;
| }
configure:3814: gcc -o conftest -g -O2  -D_POSIX_SOURCE  conftest.c -lncursesw   >&5
configure:3814: $? = 0
configure:3831: result: -lncursesw
configure:3841: checking for library containing setupterm
configure:3872: gcc -o conftest -g -O2  -D_POSIX_SOURCE  conftest.c -lncursesw  >&5
configure:3872: $? = 0
configure:3889: result: none required
configure:3901: checking for tiparm
configure:3901: gcc -o conftest -g -O2  -D_POSIX_SOURCE  conftest.c -lncursesw  >&5
configure:3901: $? = 0
configure:3901: result: yes
configure:3911: checking for rl_initialize in -lreadline
configure:3936: gcc -o conftest -g -O2  -D_POSIX_SOURCE  conftest.c -lreadline  -lncursesw  >&5
/usr/bin/ld: cannot find -lreadline
collect2: error: ld returned 1 exit status
configure:3936: $? = 1
configure: failed program was:
| /* confdefs.h */
| #define PACKAGE_NAME "x3270if"
| #define PACKAGE_TARNAME "x3270if"
| #define PACKAGE_VERSION "4.0"
| #define PACKAGE_STRING "x3270if 4.0"
| #define PACKAGE_BUGREPORT ""
| #define PACKAGE_URL ""
| #define STDC_HEADERS 1
| #define HAVE_SYS_TYPES_H 1
| #define HAVE_SYS_STAT_H 1
| #define HAVE_STDLIB_H 1
| #define HAVE_STRING_H 1
| #define HAVE_MEMORY_H 1
| #define HAVE_STRINGS_H 1
| #define HAVE_INTTYPES_H 1
| #define HAVE_STDINT_H 1
| #define HAVE_UNISTD_H 1
| #define HAVE_SYS_SELECT_H 1
| #define HAVE_GETOPT_H 1
| #define HAVE_NCURSESW_NCURSES_H 1
| #define HAVE_NCURSESW_TERM_H 1
| #define HAVE_VASPRINTF 1
| #define _LARGEFILE_SOURCE 1
| #define HAVE_FSEEKO 1
| #define HAVE_TIPARM 1
| /* end confdefs.h.  */
| 
| /* Override any GCC internal prototype to avoid an error.
|    Use char because int might match the return type of a GCC
|    builtin and then its argument prototype would still apply.  */
| #ifdef __cplusplus
| extern "C"
| #endif
| char rl_initialize ();
| int
| main ()
| {
| return rl_initialize ();
|   ;
|   return 0;
| }
configure:3945: result: no
configure:4071: creating ./config.status

## ---------------------- ##
## Running config.status. ##
## ---------------------- ##

This file was extended by x3270if config.status 4.0, which was
generated by GNU Autoconf 2.68.  Invocation command line was

  CONFIG_FILES    = 
  CONFIG_HEADERS  = 
  CONFIG_LINKS    = 
  CONFIG_COMMANDS = 
  $ ./config.status 

on ubuntu

config.status:828: creating Makefile
config.status:828: creating Makefile.obj
config.status:828: creating conf.h
config.status:1003: conf.h is unchanged

## ---------------- ##
## Cache variables. ##
## ---------------- ##

ac_cv_build=x86_64-unknown-linux-gnu
ac_cv_c_compiler_gnu=yes
ac_cv_env_CC_set=
ac_cv_env_CC_value=
ac_cv_env_CFLAGS_set=
ac_cv_env_CFLAGS_value=
ac_cv_env_CPPFLAGS_set=
ac_cv_env_CPPFLAGS_value=
ac_cv_env_CPP_set=
ac_cv_env_CPP_value=
ac_cv_env_LDFLAGS_set=
ac_cv_env_LDFLAGS_value=
ac_cv_env_LIBS_set=
ac_cv_env_LIBS_value=
ac_cv_env_build_alias_set=
ac_cv_env_build_alias_value=
ac_cv_env_host_alias_set=
ac_cv_env_host_alias_value=
ac_cv_env_target_alias_set=
ac_cv_env_target_alias_value=
ac_cv_func_tiparm=yes
ac_cv_func_vasprintf=yes
ac_cv_header_getopt_h=yes
ac_cv_header_inttypes_h=yes
ac_cv_header_memory_h=yes
ac_cv_header_ncursesw_ncurses_h=yes
ac_cv_header_ncursesw_term_h=yes
ac_cv_header_readline_history_h=no
ac_cv_header_stdc=yes
ac_cv_header_stdint_h=yes
ac_cv_header_stdlib_h=yes
ac_cv_header_string_h=yes
ac_cv_header_strings_h=yes
ac_cv_header_sys_select_h=yes
ac_cv_header_sys_stat_h=yes
ac_cv_header_sys_types_h=yes
ac_cv_header_unistd_h=yes
ac_cv_host=x86_64-unknown-linux-gnu
ac_cv_lib_readline_rl_initialize=no
ac_cv_objext=o
ac_cv_path_EGREP='/usr/bin/grep -E'
ac_cv_path_GREP=/usr/bin/grep
ac_cv_path_install='/usr/bin/install -c'
ac_cv_prog_CPP='gcc -E'
ac_cv_prog_ac_ct_CC=gcc
ac_cv_prog_cc_c89=
ac_cv_prog_cc_g=yes
ac_cv_search_gethostbyname='none required'
ac_cv_search_newterm=-lncursesw
ac_cv_search_setupterm='none required'
ac_cv_search_socket='none required'
ac_cv_sys_largefile_source=1

## ----------------- ##
## Output variables. ##
## ----------------- ##

CC='gcc'
CCOPTIONS=' -Wall -Wsign-compare -std=c99 -pedantic -Wno-variadic-macros -MMD -MP'
CFLAGS='-g -O2'
CPP='gcc -E'
CPPFLAGS=' -D_POSIX_SOURCE'
DEFS='-DHAVE_CONFIG_H'
ECHO_C=''
ECHO_N='-n'
ECHO_T=''
EGREP='/usr/bin/grep -E'
EXEEXT=''
GREP='/usr/bin/grep'
INSTALL_DATA='${INSTALL} -m 644'
INSTALL_PROGRAM='${INSTALL}'
INSTALL_SCRIPT='${INSTALL}'
LDFLAGS=''
LIBOBJS=''
LIBS='-lncursesw '
LIBX3270DIR='${sysconfdir}/x3270'
LTLIBOBJS=''
OBJEXT='o'
PACKAGE_BUGREPORT=''
PACKAGE_NAME='x3270if'
PACKAGE_STRING='x3270if 4.0'
PACKAGE_TARNAME='x3270if'
PACKAGE_URL=''
PACKAGE_VERSION='4.0'
PATH_SEPARATOR=':'
SHELL='/bin/bash'
ac_ct_CC='gcc'
bindir='${exec_prefix}/bin'
build='x86_64-unknown-linux-gnu'
build_alias=''
build_cpu='x86_64'
build_os='linux-gnu'
build_vendor='unknown'
datadir='${datarootdir}'
datarootdir='${prefix}/share'
docdir='${datarootdir}/doc/${PACKAGE_TARNAME}'
dvidir='${docdir}'
exec_prefix='${prefix}'
host='x86_64-unknown-linux-gnu'
host_alias=''
host_cpu='x86_64'
host_os='linux-gnu'
host_vendor='unknown'
htmldir='${docdir}'
includedir='${prefix}/include'
infodir='${datarootdir}/info'
libdir='${exec_prefix}/lib'
libexecdir='${exec_prefix}/libexec'
localedir='${datarootdir}/locale'
localstatedir='${prefix}/var'
mandir='${datarootdir}/man'
oldincludedir='/usr/include'
pdfdir='${docdir}'
prefix='/usr/local'
program_transform_name='s,x,x,'
psdir='${docdir}'
sbindir='${exec_prefix}/sbin'
sharedstatedir='${prefix}/com'
sysconfdir='${prefix}/etc'
target_alias=''

## ----------- ##
## confdefs.h. ##
## ----------- ##

/* confdefs.h */
#define PACKAGE_NAME "x3270if"
#define PACKAGE_TARNAME "x3270if"
#define PACKAGE_VERSION "4.0"
#define PACKAGE_STRING "x3270if 4.0"
#define PACKAGE_BUGREPORT ""
#define PACKAGE_URL ""
#define STDC_HEADERS 1
#define HAVE_SYS_TYPES_H 1
#define HAVE_SYS_STAT_H 1
#define HAVE_STDLIB_H 1
#define HAVE_STRING_H 1
#define HAVE_MEMORY_H 1
#define HAVE_STRINGS_H 1
#define HAVE_INTTYPES_H 1
#define HAVE_STDINT_H 1
#define HAVE_UNISTD_H 1
#define HAVE_SYS_SELECT_H 1
#define HAVE_GETOPT_H 1
#define HAVE_NCURSESW_NCURSES_H 1
#define HAVE_NCURSESW_TERM_H 1
#define HAVE_VASPRINTF 1
#define _LARGEFILE_SOURCE 1
#define HAVE_FSEEKO 1
#define HAVE_TIPARM 1

configure: exit 0
