This file contains any messages produced by compilers while
running configure, to aid debugging if configure makes a mistake.

It was created by suite3270-lib configure 4.0, which was
generated by GNU Autoconf 2.68.  Invocation command line was

  $ ./configure --disable-option-checking --prefix=/usr/local --cache-file=/dev/null --srcdir=.

## --------- ##
## Platform. ##
## --------- ##

hostname = ubuntu
uname -m = x86_64
uname -r = 5.8.0-18-generic
uname -s = Linux
uname -v = #19-Ubuntu SMP Wed Aug 26 15:26:32 UTC 2020

/usr/bin/uname -p = x86_64
/bin/uname -X     = unknown

/bin/arch              = x86_64
/usr/bin/arch -k       = unknown
/usr/convex/getsysinfo = unknown
/usr/bin/hostinfo      = unknown
/bin/machine           = unknown
/usr/bin/oslevel       = unknown
/bin/universe          = unknown

PATH: /usr/local/sbin
PATH: /usr/local/bin
PATH: /usr/sbin
PATH: /usr/bin
PATH: /sbin
PATH: /bin
PATH: /usr/games
PATH: /usr/local/games
PATH: /snap/bin
PATH: /opt/mqm/bin
PATH: /opt/mqm/samp/bin
PATH: /opt/ibm/db2/V11.5/bin
PATH: /opt/mqm/bin
PATH: /opt/mqm/samp/bin
PATH: /opt/ibm/db2/V11.5/bin


## ----------- ##
## Core tests. ##
## ----------- ##

configure:2198: checking for a BSD-compatible install
configure:2266: result: /usr/bin/install -c
configure:2325: checking for gcc
configure:2341: found /usr/bin/gcc
configure:2352: result: gcc
configure:2581: checking for C compiler version
configure:2590: gcc --version >&5
gcc (Ubuntu 10.2.0-6ubuntu1) 10.2.0
Copyright (C) 2020 Free Software Foundation, Inc.
This is free software; see the source for copying conditions.  There is NO
warranty; not even for MERCHANTABILITY or FITNESS FOR A PARTICULAR PURPOSE.

configure:2601: $? = 0
configure:2590: gcc -v >&5
Using built-in specs.
COLLECT_GCC=gcc
COLLECT_LTO_WRAPPER=/usr/lib/gcc/x86_64-linux-gnu/10/lto-wrapper
OFFLOAD_TARGET_NAMES=nvptx-none:amdgcn-amdhsa:hsa
OFFLOAD_TARGET_DEFAULT=1
Target: x86_64-linux-gnu
Configured with: ../src/configure -v --with-pkgversion='Ubuntu 10.2.0-6ubuntu1' --with-bugurl=file:///usr/share/doc/gcc-10/README.Bugs --enable-languages=c,ada,c++,go,brig,d,fortran,objc,obj-c++,m2 --prefix=/usr --with-gcc-major-version-only --program-suffix=-10 --program-prefix=x86_64-linux-gnu- --enable-shared --enable-linker-build-id --libexecdir=/usr/lib --without-included-gettext --enable-threads=posix --libdir=/usr/lib --enable-nls --enable-clocale=gnu --enable-libstdcxx-debug --enable-libstdcxx-time=yes --with-default-libstdcxx-abi=new --enable-gnu-unique-object --disable-vtable-verify --enable-plugin --enable-default-pie --with-system-zlib --enable-libphobos-checking=release --with-target-system-zlib=auto --enable-objc-gc=auto --enable-multiarch --disable-werror --with-arch-32=i686 --with-abi=m64 --with-multilib-list=m32,m64,mx32 --enable-multilib --with-tune=generic --enable-offload-targets=nvptx-none=/build/gcc-10-qSk1lX/gcc-10-10.2.0/debian/tmp-nvptx/usr,amdgcn-amdhsa=/build/gcc-10-qSk1lX/gcc-10-10.2.0/debian/tmp-gcn/usr,hsa --without-cuda-driver --enable-checking=release --build=x86_64-linux-gnu --host=x86_64-linux-gnu --target=x86_64-linux-gnu
Thread model: posix
Supported LTO compression algorithms: zlib zstd
gcc version 10.2.0 (Ubuntu 10.2.0-6ubuntu1) 
... rest of stderr output deleted ...
configure:2601: $? = 0
configure:2590: gcc -V >&5
gcc: error: unrecognized command-line option '-V'
gcc: fatal error: no input files
compilation terminated.
configure:2601: $? = 1
configure:2590: gcc -qversion >&5
gcc: error: unrecognized command-line option '-qversion'; did you mean '--version'?
gcc: fatal error: no input files
compilation terminated.
configure:2601: $? = 1
configure:2621: checking whether the C compiler works
configure:2643: gcc    conftest.c  >&5
configure:2647: $? = 0
configure:2695: result: yes
configure:2698: checking for C compiler default output file name
configure:2700: result: a.out
configure:2706: checking for suffix of executables
configure:2713: gcc -o conftest    conftest.c  >&5
configure:2717: $? = 0
configure:2739: result: 
configure:2761: checking whether we are cross compiling
configure:2769: gcc -o conftest    conftest.c  >&5
configure:2773: $? = 0
configure:2780: ./conftest
configure:2784: $? = 0
configure:2772: result: no
configure:2777: checking for suffix of object files
configure:2799: gcc -c   conftest.c >&5
configure:2803: $? = 0
configure:2824: result: o
configure:2828: checking whether we are using the GNU C compiler
configure:2847: gcc -c   conftest.c >&5
configure:2847: $? = 0
configure:2856: result: yes
configure:2865: checking whether gcc accepts -g
configure:2885: gcc -c -g  conftest.c >&5
configure:2885: $? = 0
configure:2926: result: yes
configure:2943: checking for gcc option to accept ISO C89
configure:3007: gcc  -c -g -O2  conftest.c >&5
configure:3007: $? = 0
configure:3020: result: none needed
configure:3083: checking for ranlib
configure:3099: found /usr/bin/ranlib
configure:3110: result: ranlib
configure:3137: checking build system type
configure:3151: result: x86_64-unknown-linux-gnu
configure:3171: checking host system type
configure:3184: result: x86_64-unknown-linux-gnu
configure:3235: checking how to run the C preprocessor
configure:3266: gcc -E -D_POSIX_SOURCE -D_BSD_SOURCE -D_DEFAULT_SOURCE -D_XOPEN_SOURCE -D_GNU_SOURCE conftest.c
configure:3266: $? = 0
configure:3280: gcc -E -D_POSIX_SOURCE -D_BSD_SOURCE -D_DEFAULT_SOURCE -D_XOPEN_SOURCE -D_GNU_SOURCE conftest.c
conftest.c:9:10: fatal error: ac_nonexistent.h: No such file or directory
    9 | #include <ac_nonexistent.h>
      |          ^~~~~~~~~~~~~~~~~~
compilation terminated.
configure:3280: $? = 1
configure: failed program was:
| /* confdefs.h */
| #define PACKAGE_NAME "suite3270-lib"
| #define PACKAGE_TARNAME "suite3270-lib"
| #define PACKAGE_VERSION "4.0"
| #define PACKAGE_STRING "suite3270-lib 4.0"
| #define PACKAGE_BUGREPORT ""
| #define PACKAGE_URL ""
| /* end confdefs.h.  */
| #include <ac_nonexistent.h>
configure:3305: result: gcc -E
configure:3325: gcc -E -D_POSIX_SOURCE -D_BSD_SOURCE -D_DEFAULT_SOURCE -D_XOPEN_SOURCE -D_GNU_SOURCE conftest.c
configure:3325: $? = 0
configure:3339: gcc -E -D_POSIX_SOURCE -D_BSD_SOURCE -D_DEFAULT_SOURCE -D_XOPEN_SOURCE -D_GNU_SOURCE conftest.c
conftest.c:9:10: fatal error: ac_nonexistent.h: No such file or directory
    9 | #include <ac_nonexistent.h>
      |          ^~~~~~~~~~~~~~~~~~
compilation terminated.
configure:3339: $? = 1
configure: failed program was:
| /* confdefs.h */
| #define PACKAGE_NAME "suite3270-lib"
| #define PACKAGE_TARNAME "suite3270-lib"
| #define PACKAGE_VERSION "4.0"
| #define PACKAGE_STRING "suite3270-lib 4.0"
| #define PACKAGE_BUGREPORT ""
| #define PACKAGE_URL ""
| /* end confdefs.h.  */
| #include <ac_nonexistent.h>
configure:3368: checking for grep that handles long lines and -e
configure:3426: result: /usr/bin/grep
configure:3431: checking for egrep
configure:3493: result: /usr/bin/grep -E
configure:3498: checking for ANSI C header files
configure:3518: gcc -c -g -O2 -D_POSIX_SOURCE -D_BSD_SOURCE -D_DEFAULT_SOURCE -D_XOPEN_SOURCE -D_GNU_SOURCE conftest.c >&5
configure:3518: $? = 0
configure:3591: gcc -o conftest -g -O2 -D_POSIX_SOURCE -D_BSD_SOURCE -D_DEFAULT_SOURCE -D_XOPEN_SOURCE -D_GNU_SOURCE  conftest.c  >&5
configure:3591: $? = 0
configure:3591: ./conftest
configure:3591: $? = 0
configure:3602: result: yes
configure:3615: checking for sys/types.h
configure:3615: gcc -c -g -O2 -D_POSIX_SOURCE -D_BSD_SOURCE -D_DEFAULT_SOURCE -D_XOPEN_SOURCE -D_GNU_SOURCE conftest.c >&5
configure:3615: $? = 0
configure:3615: result: yes
configure:3615: checking for sys/stat.h
configure:3615: gcc -c -g -O2 -D_POSIX_SOURCE -D_BSD_SOURCE -D_DEFAULT_SOURCE -D_XOPEN_SOURCE -D_GNU_SOURCE conftest.c >&5
configure:3615: $? = 0
configure:3615: result: yes
configure:3615: checking for stdlib.h
configure:3615: gcc -c -g -O2 -D_POSIX_SOURCE -D_BSD_SOURCE -D_DEFAULT_SOURCE -D_XOPEN_SOURCE -D_GNU_SOURCE conftest.c >&5
configure:3615: $? = 0
configure:3615: result: yes
configure:3615: checking for string.h
configure:3615: gcc -c -g -O2 -D_POSIX_SOURCE -D_BSD_SOURCE -D_DEFAULT_SOURCE -D_XOPEN_SOURCE -D_GNU_SOURCE conftest.c >&5
configure:3615: $? = 0
configure:3615: result: yes
configure:3615: checking for memory.h
configure:3615: gcc -c -g -O2 -D_POSIX_SOURCE -D_BSD_SOURCE -D_DEFAULT_SOURCE -D_XOPEN_SOURCE -D_GNU_SOURCE conftest.c >&5
configure:3615: $? = 0
configure:3615: result: yes
configure:3615: checking for strings.h
configure:3615: gcc -c -g -O2 -D_POSIX_SOURCE -D_BSD_SOURCE -D_DEFAULT_SOURCE -D_XOPEN_SOURCE -D_GNU_SOURCE conftest.c >&5
configure:3615: $? = 0
configure:3615: result: yes
configure:3615: checking for inttypes.h
configure:3615: gcc -c -g -O2 -D_POSIX_SOURCE -D_BSD_SOURCE -D_DEFAULT_SOURCE -D_XOPEN_SOURCE -D_GNU_SOURCE conftest.c >&5
configure:3615: $? = 0
configure:3615: result: yes
configure:3615: checking for stdint.h
configure:3615: gcc -c -g -O2 -D_POSIX_SOURCE -D_BSD_SOURCE -D_DEFAULT_SOURCE -D_XOPEN_SOURCE -D_GNU_SOURCE conftest.c >&5
configure:3615: $? = 0
configure:3615: result: yes
configure:3615: checking for unistd.h
configure:3615: gcc -c -g -O2 -D_POSIX_SOURCE -D_BSD_SOURCE -D_DEFAULT_SOURCE -D_XOPEN_SOURCE -D_GNU_SOURCE conftest.c >&5
configure:3615: $? = 0
configure:3615: result: yes
configure:3629: checking sys/select.h usability
configure:3629: gcc -c -g -O2 -D_POSIX_SOURCE -D_BSD_SOURCE -D_DEFAULT_SOURCE -D_XOPEN_SOURCE -D_GNU_SOURCE conftest.c >&5
configure:3629: $? = 0
configure:3629: result: yes
configure:3629: checking sys/select.h presence
configure:3629: gcc -E -D_POSIX_SOURCE -D_BSD_SOURCE -D_DEFAULT_SOURCE -D_XOPEN_SOURCE -D_GNU_SOURCE conftest.c
configure:3629: $? = 0
configure:3629: result: yes
configure:3629: checking for sys/select.h
configure:3629: result: yes
configure:3641: checking readline/history.h usability
configure:3641: gcc -c -g -O2 -D_POSIX_SOURCE -D_BSD_SOURCE -D_DEFAULT_SOURCE -D_XOPEN_SOURCE -D_GNU_SOURCE conftest.c >&5
conftest.c:53:10: fatal error: readline/history.h: No such file or directory
   53 | #include <readline/history.h>
      |          ^~~~~~~~~~~~~~~~~~~~
compilation terminated.
configure:3641: $? = 1
configure: failed program was:
| /* confdefs.h */
| #define PACKAGE_NAME "suite3270-lib"
| #define PACKAGE_TARNAME "suite3270-lib"
| #define PACKAGE_VERSION "4.0"
| #define PACKAGE_STRING "suite3270-lib 4.0"
| #define PACKAGE_BUGREPORT ""
| #define PACKAGE_URL ""
| #define STDC_HEADERS 1
| #define HAVE_SYS_TYPES_H 1
| #define HAVE_SYS_STAT_H 1
| #define HAVE_STDLIB_H 1
| #define HAVE_STRING_H 1
| #define HAVE_MEMORY_H 1
| #define HAVE_STRINGS_H 1
| #define HAVE_INTTYPES_H 1
| #define HAVE_STDINT_H 1
| #define HAVE_UNISTD_H 1
| #define HAVE_SYS_SELECT_H 1
| /* end confdefs.h.  */
| #include <stdio.h>
| #ifdef HAVE_SYS_TYPES_H
| # include <sys/types.h>
| #endif
| #ifdef HAVE_SYS_STAT_H
| # include <sys/stat.h>
| #endif
| #ifdef STDC_HEADERS
| # include <stdlib.h>
| # include <stddef.h>
| #else
| # ifdef HAVE_STDLIB_H
| #  include <stdlib.h>
| # endif
| #endif
| #ifdef HAVE_STRING_H
| # if !defined STDC_HEADERS && defined HAVE_MEMORY_H
| #  include <memory.h>
| # endif
| # include <string.h>
| #endif
| #ifdef HAVE_STRINGS_H
| # include <strings.h>
| #endif
| #ifdef HAVE_INTTYPES_H
| # include <inttypes.h>
| #endif
| #ifdef HAVE_STDINT_H
| # include <stdint.h>
| #endif
| #ifdef HAVE_UNISTD_H
| # include <unistd.h>
| #endif
| #include <readline/history.h>
configure:3641: result: no
configure:3641: checking readline/history.h presence
configure:3641: gcc -E -D_POSIX_SOURCE -D_BSD_SOURCE -D_DEFAULT_SOURCE -D_XOPEN_SOURCE -D_GNU_SOURCE conftest.c
conftest.c:20:10: fatal error: readline/history.h: No such file or directory
   20 | #include <readline/history.h>
      |          ^~~~~~~~~~~~~~~~~~~~
compilation terminated.
configure:3641: $? = 1
configure: failed program was:
| /* confdefs.h */
| #define PACKAGE_NAME "suite3270-lib"
| #define PACKAGE_TARNAME "suite3270-lib"
| #define PACKAGE_VERSION "4.0"
| #define PACKAGE_STRING "suite3270-lib 4.0"
| #define PACKAGE_BUGREPORT ""
| #define PACKAGE_URL ""
| #define STDC_HEADERS 1
| #define HAVE_SYS_TYPES_H 1
| #define HAVE_SYS_STAT_H 1
| #define HAVE_STDLIB_H 1
| #define HAVE_STRING_H 1
| #define HAVE_MEMORY_H 1
| #define HAVE_STRINGS_H 1
| #define HAVE_INTTYPES_H 1
| #define HAVE_STDINT_H 1
| #define HAVE_UNISTD_H 1
| #define HAVE_SYS_SELECT_H 1
| /* end confdefs.h.  */
| #include <readline/history.h>
configure:3641: result: no
configure:3641: checking for readline/history.h
configure:3641: result: no
configure:3653: checking pty.h usability
configure:3653: gcc -c -g -O2 -D_POSIX_SOURCE -D_BSD_SOURCE -D_DEFAULT_SOURCE -D_XOPEN_SOURCE -D_GNU_SOURCE conftest.c >&5
configure:3653: $? = 0
configure:3653: result: yes
configure:3653: checking pty.h presence
configure:3653: gcc -E -D_POSIX_SOURCE -D_BSD_SOURCE -D_DEFAULT_SOURCE -D_XOPEN_SOURCE -D_GNU_SOURCE conftest.c
configure:3653: $? = 0
configure:3653: result: yes
configure:3653: checking for pty.h
configure:3653: result: yes
configure:3665: checking libutil.h usability
configure:3665: gcc -c -g -O2 -D_POSIX_SOURCE -D_BSD_SOURCE -D_DEFAULT_SOURCE -D_XOPEN_SOURCE -D_GNU_SOURCE conftest.c >&5
conftest.c:54:10: fatal error: libutil.h: No such file or directory
   54 | #include <libutil.h>
      |          ^~~~~~~~~~~
compilation terminated.
configure:3665: $? = 1
configure: failed program was:
| /* confdefs.h */
| #define PACKAGE_NAME "suite3270-lib"
| #define PACKAGE_TARNAME "suite3270-lib"
| #define PACKAGE_VERSION "4.0"
| #define PACKAGE_STRING "suite3270-lib 4.0"
| #define PACKAGE_BUGREPORT ""
| #define PACKAGE_URL ""
| #define STDC_HEADERS 1
| #define HAVE_SYS_TYPES_H 1
| #define HAVE_SYS_STAT_H 1
| #define HAVE_STDLIB_H 1
| #define HAVE_STRING_H 1
| #define HAVE_MEMORY_H 1
| #define HAVE_STRINGS_H 1
| #define HAVE_INTTYPES_H 1
| #define HAVE_STDINT_H 1
| #define HAVE_UNISTD_H 1
| #define HAVE_SYS_SELECT_H 1
| #define HAVE_PTY_H 1
| /* end confdefs.h.  */
| #include <stdio.h>
| #ifdef HAVE_SYS_TYPES_H
| # include <sys/types.h>
| #endif
| #ifdef HAVE_SYS_STAT_H
| # include <sys/stat.h>
| #endif
| #ifdef STDC_HEADERS
| # include <stdlib.h>
| # include <stddef.h>
| #else
| # ifdef HAVE_STDLIB_H
| #  include <stdlib.h>
| # endif
| #endif
| #ifdef HAVE_STRING_H
| # if !defined STDC_HEADERS && defined HAVE_MEMORY_H
| #  include <memory.h>
| # endif
| # include <string.h>
| #endif
| #ifdef HAVE_STRINGS_H
| # include <strings.h>
| #endif
| #ifdef HAVE_INTTYPES_H
| # include <inttypes.h>
| #endif
| #ifdef HAVE_STDINT_H
| # include <stdint.h>
| #endif
| #ifdef HAVE_UNISTD_H
| # include <unistd.h>
| #endif
| #include <libutil.h>
configure:3665: result: no
configure:3665: checking libutil.h presence
configure:3665: gcc -E -D_POSIX_SOURCE -D_BSD_SOURCE -D_DEFAULT_SOURCE -D_XOPEN_SOURCE -D_GNU_SOURCE conftest.c
conftest.c:21:10: fatal error: libutil.h: No such file or directory
   21 | #include <libutil.h>
      |          ^~~~~~~~~~~
compilation terminated.
configure:3665: $? = 1
configure: failed program was:
| /* confdefs.h */
| #define PACKAGE_NAME "suite3270-lib"
| #define PACKAGE_TARNAME "suite3270-lib"
| #define PACKAGE_VERSION "4.0"
| #define PACKAGE_STRING "suite3270-lib 4.0"
| #define PACKAGE_BUGREPORT ""
| #define PACKAGE_URL ""
| #define STDC_HEADERS 1
| #define HAVE_SYS_TYPES_H 1
| #define HAVE_SYS_STAT_H 1
| #define HAVE_STDLIB_H 1
| #define HAVE_STRING_H 1
| #define HAVE_MEMORY_H 1
| #define HAVE_STRINGS_H 1
| #define HAVE_INTTYPES_H 1
| #define HAVE_STDINT_H 1
| #define HAVE_UNISTD_H 1
| #define HAVE_SYS_SELECT_H 1
| #define HAVE_PTY_H 1
| /* end confdefs.h.  */
| #include <libutil.h>
configure:3665: result: no
configure:3665: checking for libutil.h
configure:3665: result: no
configure:3677: checking util.h usability
configure:3677: gcc -c -g -O2 -D_POSIX_SOURCE -D_BSD_SOURCE -D_DEFAULT_SOURCE -D_XOPEN_SOURCE -D_GNU_SOURCE conftest.c >&5
conftest.c:54:10: fatal error: util.h: No such file or directory
   54 | #include <util.h>
      |          ^~~~~~~~
compilation terminated.
configure:3677: $? = 1
configure: failed program was:
| /* confdefs.h */
| #define PACKAGE_NAME "suite3270-lib"
| #define PACKAGE_TARNAME "suite3270-lib"
| #define PACKAGE_VERSION "4.0"
| #define PACKAGE_STRING "suite3270-lib 4.0"
| #define PACKAGE_BUGREPORT ""
| #define PACKAGE_URL ""
| #define STDC_HEADERS 1
| #define HAVE_SYS_TYPES_H 1
| #define HAVE_SYS_STAT_H 1
| #define HAVE_STDLIB_H 1
| #define HAVE_STRING_H 1
| #define HAVE_MEMORY_H 1
| #define HAVE_STRINGS_H 1
| #define HAVE_INTTYPES_H 1
| #define HAVE_STDINT_H 1
| #define HAVE_UNISTD_H 1
| #define HAVE_SYS_SELECT_H 1
| #define HAVE_PTY_H 1
| /* end confdefs.h.  */
| #include <stdio.h>
| #ifdef HAVE_SYS_TYPES_H
| # include <sys/types.h>
| #endif
| #ifdef HAVE_SYS_STAT_H
| # include <sys/stat.h>
| #endif
| #ifdef STDC_HEADERS
| # include <stdlib.h>
| # include <stddef.h>
| #else
| # ifdef HAVE_STDLIB_H
| #  include <stdlib.h>
| # endif
| #endif
| #ifdef HAVE_STRING_H
| # if !defined STDC_HEADERS && defined HAVE_MEMORY_H
| #  include <memory.h>
| # endif
| # include <string.h>
| #endif
| #ifdef HAVE_STRINGS_H
| # include <strings.h>
| #endif
| #ifdef HAVE_INTTYPES_H
| # include <inttypes.h>
| #endif
| #ifdef HAVE_STDINT_H
| # include <stdint.h>
| #endif
| #ifdef HAVE_UNISTD_H
| # include <unistd.h>
| #endif
| #include <util.h>
configure:3677: result: no
configure:3677: checking util.h presence
configure:3677: gcc -E -D_POSIX_SOURCE -D_BSD_SOURCE -D_DEFAULT_SOURCE -D_XOPEN_SOURCE -D_GNU_SOURCE conftest.c
conftest.c:21:10: fatal error: util.h: No such file or directory
   21 | #include <util.h>
      |          ^~~~~~~~
compilation terminated.
configure:3677: $? = 1
configure: failed program was:
| /* confdefs.h */
| #define PACKAGE_NAME "suite3270-lib"
| #define PACKAGE_TARNAME "suite3270-lib"
| #define PACKAGE_VERSION "4.0"
| #define PACKAGE_STRING "suite3270-lib 4.0"
| #define PACKAGE_BUGREPORT ""
| #define PACKAGE_URL ""
| #define STDC_HEADERS 1
| #define HAVE_SYS_TYPES_H 1
| #define HAVE_SYS_STAT_H 1
| #define HAVE_STDLIB_H 1
| #define HAVE_STRING_H 1
| #define HAVE_MEMORY_H 1
| #define HAVE_STRINGS_H 1
| #define HAVE_INTTYPES_H 1
| #define HAVE_STDINT_H 1
| #define HAVE_UNISTD_H 1
| #define HAVE_SYS_SELECT_H 1
| #define HAVE_PTY_H 1
| /* end confdefs.h.  */
| #include <util.h>
configure:3677: result: no
configure:3677: checking for util.h
configure:3677: result: no
configure:3689: checking getopt.h usability
configure:3689: gcc -c -g -O2 -D_POSIX_SOURCE -D_BSD_SOURCE -D_DEFAULT_SOURCE -D_XOPEN_SOURCE -D_GNU_SOURCE conftest.c >&5
configure:3689: $? = 0
configure:3689: result: yes
configure:3689: checking getopt.h presence
configure:3689: gcc -E -D_POSIX_SOURCE -D_BSD_SOURCE -D_DEFAULT_SOURCE -D_XOPEN_SOURCE -D_GNU_SOURCE conftest.c
configure:3689: $? = 0
configure:3689: result: yes
configure:3689: checking for getopt.h
configure:3689: result: yes
configure:3701: checking malloc.h usability
configure:3701: gcc -c -g -O2 -D_POSIX_SOURCE -D_BSD_SOURCE -D_DEFAULT_SOURCE -D_XOPEN_SOURCE -D_GNU_SOURCE conftest.c >&5
configure:3701: $? = 0
configure:3701: result: yes
configure:3701: checking malloc.h presence
configure:3701: gcc -E -D_POSIX_SOURCE -D_BSD_SOURCE -D_DEFAULT_SOURCE -D_XOPEN_SOURCE -D_GNU_SOURCE conftest.c
configure:3701: $? = 0
configure:3701: result: yes
configure:3701: checking for malloc.h
configure:3701: result: yes
configure:3745: checking openssl/ssl.h usability
configure:3745: gcc -c -g -O2 -D_POSIX_SOURCE -D_BSD_SOURCE -D_DEFAULT_SOURCE -D_XOPEN_SOURCE -D_GNU_SOURCE conftest.c >&5
configure:3745: $? = 0
configure:3745: result: yes
configure:3745: checking openssl/ssl.h presence
configure:3745: gcc -E -D_POSIX_SOURCE -D_BSD_SOURCE -D_DEFAULT_SOURCE -D_XOPEN_SOURCE -D_GNU_SOURCE conftest.c
configure:3745: $? = 0
configure:3745: result: yes
configure:3745: checking for openssl/ssl.h
configure:3745: result: yes
configure:3773: checking whether __STDC_ISO_10646__ is declared
configure:3773: gcc -c -g -O2 -D_POSIX_SOURCE -D_BSD_SOURCE -D_DEFAULT_SOURCE -D_XOPEN_SOURCE -D_GNU_SOURCE conftest.c >&5
configure:3773: $? = 0
configure:3773: result: yes
configure:3805: checking for library containing forkpty
configure:3836: gcc -o conftest -g -O2 -D_POSIX_SOURCE -D_BSD_SOURCE -D_DEFAULT_SOURCE -D_XOPEN_SOURCE -D_GNU_SOURCE  conftest.c  >&5
/usr/bin/ld: /tmp/ccLazvei.o: in function `main':
/home/mainframe/suite3270-4.0ga11-src/suite3270-4.0/lib/conftest.c:36: undefined reference to `forkpty'
collect2: error: ld returned 1 exit status
configure:3836: $? = 1
configure: failed program was:
| /* confdefs.h */
| #define PACKAGE_NAME "suite3270-lib"
| #define PACKAGE_TARNAME "suite3270-lib"
| #define PACKAGE_VERSION "4.0"
| #define PACKAGE_STRING "suite3270-lib 4.0"
| #define PACKAGE_BUGREPORT ""
| #define PACKAGE_URL ""
| #define STDC_HEADERS 1
| #define HAVE_SYS_TYPES_H 1
| #define HAVE_SYS_STAT_H 1
| #define HAVE_STDLIB_H 1
| #define HAVE_STRING_H 1
| #define HAVE_MEMORY_H 1
| #define HAVE_STRINGS_H 1
| #define HAVE_INTTYPES_H 1
| #define HAVE_STDINT_H 1
| #define HAVE_UNISTD_H 1
| #define HAVE_SYS_SELECT_H 1
| #define HAVE_PTY_H 1
| #define HAVE_GETOPT_H 1
| #define HAVE_MALLOC_H 1
| #define HAVE_OPENSSL_SSL_H 1
| #define HAVE_DECL___STDC_ISO_10646__ 1
| /* end confdefs.h.  */
| 
| /* Override any GCC internal prototype to avoid an error.
|    Use char because int might match the return type of a GCC
|    builtin and then its argument prototype would still apply.  */
| #ifdef __cplusplus
| extern "C"
| #endif
| char forkpty ();
| int
| main ()
| {
| return forkpty ();
|   ;
|   return 0;
| }
configure:3836: gcc -o conftest -g -O2 -D_POSIX_SOURCE -D_BSD_SOURCE -D_DEFAULT_SOURCE -D_XOPEN_SOURCE -D_GNU_SOURCE  conftest.c -lutil   >&5
configure:3836: $? = 0
configure:3853: result: -lutil
configure:3863: checking for forkpty
configure:3863: gcc -o conftest -g -O2 -D_POSIX_SOURCE -D_BSD_SOURCE -D_DEFAULT_SOURCE -D_XOPEN_SOURCE -D_GNU_SOURCE  conftest.c -lutil  >&5
configure:3863: $? = 0
configure:3863: result: yes
configure:3872: checking for library containing gethostbyname
configure:3903: gcc -o conftest -g -O2 -D_POSIX_SOURCE -D_BSD_SOURCE -D_DEFAULT_SOURCE -D_XOPEN_SOURCE -D_GNU_SOURCE  conftest.c -lutil  >&5
configure:3903: $? = 0
configure:3920: result: none required
configure:3928: checking for library containing socket
configure:3959: gcc -o conftest -g -O2 -D_POSIX_SOURCE -D_BSD_SOURCE -D_DEFAULT_SOURCE -D_XOPEN_SOURCE -D_GNU_SOURCE  conftest.c -lutil  >&5
configure:3959: $? = 0
configure:3976: result: none required
configure:3986: checking iconv.h usability
configure:3986: gcc -c -g -O2 -D_POSIX_SOURCE -D_BSD_SOURCE -D_DEFAULT_SOURCE -D_XOPEN_SOURCE -D_GNU_SOURCE conftest.c >&5
configure:3986: $? = 0
configure:3986: result: yes
configure:3986: checking iconv.h presence
configure:3986: gcc -E -D_POSIX_SOURCE -D_BSD_SOURCE -D_DEFAULT_SOURCE -D_XOPEN_SOURCE -D_GNU_SOURCE conftest.c
configure:3986: $? = 0
configure:3986: result: yes
configure:3986: checking for iconv.h
configure:3986: result: yes
configure:3996: checking for library containing libiconv
configure:4027: gcc -o conftest -g -O2 -D_POSIX_SOURCE -D_BSD_SOURCE -D_DEFAULT_SOURCE -D_XOPEN_SOURCE -D_GNU_SOURCE  conftest.c -lutil  >&5
/usr/bin/ld: /tmp/ccEEyeIL.o: in function `main':
/home/mainframe/suite3270-4.0ga11-src/suite3270-4.0/lib/conftest.c:38: undefined reference to `libiconv'
collect2: error: ld returned 1 exit status
configure:4027: $? = 1
configure: failed program was:
| /* confdefs.h */
| #define PACKAGE_NAME "suite3270-lib"
| #define PACKAGE_TARNAME "suite3270-lib"
| #define PACKAGE_VERSION "4.0"
| #define PACKAGE_STRING "suite3270-lib 4.0"
| #define PACKAGE_BUGREPORT ""
| #define PACKAGE_URL ""
| #define STDC_HEADERS 1
| #define HAVE_SYS_TYPES_H 1
| #define HAVE_SYS_STAT_H 1
| #define HAVE_STDLIB_H 1
| #define HAVE_STRING_H 1
| #define HAVE_MEMORY_H 1
| #define HAVE_STRINGS_H 1
| #define HAVE_INTTYPES_H 1
| #define HAVE_STDINT_H 1
| #define HAVE_UNISTD_H 1
| #define HAVE_SYS_SELECT_H 1
| #define HAVE_PTY_H 1
| #define HAVE_GETOPT_H 1
| #define HAVE_MALLOC_H 1
| #define HAVE_OPENSSL_SSL_H 1
| #define HAVE_DECL___STDC_ISO_10646__ 1
| #define HAVE_FORKPTY 1
| #define HAVE_ICONV_H 1
| /* end confdefs.h.  */
| 
| /* Override any GCC internal prototype to avoid an error.
|    Use char because int might match the return type of a GCC
|    builtin and then its argument prototype would still apply.  */
| #ifdef __cplusplus
| extern "C"
| #endif
| char libiconv ();
| int
| main ()
| {
| return libiconv ();
|   ;
|   return 0;
| }
configure:4027: gcc -o conftest -g -O2 -D_POSIX_SOURCE -D_BSD_SOURCE -D_DEFAULT_SOURCE -D_XOPEN_SOURCE -D_GNU_SOURCE  conftest.c -liconv  -lutil  >&5
/usr/bin/ld: cannot find -liconv
collect2: error: ld returned 1 exit status
configure:4027: $? = 1
configure: failed program was:
| /* confdefs.h */
| #define PACKAGE_NAME "suite3270-lib"
| #define PACKAGE_TARNAME "suite3270-lib"
| #define PACKAGE_VERSION "4.0"
| #define PACKAGE_STRING "suite3270-lib 4.0"
| #define PACKAGE_BUGREPORT ""
| #define PACKAGE_URL ""
| #define STDC_HEADERS 1
| #define HAVE_SYS_TYPES_H 1
| #define HAVE_SYS_STAT_H 1
| #define HAVE_STDLIB_H 1
| #define HAVE_STRING_H 1
| #define HAVE_MEMORY_H 1
| #define HAVE_STRINGS_H 1
| #define HAVE_INTTYPES_H 1
| #define HAVE_STDINT_H 1
| #define HAVE_UNISTD_H 1
| #define HAVE_SYS_SELECT_H 1
| #define HAVE_PTY_H 1
| #define HAVE_GETOPT_H 1
| #define HAVE_MALLOC_H 1
| #define HAVE_OPENSSL_SSL_H 1
| #define HAVE_DECL___STDC_ISO_10646__ 1
| #define HAVE_FORKPTY 1
| #define HAVE_ICONV_H 1
| /* end confdefs.h.  */
| 
| /* Override any GCC internal prototype to avoid an error.
|    Use char because int might match the return type of a GCC
|    builtin and then its argument prototype would still apply.  */
| #ifdef __cplusplus
| extern "C"
| #endif
| char libiconv ();
| int
| main ()
| {
| return libiconv ();
|   ;
|   return 0;
| }
configure:4044: result: no
configure:4051: checking for library containing iconv
configure:4082: gcc -o conftest -g -O2 -D_POSIX_SOURCE -D_BSD_SOURCE -D_DEFAULT_SOURCE -D_XOPEN_SOURCE -D_GNU_SOURCE  conftest.c -lutil  >&5
configure:4082: $? = 0
configure:4099: result: none required
configure:4111: checking for library containing getaddrinfo_a
configure:4142: gcc -o conftest -g -O2 -D_POSIX_SOURCE -D_BSD_SOURCE -D_DEFAULT_SOURCE -D_XOPEN_SOURCE -D_GNU_SOURCE  conftest.c -lutil  >&5
/usr/bin/ld: /tmp/cc4HmPzL.o: in function `main':
/home/mainframe/suite3270-4.0ga11-src/suite3270-4.0/lib/conftest.c:38: undefined reference to `getaddrinfo_a'
collect2: error: ld returned 1 exit status
configure:4142: $? = 1
configure: failed program was:
| /* confdefs.h */
| #define PACKAGE_NAME "suite3270-lib"
| #define PACKAGE_TARNAME "suite3270-lib"
| #define PACKAGE_VERSION "4.0"
| #define PACKAGE_STRING "suite3270-lib 4.0"
| #define PACKAGE_BUGREPORT ""
| #define PACKAGE_URL ""
| #define STDC_HEADERS 1
| #define HAVE_SYS_TYPES_H 1
| #define HAVE_SYS_STAT_H 1
| #define HAVE_STDLIB_H 1
| #define HAVE_STRING_H 1
| #define HAVE_MEMORY_H 1
| #define HAVE_STRINGS_H 1
| #define HAVE_INTTYPES_H 1
| #define HAVE_STDINT_H 1
| #define HAVE_UNISTD_H 1
| #define HAVE_SYS_SELECT_H 1
| #define HAVE_PTY_H 1
| #define HAVE_GETOPT_H 1
| #define HAVE_MALLOC_H 1
| #define HAVE_OPENSSL_SSL_H 1
| #define HAVE_DECL___STDC_ISO_10646__ 1
| #define HAVE_FORKPTY 1
| #define HAVE_ICONV_H 1
| /* end confdefs.h.  */
| 
| /* Override any GCC internal prototype to avoid an error.
|    Use char because int might match the return type of a GCC
|    builtin and then its argument prototype would still apply.  */
| #ifdef __cplusplus
| extern "C"
| #endif
| char getaddrinfo_a ();
| int
| main ()
| {
| return getaddrinfo_a ();
|   ;
|   return 0;
| }
configure:4142: gcc -o conftest -g -O2 -D_POSIX_SOURCE -D_BSD_SOURCE -D_DEFAULT_SOURCE -D_XOPEN_SOURCE -D_GNU_SOURCE  conftest.c -lanl  -lutil  >&5
configure:4142: $? = 0
configure:4159: result: -lanl
configure:4176: checking for vasprintf
configure:4176: gcc -o conftest -g -O2 -D_POSIX_SOURCE -D_BSD_SOURCE -D_DEFAULT_SOURCE -D_XOPEN_SOURCE -D_GNU_SOURCE  conftest.c -lanl -lutil  >&5
configure:4176: $? = 0
configure:4176: result: yes
configure:4187: checking for malloc_usable_size
configure:4187: gcc -o conftest -g -O2 -D_POSIX_SOURCE -D_BSD_SOURCE -D_DEFAULT_SOURCE -D_XOPEN_SOURCE -D_GNU_SOURCE  conftest.c -lanl -lutil  >&5
configure:4187: $? = 0
configure:4187: result: yes
configure:4196: checking for _LARGEFILE_SOURCE value needed for large files
configure:4215: gcc -o conftest -g -O2 -D_POSIX_SOURCE -D_BSD_SOURCE -D_DEFAULT_SOURCE -D_XOPEN_SOURCE -D_GNU_SOURCE  conftest.c -lanl -lutil  >&5
configure:4215: $? = 0
configure:4243: result: no
configure:4290: checking for CRYPTO_malloc in -lcrypto
configure:4315: gcc -o conftest -g -O2 -D_POSIX_SOURCE -D_BSD_SOURCE -D_DEFAULT_SOURCE -D_XOPEN_SOURCE -D_GNU_SOURCE  conftest.c -lcrypto  -lanl -lutil  >&5
configure:4315: $? = 0
configure:4324: result: yes
configure:4338: checking for SSL_new in -lssl
configure:4363: gcc -o conftest -g -O2 -D_POSIX_SOURCE -D_BSD_SOURCE -D_DEFAULT_SOURCE -D_XOPEN_SOURCE -D_GNU_SOURCE  conftest.c -lssl  -lcrypto -lanl -lutil  >&5
configure:4363: $? = 0
configure:4372: result: yes
configure:4594: creating ./config.status

## ---------------------- ##
## Running config.status. ##
## ---------------------- ##

This file was extended by suite3270-lib config.status 4.0, which was
generated by GNU Autoconf 2.68.  Invocation command line was

  CONFIG_FILES    = 
  CONFIG_HEADERS  = 
  CONFIG_LINKS    = 
  CONFIG_COMMANDS = 
  $ ./config.status 

on ubuntu

config.status:853: creating 3270/Makefile
config.status:853: creating 3270/Makefile.obj
config.status:853: creating 3270i/Makefile
config.status:853: creating 3270i/Makefile.obj
config.status:853: creating 32xx/Makefile
config.status:853: creating 32xx/Makefile.obj
config.status:853: creating 3270stubs/Makefile
config.status:853: creating 3270stubs/Makefile.obj
config.status:853: creating 32xx/32xx-deplibs.mk
config.status:853: creating include/unix/conf.h
config.status:1028: include/unix/conf.h is unchanged

## ---------------- ##
## Cache variables. ##
## ---------------- ##

ac_cv_build=x86_64-unknown-linux-gnu
ac_cv_c_compiler_gnu=yes
ac_cv_env_CC_set=
ac_cv_env_CC_value=
ac_cv_env_CFLAGS_set=
ac_cv_env_CFLAGS_value=
ac_cv_env_CPPFLAGS_set=
ac_cv_env_CPPFLAGS_value=
ac_cv_env_CPP_set=
ac_cv_env_CPP_value=
ac_cv_env_LDFLAGS_set=
ac_cv_env_LDFLAGS_value=
ac_cv_env_LIBS_set=
ac_cv_env_LIBS_value=
ac_cv_env_build_alias_set=
ac_cv_env_build_alias_value=
ac_cv_env_host_alias_set=
ac_cv_env_host_alias_value=
ac_cv_env_target_alias_set=
ac_cv_env_target_alias_value=
ac_cv_func_forkpty=yes
ac_cv_func_malloc_usable_size=yes
ac_cv_func_vasprintf=yes
ac_cv_have_decl___STDC_ISO_10646__=yes
ac_cv_header_getopt_h=yes
ac_cv_header_iconv_h=yes
ac_cv_header_inttypes_h=yes
ac_cv_header_libutil_h=no
ac_cv_header_malloc_h=yes
ac_cv_header_memory_h=yes
ac_cv_header_openssl_ssl_h=yes
ac_cv_header_pty_h=yes
ac_cv_header_readline_history_h=no
ac_cv_header_stdc=yes
ac_cv_header_stdint_h=yes
ac_cv_header_stdlib_h=yes
ac_cv_header_string_h=yes
ac_cv_header_strings_h=yes
ac_cv_header_sys_select_h=yes
ac_cv_header_sys_stat_h=yes
ac_cv_header_sys_types_h=yes
ac_cv_header_unistd_h=yes
ac_cv_header_util_h=no
ac_cv_host=x86_64-unknown-linux-gnu
ac_cv_lib_crypto_CRYPTO_malloc=yes
ac_cv_lib_ssl_SSL_new=yes
ac_cv_objext=o
ac_cv_path_EGREP='/usr/bin/grep -E'
ac_cv_path_GREP=/usr/bin/grep
ac_cv_path_install='/usr/bin/install -c'
ac_cv_prog_CPP='gcc -E'
ac_cv_prog_ac_ct_CC=gcc
ac_cv_prog_ac_ct_RANLIB=ranlib
ac_cv_prog_cc_c89=
ac_cv_prog_cc_g=yes
ac_cv_search_forkpty=-lutil
ac_cv_search_getaddrinfo_a=-lanl
ac_cv_search_gethostbyname='none required'
ac_cv_search_iconv='none required'
ac_cv_search_libiconv=no
ac_cv_search_socket='none required'
ac_cv_sys_largefile_source=no

## ----------------- ##
## Output variables. ##
## ----------------- ##

CC='gcc'
CCOPTIONS=' -Wall -Wsign-compare -std=c99 -pedantic -Wno-variadic-macros -MMD -MP'
CFLAGS='-g -O2'
CONNECT_GETPEERNAME=''
CPP='gcc -E'
CPPFLAGS='-D_POSIX_SOURCE -D_BSD_SOURCE -D_DEFAULT_SOURCE -D_XOPEN_SOURCE -D_GNU_SOURCE'
DEFS='-DHAVE_CONFIG_H'
ECHO_C=''
ECHO_N='-n'
ECHO_T=''
EGREP='/usr/bin/grep -E'
EXEEXT=''
GAI_LIBS='-lanl'
GREP='/usr/bin/grep'
HAVE_GETADDRINFO_A=''
ICONV_LIBS=''
INSTALL_DATA='${INSTALL} -m 644'
INSTALL_PROGRAM='${INSTALL}'
INSTALL_SCRIPT='${INSTALL}'
LDFLAGS=''
LIBOBJS=''
LIBS='-lssl -lcrypto -lanl -lutil '
LIBX3270DIR='${sysconfdir}/x3270'
LTLIBOBJS=''
OBJEXT='o'
PACKAGE_BUGREPORT=''
PACKAGE_NAME='suite3270-lib'
PACKAGE_STRING='suite3270-lib 4.0'
PACKAGE_TARNAME='suite3270-lib'
PACKAGE_URL=''
PACKAGE_VERSION='4.0'
PATH_SEPARATOR=':'
RANLIB='ranlib'
SHELL='/bin/bash'
TLS_LDFLAGS=''
TLS_LIBS='-lssl -lcrypto'
TLS_MODULES='sio_openssl.o'
USE_ICONV=''
ac_ct_CC='gcc'
bindir='${exec_prefix}/bin'
build='x86_64-unknown-linux-gnu'
build_alias=''
build_cpu='x86_64'
build_os='linux-gnu'
build_vendor='unknown'
datadir='${datarootdir}'
datarootdir='${prefix}/share'
docdir='${datarootdir}/doc/${PACKAGE_TARNAME}'
dvidir='${docdir}'
exec_prefix='${prefix}'
host='x86_64-unknown-linux-gnu'
host_alias=''
host_cpu='x86_64'
host_os='linux-gnu'
host_vendor='unknown'
htmldir='${docdir}'
includedir='${prefix}/include'
infodir='${datarootdir}/info'
libdir='${exec_prefix}/lib'
libexecdir='${exec_prefix}/libexec'
localedir='${datarootdir}/locale'
localstatedir='${prefix}/var'
mandir='${datarootdir}/man'
oldincludedir='/usr/include'
pdfdir='${docdir}'
prefix='/usr/local'
program_transform_name='s,x,x,'
psdir='${docdir}'
sbindir='${exec_prefix}/sbin'
sharedstatedir='${prefix}/com'
sysconfdir='${prefix}/etc'
target_alias=''

## ----------- ##
## confdefs.h. ##
## ----------- ##

/* confdefs.h */
#define PACKAGE_NAME "suite3270-lib"
#define PACKAGE_TARNAME "suite3270-lib"
#define PACKAGE_VERSION "4.0"
#define PACKAGE_STRING "suite3270-lib 4.0"
#define PACKAGE_BUGREPORT ""
#define PACKAGE_URL ""
#define STDC_HEADERS 1
#define HAVE_SYS_TYPES_H 1
#define HAVE_SYS_STAT_H 1
#define HAVE_STDLIB_H 1
#define HAVE_STRING_H 1
#define HAVE_MEMORY_H 1
#define HAVE_STRINGS_H 1
#define HAVE_INTTYPES_H 1
#define HAVE_STDINT_H 1
#define HAVE_UNISTD_H 1
#define HAVE_SYS_SELECT_H 1
#define HAVE_PTY_H 1
#define HAVE_GETOPT_H 1
#define HAVE_MALLOC_H 1
#define HAVE_OPENSSL_SSL_H 1
#define HAVE_DECL___STDC_ISO_10646__ 1
#define HAVE_FORKPTY 1
#define HAVE_ICONV_H 1
#define HAVE_GETADDRINFO_A 1
#define HAVE_VASPRINTF 1
#define HAVE_MALLOC_USABLE_SIZE 1
#define HAVE_FSEEKO 1
#define HAVE_LIBCRYPTO 1
#define HAVE_LIBSSL 1
#define X3270_DBCS 1
#define X3270_LOCAL_PROCESS 1
#define X3270_IPV6 1

configure: exit 0
