This file contains any messages produced by compilers while
running configure, to aid debugging if configure makes a mistake.

It was created by s3270 configure 4.0, which was
generated by GNU Autoconf 2.68.  Invocation command line was

  $ ./configure --disable-option-checking --prefix=/usr/local --cache-file=/dev/null --srcdir=.

## --------- ##
## Platform. ##
## --------- ##

hostname = ubuntu
uname -m = x86_64
uname -r = 5.8.0-18-generic
uname -s = Linux
uname -v = #19-Ubuntu SMP Wed Aug 26 15:26:32 UTC 2020

/usr/bin/uname -p = x86_64
/bin/uname -X     = unknown

/bin/arch              = x86_64
/usr/bin/arch -k       = unknown
/usr/convex/getsysinfo = unknown
/usr/bin/hostinfo      = unknown
/bin/machine           = unknown
/usr/bin/oslevel       = unknown
/bin/universe          = unknown

PATH: /usr/local/sbin
PATH: /usr/local/bin
PATH: /usr/sbin
PATH: /usr/bin
PATH: /sbin
PATH: /bin
PATH: /usr/games
PATH: /usr/local/games
PATH: /snap/bin
PATH: /opt/mqm/bin
PATH: /opt/mqm/samp/bin
PATH: /opt/ibm/db2/V11.5/bin
PATH: /opt/mqm/bin
PATH: /opt/mqm/samp/bin
PATH: /opt/ibm/db2/V11.5/bin


## ----------- ##
## Core tests. ##
## ----------- ##

configure:2135: checking for a BSD-compatible install
configure:2203: result: /usr/bin/install -c
configure:2262: checking for gcc
configure:2278: found /usr/bin/gcc
configure:2289: result: gcc
configure:2518: checking for C compiler version
configure:2527: gcc --version >&5
gcc (Ubuntu 10.2.0-6ubuntu1) 10.2.0
Copyright (C) 2020 Free Software Foundation, Inc.
This is free software; see the source for copying conditions.  There is NO
warranty; not even for MERCHANTABILITY or FITNESS FOR A PARTICULAR PURPOSE.

configure:2538: $? = 0
configure:2527: gcc -v >&5
Using built-in specs.
COLLECT_GCC=gcc
COLLECT_LTO_WRAPPER=/usr/lib/gcc/x86_64-linux-gnu/10/lto-wrapper
OFFLOAD_TARGET_NAMES=nvptx-none:amdgcn-amdhsa:hsa
OFFLOAD_TARGET_DEFAULT=1
Target: x86_64-linux-gnu
Configured with: ../src/configure -v --with-pkgversion='Ubuntu 10.2.0-6ubuntu1' --with-bugurl=file:///usr/share/doc/gcc-10/README.Bugs --enable-languages=c,ada,c++,go,brig,d,fortran,objc,obj-c++,m2 --prefix=/usr --with-gcc-major-version-only --program-suffix=-10 --program-prefix=x86_64-linux-gnu- --enable-shared --enable-linker-build-id --libexecdir=/usr/lib --without-included-gettext --enable-threads=posix --libdir=/usr/lib --enable-nls --enable-clocale=gnu --enable-libstdcxx-debug --enable-libstdcxx-time=yes --with-default-libstdcxx-abi=new --enable-gnu-unique-object --disable-vtable-verify --enable-plugin --enable-default-pie --with-system-zlib --enable-libphobos-checking=release --with-target-system-zlib=auto --enable-objc-gc=auto --enable-multiarch --disable-werror --with-arch-32=i686 --with-abi=m64 --with-multilib-list=m32,m64,mx32 --enable-multilib --with-tune=generic --enable-offload-targets=nvptx-none=/build/gcc-10-qSk1lX/gcc-10-10.2.0/debian/tmp-nvptx/usr,amdgcn-amdhsa=/build/gcc-10-qSk1lX/gcc-10-10.2.0/debian/tmp-gcn/usr,hsa --without-cuda-driver --enable-checking=release --build=x86_64-linux-gnu --host=x86_64-linux-gnu --target=x86_64-linux-gnu
Thread model: posix
Supported LTO compression algorithms: zlib zstd
gcc version 10.2.0 (Ubuntu 10.2.0-6ubuntu1) 
... rest of stderr output deleted ...
configure:2538: $? = 0
configure:2527: gcc -V >&5
gcc: error: unrecognized command-line option '-V'
gcc: fatal error: no input files
compilation terminated.
configure:2538: $? = 1
configure:2527: gcc -qversion >&5
gcc: error: unrecognized command-line option '-qversion'; did you mean '--version'?
gcc: fatal error: no input files
compilation terminated.
configure:2538: $? = 1
configure:2558: checking whether the C compiler works
configure:2580: gcc    conftest.c  >&5
configure:2584: $? = 0
configure:2632: result: yes
configure:2635: checking for C compiler default output file name
configure:2637: result: a.out
configure:2643: checking for suffix of executables
configure:2650: gcc -o conftest    conftest.c  >&5
configure:2654: $? = 0
configure:2676: result: 
configure:2698: checking whether we are cross compiling
configure:2706: gcc -o conftest    conftest.c  >&5
configure:2710: $? = 0
configure:2717: ./conftest
configure:2721: $? = 0
configure:2709: result: no
configure:2714: checking for suffix of object files
configure:2736: gcc -c   conftest.c >&5
configure:2740: $? = 0
configure:2761: result: o
configure:2765: checking whether we are using the GNU C compiler
configure:2784: gcc -c   conftest.c >&5
configure:2784: $? = 0
configure:2793: result: yes
configure:2802: checking whether gcc accepts -g
configure:2822: gcc -c -g  conftest.c >&5
configure:2822: $? = 0
configure:2863: result: yes
configure:2880: checking for gcc option to accept ISO C89
configure:2944: gcc  -c -g -O2  conftest.c >&5
configure:2944: $? = 0
configure:2957: result: none needed
configure:2982: checking build system type
configure:2996: result: x86_64-unknown-linux-gnu
configure:3016: checking host system type
configure:3029: result: x86_64-unknown-linux-gnu
configure:3068: checking for library containing forkpty
configure:3099: gcc -o conftest -g -O2 -D_POSIX_SOURCE  conftest.c  >&5
/usr/bin/ld: /tmp/ccgoxbPr.o: in function `main':
/home/mainframe/suite3270-4.0ga11-src/suite3270-4.0/s3270/conftest.c:20: undefined reference to `forkpty'
collect2: error: ld returned 1 exit status
configure:3099: $? = 1
configure: failed program was:
| /* confdefs.h */
| #define PACKAGE_NAME "s3270"
| #define PACKAGE_TARNAME "s3270"
| #define PACKAGE_VERSION "4.0"
| #define PACKAGE_STRING "s3270 4.0"
| #define PACKAGE_BUGREPORT ""
| #define PACKAGE_URL ""
| /* end confdefs.h.  */
| 
| /* Override any GCC internal prototype to avoid an error.
|    Use char because int might match the return type of a GCC
|    builtin and then its argument prototype would still apply.  */
| #ifdef __cplusplus
| extern "C"
| #endif
| char forkpty ();
| int
| main ()
| {
| return forkpty ();
|   ;
|   return 0;
| }
configure:3099: gcc -o conftest -g -O2 -D_POSIX_SOURCE  conftest.c -lutil   >&5
configure:3099: $? = 0
configure:3116: result: -lutil
configure:3126: checking for forkpty
configure:3126: gcc -o conftest -g -O2 -D_POSIX_SOURCE  conftest.c -lutil  >&5
configure:3126: $? = 0
configure:3126: result: yes
configure:3135: checking for library containing gethostbyname
configure:3166: gcc -o conftest -g -O2 -D_POSIX_SOURCE  conftest.c -lutil  >&5
configure:3166: $? = 0
configure:3183: result: none required
configure:3191: checking for library containing socket
configure:3222: gcc -o conftest -g -O2 -D_POSIX_SOURCE  conftest.c -lutil  >&5
configure:3222: $? = 0
configure:3239: result: none required
configure:3253: checking how to run the C preprocessor
configure:3284: gcc -E -D_POSIX_SOURCE conftest.c
configure:3284: $? = 0
configure:3298: gcc -E -D_POSIX_SOURCE conftest.c
conftest.c:10:10: fatal error: ac_nonexistent.h: No such file or directory
   10 | #include <ac_nonexistent.h>
      |          ^~~~~~~~~~~~~~~~~~
compilation terminated.
configure:3298: $? = 1
configure: failed program was:
| /* confdefs.h */
| #define PACKAGE_NAME "s3270"
| #define PACKAGE_TARNAME "s3270"
| #define PACKAGE_VERSION "4.0"
| #define PACKAGE_STRING "s3270 4.0"
| #define PACKAGE_BUGREPORT ""
| #define PACKAGE_URL ""
| #define HAVE_FORKPTY 1
| /* end confdefs.h.  */
| #include <ac_nonexistent.h>
configure:3323: result: gcc -E
configure:3343: gcc -E -D_POSIX_SOURCE conftest.c
configure:3343: $? = 0
configure:3357: gcc -E -D_POSIX_SOURCE conftest.c
conftest.c:10:10: fatal error: ac_nonexistent.h: No such file or directory
   10 | #include <ac_nonexistent.h>
      |          ^~~~~~~~~~~~~~~~~~
compilation terminated.
configure:3357: $? = 1
configure: failed program was:
| /* confdefs.h */
| #define PACKAGE_NAME "s3270"
| #define PACKAGE_TARNAME "s3270"
| #define PACKAGE_VERSION "4.0"
| #define PACKAGE_STRING "s3270 4.0"
| #define PACKAGE_BUGREPORT ""
| #define PACKAGE_URL ""
| #define HAVE_FORKPTY 1
| /* end confdefs.h.  */
| #include <ac_nonexistent.h>
configure:3386: checking for grep that handles long lines and -e
configure:3444: result: /usr/bin/grep
configure:3449: checking for egrep
configure:3511: result: /usr/bin/grep -E
configure:3516: checking for ANSI C header files
configure:3536: gcc -c -g -O2 -D_POSIX_SOURCE conftest.c >&5
configure:3536: $? = 0
configure:3609: gcc -o conftest -g -O2 -D_POSIX_SOURCE  conftest.c -lutil  >&5
configure:3609: $? = 0
configure:3609: ./conftest
configure:3609: $? = 0
configure:3620: result: yes
configure:3633: checking for sys/types.h
configure:3633: gcc -c -g -O2 -D_POSIX_SOURCE conftest.c >&5
configure:3633: $? = 0
configure:3633: result: yes
configure:3633: checking for sys/stat.h
configure:3633: gcc -c -g -O2 -D_POSIX_SOURCE conftest.c >&5
configure:3633: $? = 0
configure:3633: result: yes
configure:3633: checking for stdlib.h
configure:3633: gcc -c -g -O2 -D_POSIX_SOURCE conftest.c >&5
configure:3633: $? = 0
configure:3633: result: yes
configure:3633: checking for string.h
configure:3633: gcc -c -g -O2 -D_POSIX_SOURCE conftest.c >&5
configure:3633: $? = 0
configure:3633: result: yes
configure:3633: checking for memory.h
configure:3633: gcc -c -g -O2 -D_POSIX_SOURCE conftest.c >&5
configure:3633: $? = 0
configure:3633: result: yes
configure:3633: checking for strings.h
configure:3633: gcc -c -g -O2 -D_POSIX_SOURCE conftest.c >&5
configure:3633: $? = 0
configure:3633: result: yes
configure:3633: checking for inttypes.h
configure:3633: gcc -c -g -O2 -D_POSIX_SOURCE conftest.c >&5
configure:3633: $? = 0
configure:3633: result: yes
configure:3633: checking for stdint.h
configure:3633: gcc -c -g -O2 -D_POSIX_SOURCE conftest.c >&5
configure:3633: $? = 0
configure:3633: result: yes
configure:3633: checking for unistd.h
configure:3633: gcc -c -g -O2 -D_POSIX_SOURCE conftest.c >&5
configure:3633: $? = 0
configure:3633: result: yes
configure:3647: checking sys/select.h usability
configure:3647: gcc -c -g -O2 -D_POSIX_SOURCE conftest.c >&5
configure:3647: $? = 0
configure:3647: result: yes
configure:3647: checking sys/select.h presence
configure:3647: gcc -E -D_POSIX_SOURCE conftest.c
configure:3647: $? = 0
configure:3647: result: yes
configure:3647: checking for sys/select.h
configure:3647: result: yes
configure:3659: checking pty.h usability
configure:3659: gcc -c -g -O2 -D_POSIX_SOURCE conftest.c >&5
configure:3659: $? = 0
configure:3659: result: yes
configure:3659: checking pty.h presence
configure:3659: gcc -E -D_POSIX_SOURCE conftest.c
configure:3659: $? = 0
configure:3659: result: yes
configure:3659: checking for pty.h
configure:3659: result: yes
configure:3671: checking libutil.h usability
configure:3671: gcc -c -g -O2 -D_POSIX_SOURCE conftest.c >&5
conftest.c:55:10: fatal error: libutil.h: No such file or directory
   55 | #include <libutil.h>
      |          ^~~~~~~~~~~
compilation terminated.
configure:3671: $? = 1
configure: failed program was:
| /* confdefs.h */
| #define PACKAGE_NAME "s3270"
| #define PACKAGE_TARNAME "s3270"
| #define PACKAGE_VERSION "4.0"
| #define PACKAGE_STRING "s3270 4.0"
| #define PACKAGE_BUGREPORT ""
| #define PACKAGE_URL ""
| #define HAVE_FORKPTY 1
| #define STDC_HEADERS 1
| #define HAVE_SYS_TYPES_H 1
| #define HAVE_SYS_STAT_H 1
| #define HAVE_STDLIB_H 1
| #define HAVE_STRING_H 1
| #define HAVE_MEMORY_H 1
| #define HAVE_STRINGS_H 1
| #define HAVE_INTTYPES_H 1
| #define HAVE_STDINT_H 1
| #define HAVE_UNISTD_H 1
| #define HAVE_SYS_SELECT_H 1
| #define HAVE_PTY_H 1
| /* end confdefs.h.  */
| #include <stdio.h>
| #ifdef HAVE_SYS_TYPES_H
| # include <sys/types.h>
| #endif
| #ifdef HAVE_SYS_STAT_H
| # include <sys/stat.h>
| #endif
| #ifdef STDC_HEADERS
| # include <stdlib.h>
| # include <stddef.h>
| #else
| # ifdef HAVE_STDLIB_H
| #  include <stdlib.h>
| # endif
| #endif
| #ifdef HAVE_STRING_H
| # if !defined STDC_HEADERS && defined HAVE_MEMORY_H
| #  include <memory.h>
| # endif
| # include <string.h>
| #endif
| #ifdef HAVE_STRINGS_H
| # include <strings.h>
| #endif
| #ifdef HAVE_INTTYPES_H
| # include <inttypes.h>
| #endif
| #ifdef HAVE_STDINT_H
| # include <stdint.h>
| #endif
| #ifdef HAVE_UNISTD_H
| # include <unistd.h>
| #endif
| #include <libutil.h>
configure:3671: result: no
configure:3671: checking libutil.h presence
configure:3671: gcc -E -D_POSIX_SOURCE conftest.c
conftest.c:22:10: fatal error: libutil.h: No such file or directory
   22 | #include <libutil.h>
      |          ^~~~~~~~~~~
compilation terminated.
configure:3671: $? = 1
configure: failed program was:
| /* confdefs.h */
| #define PACKAGE_NAME "s3270"
| #define PACKAGE_TARNAME "s3270"
| #define PACKAGE_VERSION "4.0"
| #define PACKAGE_STRING "s3270 4.0"
| #define PACKAGE_BUGREPORT ""
| #define PACKAGE_URL ""
| #define HAVE_FORKPTY 1
| #define STDC_HEADERS 1
| #define HAVE_SYS_TYPES_H 1
| #define HAVE_SYS_STAT_H 1
| #define HAVE_STDLIB_H 1
| #define HAVE_STRING_H 1
| #define HAVE_MEMORY_H 1
| #define HAVE_STRINGS_H 1
| #define HAVE_INTTYPES_H 1
| #define HAVE_STDINT_H 1
| #define HAVE_UNISTD_H 1
| #define HAVE_SYS_SELECT_H 1
| #define HAVE_PTY_H 1
| /* end confdefs.h.  */
| #include <libutil.h>
configure:3671: result: no
configure:3671: checking for libutil.h
configure:3671: result: no
configure:3683: checking util.h usability
configure:3683: gcc -c -g -O2 -D_POSIX_SOURCE conftest.c >&5
conftest.c:55:10: fatal error: util.h: No such file or directory
   55 | #include <util.h>
      |          ^~~~~~~~
compilation terminated.
configure:3683: $? = 1
configure: failed program was:
| /* confdefs.h */
| #define PACKAGE_NAME "s3270"
| #define PACKAGE_TARNAME "s3270"
| #define PACKAGE_VERSION "4.0"
| #define PACKAGE_STRING "s3270 4.0"
| #define PACKAGE_BUGREPORT ""
| #define PACKAGE_URL ""
| #define HAVE_FORKPTY 1
| #define STDC_HEADERS 1
| #define HAVE_SYS_TYPES_H 1
| #define HAVE_SYS_STAT_H 1
| #define HAVE_STDLIB_H 1
| #define HAVE_STRING_H 1
| #define HAVE_MEMORY_H 1
| #define HAVE_STRINGS_H 1
| #define HAVE_INTTYPES_H 1
| #define HAVE_STDINT_H 1
| #define HAVE_UNISTD_H 1
| #define HAVE_SYS_SELECT_H 1
| #define HAVE_PTY_H 1
| /* end confdefs.h.  */
| #include <stdio.h>
| #ifdef HAVE_SYS_TYPES_H
| # include <sys/types.h>
| #endif
| #ifdef HAVE_SYS_STAT_H
| # include <sys/stat.h>
| #endif
| #ifdef STDC_HEADERS
| # include <stdlib.h>
| # include <stddef.h>
| #else
| # ifdef HAVE_STDLIB_H
| #  include <stdlib.h>
| # endif
| #endif
| #ifdef HAVE_STRING_H
| # if !defined STDC_HEADERS && defined HAVE_MEMORY_H
| #  include <memory.h>
| # endif
| # include <string.h>
| #endif
| #ifdef HAVE_STRINGS_H
| # include <strings.h>
| #endif
| #ifdef HAVE_INTTYPES_H
| # include <inttypes.h>
| #endif
| #ifdef HAVE_STDINT_H
| # include <stdint.h>
| #endif
| #ifdef HAVE_UNISTD_H
| # include <unistd.h>
| #endif
| #include <util.h>
configure:3683: result: no
configure:3683: checking util.h presence
configure:3683: gcc -E -D_POSIX_SOURCE conftest.c
conftest.c:22:10: fatal error: util.h: No such file or directory
   22 | #include <util.h>
      |          ^~~~~~~~
compilation terminated.
configure:3683: $? = 1
configure: failed program was:
| /* confdefs.h */
| #define PACKAGE_NAME "s3270"
| #define PACKAGE_TARNAME "s3270"
| #define PACKAGE_VERSION "4.0"
| #define PACKAGE_STRING "s3270 4.0"
| #define PACKAGE_BUGREPORT ""
| #define PACKAGE_URL ""
| #define HAVE_FORKPTY 1
| #define STDC_HEADERS 1
| #define HAVE_SYS_TYPES_H 1
| #define HAVE_SYS_STAT_H 1
| #define HAVE_STDLIB_H 1
| #define HAVE_STRING_H 1
| #define HAVE_MEMORY_H 1
| #define HAVE_STRINGS_H 1
| #define HAVE_INTTYPES_H 1
| #define HAVE_STDINT_H 1
| #define HAVE_UNISTD_H 1
| #define HAVE_SYS_SELECT_H 1
| #define HAVE_PTY_H 1
| /* end confdefs.h.  */
| #include <util.h>
configure:3683: result: no
configure:3683: checking for util.h
configure:3683: result: no
configure:3695: checking getopt.h usability
configure:3695: gcc -c -g -O2 -D_POSIX_SOURCE conftest.c >&5
configure:3695: $? = 0
configure:3695: result: yes
configure:3695: checking getopt.h presence
configure:3695: gcc -E -D_POSIX_SOURCE conftest.c
configure:3695: $? = 0
configure:3695: result: yes
configure:3695: checking for getopt.h
configure:3695: result: yes
configure:3708: checking readline/history.h usability
configure:3708: gcc -c -g -O2 -D_POSIX_SOURCE conftest.c >&5
conftest.c:56:10: fatal error: readline/history.h: No such file or directory
   56 | #include <readline/history.h>
      |          ^~~~~~~~~~~~~~~~~~~~
compilation terminated.
configure:3708: $? = 1
configure: failed program was:
| /* confdefs.h */
| #define PACKAGE_NAME "s3270"
| #define PACKAGE_TARNAME "s3270"
| #define PACKAGE_VERSION "4.0"
| #define PACKAGE_STRING "s3270 4.0"
| #define PACKAGE_BUGREPORT ""
| #define PACKAGE_URL ""
| #define HAVE_FORKPTY 1
| #define STDC_HEADERS 1
| #define HAVE_SYS_TYPES_H 1
| #define HAVE_SYS_STAT_H 1
| #define HAVE_STDLIB_H 1
| #define HAVE_STRING_H 1
| #define HAVE_MEMORY_H 1
| #define HAVE_STRINGS_H 1
| #define HAVE_INTTYPES_H 1
| #define HAVE_STDINT_H 1
| #define HAVE_UNISTD_H 1
| #define HAVE_SYS_SELECT_H 1
| #define HAVE_PTY_H 1
| #define HAVE_GETOPT_H 1
| /* end confdefs.h.  */
| #include <stdio.h>
| #ifdef HAVE_SYS_TYPES_H
| # include <sys/types.h>
| #endif
| #ifdef HAVE_SYS_STAT_H
| # include <sys/stat.h>
| #endif
| #ifdef STDC_HEADERS
| # include <stdlib.h>
| # include <stddef.h>
| #else
| # ifdef HAVE_STDLIB_H
| #  include <stdlib.h>
| # endif
| #endif
| #ifdef HAVE_STRING_H
| # if !defined STDC_HEADERS && defined HAVE_MEMORY_H
| #  include <memory.h>
| # endif
| # include <string.h>
| #endif
| #ifdef HAVE_STRINGS_H
| # include <strings.h>
| #endif
| #ifdef HAVE_INTTYPES_H
| # include <inttypes.h>
| #endif
| #ifdef HAVE_STDINT_H
| # include <stdint.h>
| #endif
| #ifdef HAVE_UNISTD_H
| # include <unistd.h>
| #endif
| #include <readline/history.h>
configure:3708: result: no
configure:3708: checking readline/history.h presence
configure:3708: gcc -E -D_POSIX_SOURCE conftest.c
conftest.c:23:10: fatal error: readline/history.h: No such file or directory
   23 | #include <readline/history.h>
      |          ^~~~~~~~~~~~~~~~~~~~
compilation terminated.
configure:3708: $? = 1
configure: failed program was:
| /* confdefs.h */
| #define PACKAGE_NAME "s3270"
| #define PACKAGE_TARNAME "s3270"
| #define PACKAGE_VERSION "4.0"
| #define PACKAGE_STRING "s3270 4.0"
| #define PACKAGE_BUGREPORT ""
| #define PACKAGE_URL ""
| #define HAVE_FORKPTY 1
| #define STDC_HEADERS 1
| #define HAVE_SYS_TYPES_H 1
| #define HAVE_SYS_STAT_H 1
| #define HAVE_STDLIB_H 1
| #define HAVE_STRING_H 1
| #define HAVE_MEMORY_H 1
| #define HAVE_STRINGS_H 1
| #define HAVE_INTTYPES_H 1
| #define HAVE_STDINT_H 1
| #define HAVE_UNISTD_H 1
| #define HAVE_SYS_SELECT_H 1
| #define HAVE_PTY_H 1
| #define HAVE_GETOPT_H 1
| /* end confdefs.h.  */
| #include <readline/history.h>
configure:3708: result: no
configure:3708: checking for readline/history.h
configure:3708: result: no
configure:3729: checking for vasprintf
configure:3729: gcc -o conftest -g -O2 -D_POSIX_SOURCE  conftest.c -lutil  >&5
configure:3729: $? = 0
configure:3729: result: yes
configure:3738: checking for _LARGEFILE_SOURCE value needed for large files
configure:3757: gcc -o conftest -g -O2 -D_POSIX_SOURCE  conftest.c -lutil  >&5
conftest.c: In function 'main':
conftest.c:29:34: error: 'fseeko' undeclared (first use in this function); did you mean 'fseek'?
   29 | int (*fp) (FILE *, off_t, int) = fseeko;
      |                                  ^~~~~~
      |                                  fseek
conftest.c:29:34: note: each undeclared identifier is reported only once for each function it appears in
conftest.c:30:13: warning: implicit declaration of function 'fseeko'; did you mean 'fseek'? [-Wimplicit-function-declaration]
   30 |      return fseeko (stdin, 0, 0) && fp (stdin, 0, 0);
      |             ^~~~~~
      |             fseek
configure:3757: $? = 1
configure: failed program was:
| /* confdefs.h */
| #define PACKAGE_NAME "s3270"
| #define PACKAGE_TARNAME "s3270"
| #define PACKAGE_VERSION "4.0"
| #define PACKAGE_STRING "s3270 4.0"
| #define PACKAGE_BUGREPORT ""
| #define PACKAGE_URL ""
| #define HAVE_FORKPTY 1
| #define STDC_HEADERS 1
| #define HAVE_SYS_TYPES_H 1
| #define HAVE_SYS_STAT_H 1
| #define HAVE_STDLIB_H 1
| #define HAVE_STRING_H 1
| #define HAVE_MEMORY_H 1
| #define HAVE_STRINGS_H 1
| #define HAVE_INTTYPES_H 1
| #define HAVE_STDINT_H 1
| #define HAVE_UNISTD_H 1
| #define HAVE_SYS_SELECT_H 1
| #define HAVE_PTY_H 1
| #define HAVE_GETOPT_H 1
| #define HAVE_VASPRINTF 1
| /* end confdefs.h.  */
| #include <sys/types.h> /* for off_t */
|      #include <stdio.h>
| int
| main ()
| {
| int (*fp) (FILE *, off_t, int) = fseeko;
|      return fseeko (stdin, 0, 0) && fp (stdin, 0, 0);
|   ;
|   return 0;
| }
configure:3776: gcc -o conftest -g -O2 -D_POSIX_SOURCE  conftest.c -lutil  >&5
configure:3776: $? = 0
configure:3785: result: 1
configure:3807: checking for rl_initialize in -lreadline
configure:3832: gcc -o conftest -g -O2 -D_POSIX_SOURCE  conftest.c -lreadline  -lutil  >&5
/usr/bin/ld: cannot find -lreadline
collect2: error: ld returned 1 exit status
configure:3832: $? = 1
configure: failed program was:
| /* confdefs.h */
| #define PACKAGE_NAME "s3270"
| #define PACKAGE_TARNAME "s3270"
| #define PACKAGE_VERSION "4.0"
| #define PACKAGE_STRING "s3270 4.0"
| #define PACKAGE_BUGREPORT ""
| #define PACKAGE_URL ""
| #define HAVE_FORKPTY 1
| #define STDC_HEADERS 1
| #define HAVE_SYS_TYPES_H 1
| #define HAVE_SYS_STAT_H 1
| #define HAVE_STDLIB_H 1
| #define HAVE_STRING_H 1
| #define HAVE_MEMORY_H 1
| #define HAVE_STRINGS_H 1
| #define HAVE_INTTYPES_H 1
| #define HAVE_STDINT_H 1
| #define HAVE_UNISTD_H 1
| #define HAVE_SYS_SELECT_H 1
| #define HAVE_PTY_H 1
| #define HAVE_GETOPT_H 1
| #define HAVE_VASPRINTF 1
| #define _LARGEFILE_SOURCE 1
| #define HAVE_FSEEKO 1
| /* end confdefs.h.  */
| 
| /* Override any GCC internal prototype to avoid an error.
|    Use char because int might match the return type of a GCC
|    builtin and then its argument prototype would still apply.  */
| #ifdef __cplusplus
| extern "C"
| #endif
| char rl_initialize ();
| int
| main ()
| {
| return rl_initialize ();
|   ;
|   return 0;
| }
configure:3841: result: no
configure:4000: creating ./config.status

## ---------------------- ##
## Running config.status. ##
## ---------------------- ##

This file was extended by s3270 config.status 4.0, which was
generated by GNU Autoconf 2.68.  Invocation command line was

  CONFIG_FILES    = 
  CONFIG_HEADERS  = 
  CONFIG_LINKS    = 
  CONFIG_COMMANDS = 
  $ ./config.status 

on ubuntu

config.status:830: creating Makefile
config.status:830: creating Makefile.obj
config.status:830: creating conf.h
config.status:1005: conf.h is unchanged

## ---------------- ##
## Cache variables. ##
## ---------------- ##

ac_cv_build=x86_64-unknown-linux-gnu
ac_cv_c_compiler_gnu=yes
ac_cv_env_CC_set=
ac_cv_env_CC_value=
ac_cv_env_CFLAGS_set=
ac_cv_env_CFLAGS_value=
ac_cv_env_CPPFLAGS_set=
ac_cv_env_CPPFLAGS_value=
ac_cv_env_CPP_set=
ac_cv_env_CPP_value=
ac_cv_env_LDFLAGS_set=
ac_cv_env_LDFLAGS_value=
ac_cv_env_LIBS_set=
ac_cv_env_LIBS_value=
ac_cv_env_build_alias_set=
ac_cv_env_build_alias_value=
ac_cv_env_host_alias_set=
ac_cv_env_host_alias_value=
ac_cv_env_target_alias_set=
ac_cv_env_target_alias_value=
ac_cv_func_forkpty=yes
ac_cv_func_vasprintf=yes
ac_cv_header_getopt_h=yes
ac_cv_header_inttypes_h=yes
ac_cv_header_libutil_h=no
ac_cv_header_memory_h=yes
ac_cv_header_pty_h=yes
ac_cv_header_readline_history_h=no
ac_cv_header_stdc=yes
ac_cv_header_stdint_h=yes
ac_cv_header_stdlib_h=yes
ac_cv_header_string_h=yes
ac_cv_header_strings_h=yes
ac_cv_header_sys_select_h=yes
ac_cv_header_sys_stat_h=yes
ac_cv_header_sys_types_h=yes
ac_cv_header_unistd_h=yes
ac_cv_header_util_h=no
ac_cv_host=x86_64-unknown-linux-gnu
ac_cv_lib_readline_rl_initialize=no
ac_cv_objext=o
ac_cv_path_EGREP='/usr/bin/grep -E'
ac_cv_path_GREP=/usr/bin/grep
ac_cv_path_install='/usr/bin/install -c'
ac_cv_prog_CPP='gcc -E'
ac_cv_prog_ac_ct_CC=gcc
ac_cv_prog_cc_c89=
ac_cv_prog_cc_g=yes
ac_cv_search_forkpty=-lutil
ac_cv_search_gethostbyname='none required'
ac_cv_search_socket='none required'
ac_cv_sys_largefile_source=1

## ----------------- ##
## Output variables. ##
## ----------------- ##

CC='gcc'
CCOPTIONS=' -Wall -Wsign-compare -std=c99 -pedantic -Wno-variadic-macros -MMD -MP'
CFLAGS='-g -O2'
CPP='gcc -E'
CPPFLAGS='-D_POSIX_SOURCE'
DEFS='-DHAVE_CONFIG_H'
ECHO_C=''
ECHO_N='-n'
ECHO_T=''
EGREP='/usr/bin/grep -E'
EXEEXT=''
GREP='/usr/bin/grep'
INSTALL_DATA='${INSTALL} -m 644'
INSTALL_PROGRAM='${INSTALL}'
INSTALL_SCRIPT='${INSTALL}'
LDFLAGS=''
LIBOBJS=''
LIBS='-lutil '
LIBX3270DIR='${sysconfdir}/x3270'
LTLIBOBJS=''
OBJEXT='o'
PACKAGE_BUGREPORT=''
PACKAGE_NAME='s3270'
PACKAGE_STRING='s3270 4.0'
PACKAGE_TARNAME='s3270'
PACKAGE_URL=''
PACKAGE_VERSION='4.0'
PATH_SEPARATOR=':'
SHELL='/bin/bash'
ac_ct_CC='gcc'
bindir='${exec_prefix}/bin'
build='x86_64-unknown-linux-gnu'
build_alias=''
build_cpu='x86_64'
build_os='linux-gnu'
build_vendor='unknown'
datadir='${datarootdir}'
datarootdir='${prefix}/share'
docdir='${datarootdir}/doc/${PACKAGE_TARNAME}'
dvidir='${docdir}'
exec_prefix='${prefix}'
host='x86_64-unknown-linux-gnu'
host_alias=''
host_cpu='x86_64'
host_os='linux-gnu'
host_vendor='unknown'
htmldir='${docdir}'
includedir='${prefix}/include'
infodir='${datarootdir}/info'
libdir='${exec_prefix}/lib'
libexecdir='${exec_prefix}/libexec'
localedir='${datarootdir}/locale'
localstatedir='${prefix}/var'
mandir='${datarootdir}/man'
oldincludedir='/usr/include'
pdfdir='${docdir}'
prefix='/usr/local'
program_transform_name='s,x,x,'
psdir='${docdir}'
sbindir='${exec_prefix}/sbin'
sharedstatedir='${prefix}/com'
sysconfdir='${prefix}/etc'
target_alias=''

## ----------- ##
## confdefs.h. ##
## ----------- ##

/* confdefs.h */
#define PACKAGE_NAME "s3270"
#define PACKAGE_TARNAME "s3270"
#define PACKAGE_VERSION "4.0"
#define PACKAGE_STRING "s3270 4.0"
#define PACKAGE_BUGREPORT ""
#define PACKAGE_URL ""
#define HAVE_FORKPTY 1
#define STDC_HEADERS 1
#define HAVE_SYS_TYPES_H 1
#define HAVE_SYS_STAT_H 1
#define HAVE_STDLIB_H 1
#define HAVE_STRING_H 1
#define HAVE_MEMORY_H 1
#define HAVE_STRINGS_H 1
#define HAVE_INTTYPES_H 1
#define HAVE_STDINT_H 1
#define HAVE_UNISTD_H 1
#define HAVE_SYS_SELECT_H 1
#define HAVE_PTY_H 1
#define HAVE_GETOPT_H 1
#define HAVE_VASPRINTF 1
#define _LARGEFILE_SOURCE 1
#define HAVE_FSEEKO 1
#define X3270_DBCS 1
#define X3270_LOCAL_PROCESS 1
#define X3270_IPV6 1

configure: exit 0
